[2025-10-21T01:33:08.644+0300] {local_task_job_runner.py:120} INFO - ::group::Pre task execution logs
[2025-10-21T01:33:12.470+0300] {taskinstance.py:2076} INFO - Dependencies all met for dep_context=non-requeueable deps ti=<TaskInstance: stock_etl.extract_task manual__2025-10-20T22:31:28.253460+00:00 [queued]>
[2025-10-21T01:33:14.038+0300] {taskinstance.py:2076} INFO - Dependencies all met for dep_context=requeueable deps ti=<TaskInstance: stock_etl.extract_task manual__2025-10-20T22:31:28.253460+00:00 [queued]>
[2025-10-21T01:33:14.040+0300] {taskinstance.py:2306} INFO - Starting attempt 1 of 4
[2025-10-21T01:33:16.787+0300] {taskinstance.py:2330} INFO - Executing <Task(PythonOperator): extract_task> on 2025-10-20 22:31:28.253460+00:00
[2025-10-21T01:33:16.832+0300] {standard_task_runner.py:90} INFO - Running: ['airflow', 'tasks', 'run', 'stock_etl', 'extract_task', 'manual__2025-10-20T22:31:28.253460+00:00', '--job-id', '122', '--raw', '--subdir', 'DAGS_FOLDER/stock_etl_dag.py', '--cfg-path', '/tmp/tmpzpsd45mj']
[2025-10-21T01:33:16.848+0300] {standard_task_runner.py:91} INFO - Job 122: Subtask extract_task
[2025-10-21T01:33:16.876+0300] {logging_mixin.py:188} WARNING - /home/airflow/.local/lib/python3.12/site-packages/airflow/task/task_runner/standard_task_runner.py:62 DeprecationWarning: This process (pid=238) is multi-threaded, use of fork() may lead to deadlocks in the child.
[2025-10-21T01:33:16.879+0300] {standard_task_runner.py:64} INFO - Started process 252 to run task
[2025-10-21T01:33:25.532+0300] {task_command.py:426} INFO - Running <TaskInstance: stock_etl.extract_task manual__2025-10-20T22:31:28.253460+00:00 [running]> on host d02b2e7b696f
[2025-10-21T01:33:47.663+0300] {taskinstance.py:2648} INFO - Exporting env vars: AIRFLOW_CTX_DAG_OWNER='airflow' AIRFLOW_CTX_DAG_ID='stock_etl' AIRFLOW_CTX_TASK_ID='extract_task' AIRFLOW_CTX_EXECUTION_DATE='2025-10-20T22:31:28.253460+00:00' AIRFLOW_CTX_TRY_NUMBER='1' AIRFLOW_CTX_DAG_RUN_ID='manual__2025-10-20T22:31:28.253460+00:00'
[2025-10-21T01:33:47.668+0300] {taskinstance.py:430} INFO - ::endgroup::
[2025-10-21T01:33:49.426+0300] {logging_mixin.py:188} INFO - Failed to fetch data for NVDA: {"status":"ERROR","request_id":"a0db5db9f17c3fa8670fb41b3781c7ac","error":"Invalid time span. The only supported resolutions are minute|hour|day|week|month|quarter|year"}
[2025-10-21T01:33:50.120+0300] {logging_mixin.py:188} INFO - Failed to fetch data for TSLA: {"status":"ERROR","request_id":"9618448f5b7b23018ecaa6165a91abd2","error":"Invalid time span. The only supported resolutions are minute|hour|day|week|month|quarter|year"}
[2025-10-21T01:33:50.850+0300] {logging_mixin.py:188} INFO - Failed to fetch data for MSFT: {"status":"ERROR","request_id":"1856dec9836b073971cde99fe1ad462b","error":"Invalid time span. The only supported resolutions are minute|hour|day|week|month|quarter|year"}
[2025-10-21T01:33:51.865+0300] {logging_mixin.py:188} INFO - Failed to fetch data for GOOGL: {"status":"ERROR","request_id":"b95cf1e6af23ddf2a8720fe5730a8f00","error":"Invalid time span. The only supported resolutions are minute|hour|day|week|month|quarter|year"}
[2025-10-21T01:33:54.607+0300] {python.py:237} INFO - Done. Returned value was: None
[2025-10-21T01:33:54.609+0300] {taskinstance.py:441} INFO - ::group::Post task execution logs
[2025-10-21T01:33:59.200+0300] {taskinstance.py:1206} INFO - Marking task as SUCCESS. dag_id=stock_etl, task_id=extract_task, run_id=manual__2025-10-20T22:31:28.253460+00:00, execution_date=20251020T223128, start_date=20251020T223312, end_date=20251020T223359
[2025-10-21T01:34:05.956+0300] {local_task_job_runner.py:243} INFO - Task exited with return code 0
[2025-10-21T01:34:09.297+0300] {taskinstance.py:3503} INFO - 1 downstream tasks scheduled from follow-on schedule check
[2025-10-21T01:34:09.545+0300] {local_task_job_runner.py:222} INFO - ::endgroup::
