[2025-10-17T14:44:32.335+0000] {local_task_job_runner.py:120} INFO - ::group::Pre task execution logs
[2025-10-17T14:44:32.624+0000] {taskinstance.py:2076} INFO - Dependencies all met for dep_context=non-requeueable deps ti=<TaskInstance: stock_market_etl.load_task scheduled__2025-10-16T00:00:00+00:00 [queued]>
[2025-10-17T14:44:32.668+0000] {taskinstance.py:2076} INFO - Dependencies all met for dep_context=requeueable deps ti=<TaskInstance: stock_market_etl.load_task scheduled__2025-10-16T00:00:00+00:00 [queued]>
[2025-10-17T14:44:32.669+0000] {taskinstance.py:2306} INFO - Starting attempt 1 of 4
[2025-10-17T14:44:32.752+0000] {taskinstance.py:2330} INFO - Executing <Task(PythonOperator): load_task> on 2025-10-16 00:00:00+00:00
[2025-10-17T14:44:32.791+0000] {standard_task_runner.py:90} INFO - Running: ['***', 'tasks', 'run', 'stock_market_etl', 'load_task', 'scheduled__2025-10-16T00:00:00+00:00', '--job-id', '91', '--raw', '--subdir', 'DAGS_FOLDER/stock_etl_dag.py', '--cfg-path', '/tmp/tmpbgv4pct2']
[2025-10-17T14:44:32.811+0000] {standard_task_runner.py:91} INFO - Job 91: Subtask load_task
[2025-10-17T14:44:32.850+0000] {logging_mixin.py:188} WARNING - /home/***/.local/lib/python3.12/site-packages/***/task/task_runner/standard_task_runner.py:62 DeprecationWarning: This process (pid=178) is multi-threaded, use of fork() may lead to deadlocks in the child.
[2025-10-17T14:44:32.853+0000] {standard_task_runner.py:64} INFO - Started process 180 to run task
[2025-10-17T14:44:33.369+0000] {task_command.py:426} INFO - Running <TaskInstance: stock_market_etl.load_task scheduled__2025-10-16T00:00:00+00:00 [running]> on host 7ed111c059a0
[2025-10-17T14:44:52.693+0000] {taskinstance.py:2648} INFO - Exporting env vars: AIRFLOW_CTX_DAG_OWNER='***' AIRFLOW_CTX_DAG_ID='stock_market_etl' AIRFLOW_CTX_TASK_ID='load_task' AIRFLOW_CTX_EXECUTION_DATE='2025-10-16T00:00:00+00:00' AIRFLOW_CTX_TRY_NUMBER='1' AIRFLOW_CTX_DAG_RUN_ID='scheduled__2025-10-16T00:00:00+00:00'
[2025-10-17T14:44:52.721+0000] {taskinstance.py:430} INFO - ::endgroup::
[2025-10-17T14:44:52.821+0000] {logging_mixin.py:188} WARNING - /opt/***/dags/stock_etl_dag.py:73 FutureWarning: Passing literal json to 'read_json' is deprecated and will be removed in a future version. To read from a literal string, wrap it in a 'StringIO' object.
[2025-10-17T14:44:53.855+0000] {stock_etl_dag.py:80} INFO - Loaded 10 records into stock_dividends table.
[2025-10-17T14:44:53.858+0000] {python.py:237} INFO - Done. Returned value was: None
[2025-10-17T14:44:53.860+0000] {taskinstance.py:441} INFO - ::group::Post task execution logs
[2025-10-17T14:44:53.889+0000] {taskinstance.py:1206} INFO - Marking task as SUCCESS. dag_id=stock_market_etl, task_id=load_task, run_id=scheduled__2025-10-16T00:00:00+00:00, execution_date=20251016T000000, start_date=20251017T144432, end_date=20251017T144453
[2025-10-17T14:44:54.016+0000] {local_task_job_runner.py:243} INFO - Task exited with return code 0
[2025-10-17T14:44:54.050+0000] {taskinstance.py:3503} INFO - 0 downstream tasks scheduled from follow-on schedule check
[2025-10-17T14:44:54.057+0000] {local_task_job_runner.py:222} INFO - ::endgroup::
