[2025-10-21T14:54:29.590+0300] {local_task_job_runner.py:120} INFO - ::group::Pre task execution logs
[2025-10-21T14:54:32.058+0300] {taskinstance.py:2076} INFO - Dependencies all met for dep_context=non-requeueable deps ti=<TaskInstance: stock_etl.extract_task manual__2025-10-21T11:53:22.980852+00:00 [queued]>
[2025-10-21T14:54:33.129+0300] {taskinstance.py:2076} INFO - Dependencies all met for dep_context=requeueable deps ti=<TaskInstance: stock_etl.extract_task manual__2025-10-21T11:53:22.980852+00:00 [queued]>
[2025-10-21T14:54:33.130+0300] {taskinstance.py:2306} INFO - Starting attempt 1 of 4
[2025-10-21T14:54:35.453+0300] {taskinstance.py:2330} INFO - Executing <Task(PythonOperator): extract_task> on 2025-10-21 11:53:22.980852+00:00
[2025-10-21T14:54:35.503+0300] {standard_task_runner.py:90} INFO - Running: ['airflow', 'tasks', 'run', 'stock_etl', 'extract_task', 'manual__2025-10-21T11:53:22.980852+00:00', '--job-id', '156', '--raw', '--subdir', 'DAGS_FOLDER/stock_etl_dag.py', '--cfg-path', '/tmp/tmpp9u69unj']
[2025-10-21T14:54:35.530+0300] {standard_task_runner.py:91} INFO - Job 156: Subtask extract_task
[2025-10-21T14:54:35.552+0300] {logging_mixin.py:188} WARNING - /home/airflow/.local/lib/python3.12/site-packages/airflow/task/task_runner/standard_task_runner.py:62 DeprecationWarning: This process (pid=230) is multi-threaded, use of fork() may lead to deadlocks in the child.
[2025-10-21T14:54:35.554+0300] {standard_task_runner.py:64} INFO - Started process 238 to run task
[2025-10-21T14:54:48.678+0300] {task_command.py:426} INFO - Running <TaskInstance: stock_etl.extract_task manual__2025-10-21T11:53:22.980852+00:00 [running]> on host 18c570c15574
[2025-10-21T14:55:12.182+0300] {taskinstance.py:2648} INFO - Exporting env vars: AIRFLOW_CTX_DAG_OWNER='airflow' AIRFLOW_CTX_DAG_ID='stock_etl' AIRFLOW_CTX_TASK_ID='extract_task' AIRFLOW_CTX_EXECUTION_DATE='2025-10-21T11:53:22.980852+00:00' AIRFLOW_CTX_TRY_NUMBER='1' AIRFLOW_CTX_DAG_RUN_ID='manual__2025-10-21T11:53:22.980852+00:00'
[2025-10-21T14:55:12.185+0300] {taskinstance.py:430} INFO - ::endgroup::
[2025-10-21T14:55:13.230+0300] {logging_mixin.py:188} INFO - ❌ Failed to fetch data for NVDA: {"status":"ERROR","request_id":"4bbf21ae318dc4eb4dfe04130b5393cd","error":"Invalid time span. The only supported resolutions are minute|hour|day|week|month|quarter|year"}
[2025-10-21T14:55:15.544+0300] {logging_mixin.py:188} INFO - ❌ Failed to fetch data for TSLA: {"status":"ERROR","request_id":"4d78d45f3c845702623ebe539c4c45a6","error":"Invalid time span. The only supported resolutions are minute|hour|day|week|month|quarter|year"}
[2025-10-21T14:55:16.239+0300] {logging_mixin.py:188} INFO - ❌ Failed to fetch data for MSFT: {"status":"ERROR","request_id":"9a9553afba925ce4c36f726c08d58d35","error":"Invalid time span. The only supported resolutions are minute|hour|day|week|month|quarter|year"}
[2025-10-21T14:55:16.979+0300] {logging_mixin.py:188} INFO - ❌ Failed to fetch data for GOOGL: {"status":"ERROR","request_id":"9048143043f6ec1a8e4fbe9131920b26","error":"Invalid time span. The only supported resolutions are minute|hour|day|week|month|quarter|year"}
[2025-10-21T14:55:16.980+0300] {logging_mixin.py:188} INFO - Fetched 0 rows from 2025-10-17 00:00:00 to 2025-10-21 11:55:12.216512
[2025-10-21T14:55:19.897+0300] {python.py:237} INFO - Done. Returned value was: None
[2025-10-21T14:55:19.900+0300] {taskinstance.py:441} INFO - ::group::Post task execution logs
[2025-10-21T14:55:39.482+0300] {taskinstance.py:1206} INFO - Marking task as SUCCESS. dag_id=stock_etl, task_id=extract_task, run_id=manual__2025-10-21T11:53:22.980852+00:00, execution_date=20251021T115322, start_date=20251021T115432, end_date=20251021T115539
[2025-10-21T14:55:42.670+0300] {local_task_job_runner.py:243} INFO - Task exited with return code 0
[2025-10-21T14:55:47.391+0300] {taskinstance.py:3503} INFO - 1 downstream tasks scheduled from follow-on schedule check
[2025-10-21T14:55:47.637+0300] {local_task_job_runner.py:222} INFO - ::endgroup::
