[2025-10-14T00:44:29.890+0000] {local_task_job_runner.py:120} INFO - ::group::Pre task execution logs
[2025-10-14T00:44:29.922+0000] {taskinstance.py:2076} INFO - Dependencies all met for dep_context=non-requeueable deps ti=<TaskInstance: stock_market_etl.extract_task scheduled__2025-10-13T00:00:00+00:00 [queued]>
[2025-10-14T00:44:29.930+0000] {taskinstance.py:2076} INFO - Dependencies all met for dep_context=requeueable deps ti=<TaskInstance: stock_market_etl.extract_task scheduled__2025-10-13T00:00:00+00:00 [queued]>
[2025-10-14T00:44:29.930+0000] {taskinstance.py:2306} INFO - Starting attempt 6 of 8
[2025-10-14T00:44:29.979+0000] {taskinstance.py:2330} INFO - Executing <Task(PythonOperator): extract_task> on 2025-10-13 00:00:00+00:00
[2025-10-14T00:44:29.989+0000] {standard_task_runner.py:90} INFO - Running: ['***', 'tasks', 'run', 'stock_market_etl', 'extract_task', 'scheduled__2025-10-13T00:00:00+00:00', '--job-id', '12', '--raw', '--subdir', 'DAGS_FOLDER/stock_etl_dag.py', '--cfg-path', '/tmp/tmpvbzkndnx']
[2025-10-14T00:44:29.994+0000] {standard_task_runner.py:91} INFO - Job 12: Subtask extract_task
[2025-10-14T00:44:30.000+0000] {logging_mixin.py:188} WARNING - /home/***/.local/lib/python3.12/site-packages/***/task/task_runner/standard_task_runner.py:62 DeprecationWarning: This process (pid=567) is multi-threaded, use of fork() may lead to deadlocks in the child.
[2025-10-14T00:44:30.000+0000] {standard_task_runner.py:64} INFO - Started process 569 to run task
[2025-10-14T00:44:30.054+0000] {task_command.py:426} INFO - Running <TaskInstance: stock_market_etl.extract_task scheduled__2025-10-13T00:00:00+00:00 [running]> on host 9d4269c8615b
[2025-10-14T00:44:30.286+0000] {taskinstance.py:2648} INFO - Exporting env vars: AIRFLOW_CTX_DAG_OWNER='***' AIRFLOW_CTX_DAG_ID='stock_market_etl' AIRFLOW_CTX_TASK_ID='extract_task' AIRFLOW_CTX_EXECUTION_DATE='2025-10-13T00:00:00+00:00' AIRFLOW_CTX_TRY_NUMBER='6' AIRFLOW_CTX_DAG_RUN_ID='scheduled__2025-10-13T00:00:00+00:00'
[2025-10-14T00:44:30.288+0000] {taskinstance.py:430} INFO - ::endgroup::
[2025-10-14T00:44:30.304+0000] {taskinstance.py:441} INFO - ::group::Post task execution logs
[2025-10-14T00:44:30.304+0000] {taskinstance.py:2905} ERROR - Task failed with exception
Traceback (most recent call last):
  File "/home/airflow/.local/lib/python3.12/site-packages/airflow/models/taskinstance.py", line 465, in _execute_task
    result = _execute_callable(context=context, **execute_callable_kwargs)
             ^^^^^^^^^^^^^^^^^^^^^^^^^^^^^^^^^^^^^^^^^^^^^^^^^^^^^^^^^^^^^
  File "/home/airflow/.local/lib/python3.12/site-packages/airflow/models/taskinstance.py", line 432, in _execute_callable
    return execute_callable(context=context, **execute_callable_kwargs)
           ^^^^^^^^^^^^^^^^^^^^^^^^^^^^^^^^^^^^^^^^^^^^^^^^^^^^^^^^^^^^
  File "/home/airflow/.local/lib/python3.12/site-packages/airflow/models/baseoperator.py", line 401, in wrapper
    return func(self, *args, **kwargs)
           ^^^^^^^^^^^^^^^^^^^^^^^^^^^
  File "/home/airflow/.local/lib/python3.12/site-packages/airflow/operators/python.py", line 235, in execute
    return_value = self.execute_callable()
                   ^^^^^^^^^^^^^^^^^^^^^^^
  File "/home/airflow/.local/lib/python3.12/site-packages/airflow/operators/python.py", line 252, in execute_callable
    return self.python_callable(*self.op_args, **self.op_kwargs)
           ^^^^^^^^^^^^^^^^^^^^^^^^^^^^^^^^^^^^^^^^^^^^^^^^^^^^^
  File "/opt/airflow/dags/stock_etl_dag.py", line 20, in extract_stock_data
    raise ValueError("API_KEY environment variable is not set")
ValueError: API_KEY environment variable is not set
[2025-10-14T00:44:30.315+0000] {taskinstance.py:1206} INFO - Marking task as UP_FOR_RETRY. dag_id=stock_market_etl, task_id=extract_task, run_id=scheduled__2025-10-13T00:00:00+00:00, execution_date=20251013T000000, start_date=20251014T004429, end_date=20251014T004430
[2025-10-14T00:44:30.390+0000] {standard_task_runner.py:110} ERROR - Failed to execute job 12 for task extract_task (API_KEY environment variable is not set; 569)
[2025-10-14T00:44:30.416+0000] {local_task_job_runner.py:243} INFO - Task exited with return code 1
[2025-10-14T00:44:30.444+0000] {taskinstance.py:3503} INFO - 0 downstream tasks scheduled from follow-on schedule check
[2025-10-14T00:44:30.516+0000] {local_task_job_runner.py:222} INFO - ::endgroup::
