[2025-10-20T18:51:00.577+0300] {local_task_job_runner.py:120} INFO - ::group::Pre task execution logs
[2025-10-20T18:51:03.126+0300] {taskinstance.py:2076} INFO - Dependencies all met for dep_context=non-requeueable deps ti=<TaskInstance: stock_etl.store_task manual__2025-10-20T15:47:08.618523+00:00 [queued]>
[2025-10-20T18:51:04.163+0300] {taskinstance.py:2076} INFO - Dependencies all met for dep_context=requeueable deps ti=<TaskInstance: stock_etl.store_task manual__2025-10-20T15:47:08.618523+00:00 [queued]>
[2025-10-20T18:51:04.164+0300] {taskinstance.py:2306} INFO - Starting attempt 1 of 2
[2025-10-20T18:51:05.608+0300] {taskinstance.py:2330} INFO - Executing <Task(PythonOperator): store_task> on 2025-10-20 15:47:08.618523+00:00
[2025-10-20T18:51:05.647+0300] {standard_task_runner.py:90} INFO - Running: ['airflow', 'tasks', 'run', 'stock_etl', 'store_task', 'manual__2025-10-20T15:47:08.618523+00:00', '--job-id', '74', '--raw', '--subdir', 'DAGS_FOLDER/stock_etl_dag.py', '--cfg-path', '/tmp/tmp_uhh2qoz']
[2025-10-20T18:51:05.681+0300] {standard_task_runner.py:91} INFO - Job 74: Subtask store_task
[2025-10-20T18:51:05.691+0300] {logging_mixin.py:188} WARNING - /home/airflow/.local/lib/python3.12/site-packages/airflow/task/task_runner/standard_task_runner.py:62 DeprecationWarning: This process (pid=657) is multi-threaded, use of fork() may lead to deadlocks in the child.
[2025-10-20T18:51:05.695+0300] {standard_task_runner.py:64} INFO - Started process 661 to run task
[2025-10-20T18:51:15.404+0300] {task_command.py:426} INFO - Running <TaskInstance: stock_etl.store_task manual__2025-10-20T15:47:08.618523+00:00 [running]> on host 35ffa1457b59
[2025-10-20T18:51:40.661+0300] {taskinstance.py:2648} INFO - Exporting env vars: AIRFLOW_CTX_DAG_OWNER='airflow' AIRFLOW_CTX_DAG_ID='stock_etl' AIRFLOW_CTX_TASK_ID='store_task' AIRFLOW_CTX_EXECUTION_DATE='2025-10-20T15:47:08.618523+00:00' AIRFLOW_CTX_TRY_NUMBER='1' AIRFLOW_CTX_DAG_RUN_ID='manual__2025-10-20T15:47:08.618523+00:00'
[2025-10-20T18:51:40.666+0300] {taskinstance.py:430} INFO - ::endgroup::
[2025-10-20T18:51:44.054+0300] {logging_mixin.py:188} WARNING - /opt/airflow/dags/stock_etl_dag.py:95 FutureWarning: Passing literal json to 'read_json' is deprecated and will be removed in a future version. To read from a literal string, wrap it in a 'StringIO' object.
[2025-10-20T18:51:51.925+0300] {stock_etl_dag.py:102} INFO - Loaded 4 records into Aiven PostgreSQL successfully.
[2025-10-20T18:51:51.927+0300] {python.py:237} INFO - Done. Returned value was: None
[2025-10-20T18:51:51.929+0300] {taskinstance.py:441} INFO - ::group::Post task execution logs
[2025-10-20T18:51:54.041+0300] {taskinstance.py:1206} INFO - Marking task as SUCCESS. dag_id=stock_etl, task_id=store_task, run_id=manual__2025-10-20T15:47:08.618523+00:00, execution_date=20251020T154708, start_date=20251020T155103, end_date=20251020T155154
[2025-10-20T18:52:03.611+0300] {local_task_job_runner.py:243} INFO - Task exited with return code 0
[2025-10-20T18:52:05.911+0300] {taskinstance.py:3503} INFO - 0 downstream tasks scheduled from follow-on schedule check
[2025-10-20T18:52:06.159+0300] {local_task_job_runner.py:222} INFO - ::endgroup::
