[2025-10-21T13:30:08.486+0300] {local_task_job_runner.py:120} INFO - ::group::Pre task execution logs
[2025-10-21T13:30:11.964+0300] {taskinstance.py:2076} INFO - Dependencies all met for dep_context=non-requeueable deps ti=<TaskInstance: stock_etl.extract_task manual__2025-10-21T10:29:02.840907+00:00 [queued]>
[2025-10-21T13:30:13.318+0300] {taskinstance.py:2076} INFO - Dependencies all met for dep_context=requeueable deps ti=<TaskInstance: stock_etl.extract_task manual__2025-10-21T10:29:02.840907+00:00 [queued]>
[2025-10-21T13:30:13.320+0300] {taskinstance.py:2306} INFO - Starting attempt 1 of 4
[2025-10-21T13:30:15.030+0300] {taskinstance.py:2330} INFO - Executing <Task(PythonOperator): extract_task> on 2025-10-21 10:29:02.840907+00:00
[2025-10-21T13:30:15.206+0300] {standard_task_runner.py:90} INFO - Running: ['airflow', 'tasks', 'run', 'stock_etl', 'extract_task', 'manual__2025-10-21T10:29:02.840907+00:00', '--job-id', '136', '--raw', '--subdir', 'DAGS_FOLDER/stock_etl_dag.py', '--cfg-path', '/tmp/tmpmy38ullo']
[2025-10-21T13:30:15.221+0300] {standard_task_runner.py:91} INFO - Job 136: Subtask extract_task
[2025-10-21T13:30:15.229+0300] {logging_mixin.py:188} WARNING - /home/airflow/.local/lib/python3.12/site-packages/airflow/task/task_runner/standard_task_runner.py:62 DeprecationWarning: This process (pid=267) is multi-threaded, use of fork() may lead to deadlocks in the child.
[2025-10-21T13:30:15.231+0300] {standard_task_runner.py:64} INFO - Started process 275 to run task
[2025-10-21T13:30:28.861+0300] {task_command.py:426} INFO - Running <TaskInstance: stock_etl.extract_task manual__2025-10-21T10:29:02.840907+00:00 [running]> on host 66b258a88eb1
[2025-10-21T13:30:50.711+0300] {taskinstance.py:2648} INFO - Exporting env vars: AIRFLOW_CTX_DAG_OWNER='airflow' AIRFLOW_CTX_DAG_ID='stock_etl' AIRFLOW_CTX_TASK_ID='extract_task' AIRFLOW_CTX_EXECUTION_DATE='2025-10-21T10:29:02.840907+00:00' AIRFLOW_CTX_TRY_NUMBER='1' AIRFLOW_CTX_DAG_RUN_ID='manual__2025-10-21T10:29:02.840907+00:00'
[2025-10-21T13:30:50.716+0300] {taskinstance.py:430} INFO - ::endgroup::
[2025-10-21T13:30:52.467+0300] {logging_mixin.py:188} INFO - Failed to fetch data for NVDA: {"status":"ERROR","request_id":"ec3339f07de5b23159250f85589f6d59","error":"Invalid time span. The only supported resolutions are minute|hour|day|week|month|quarter|year"}
[2025-10-21T13:30:53.117+0300] {logging_mixin.py:188} INFO - Failed to fetch data for TSLA: {"status":"ERROR","request_id":"cc346560a9f2c39dd6d0cf96504e1914","error":"Invalid time span. The only supported resolutions are minute|hour|day|week|month|quarter|year"}
[2025-10-21T13:30:53.759+0300] {logging_mixin.py:188} INFO - Failed to fetch data for MSFT: {"status":"ERROR","request_id":"a034f8652251681680b8386cc3251520","error":"Invalid time span. The only supported resolutions are minute|hour|day|week|month|quarter|year"}
[2025-10-21T13:30:54.414+0300] {logging_mixin.py:188} INFO - Failed to fetch data for GOOGL: {"status":"ERROR","request_id":"4d4b12154d659fac4726bd404c327a4b","error":"Invalid time span. The only supported resolutions are minute|hour|day|week|month|quarter|year"}
[2025-10-21T13:30:57.540+0300] {python.py:237} INFO - Done. Returned value was: None
[2025-10-21T13:30:57.542+0300] {taskinstance.py:441} INFO - ::group::Post task execution logs
[2025-10-21T13:31:00.720+0300] {taskinstance.py:1206} INFO - Marking task as SUCCESS. dag_id=stock_etl, task_id=extract_task, run_id=manual__2025-10-21T10:29:02.840907+00:00, execution_date=20251021T102902, start_date=20251021T103011, end_date=20251021T103100
[2025-10-21T13:31:06.353+0300] {local_task_job_runner.py:243} INFO - Task exited with return code 0
[2025-10-21T13:31:12.147+0300] {taskinstance.py:3503} INFO - 1 downstream tasks scheduled from follow-on schedule check
[2025-10-21T13:31:12.394+0300] {local_task_job_runner.py:222} INFO - ::endgroup::
