[2025-10-20T12:51:55.516+0000] {local_task_job_runner.py:120} INFO - ::group::Pre task execution logs
[2025-10-20T12:51:57.890+0000] {taskinstance.py:2076} INFO - Dependencies all met for dep_context=non-requeueable deps ti=<TaskInstance: stock_etl.store_stock_data scheduled__2025-10-19T00:00:00+00:00 [queued]>
[2025-10-20T12:51:58.994+0000] {taskinstance.py:2076} INFO - Dependencies all met for dep_context=requeueable deps ti=<TaskInstance: stock_etl.store_stock_data scheduled__2025-10-19T00:00:00+00:00 [queued]>
[2025-10-20T12:51:58.995+0000] {taskinstance.py:2306} INFO - Starting attempt 2 of 2
[2025-10-20T12:52:00.274+0000] {taskinstance.py:2330} INFO - Executing <Task(PythonOperator): store_stock_data> on 2025-10-19 00:00:00+00:00
[2025-10-20T12:52:00.313+0000] {standard_task_runner.py:90} INFO - Running: ['airflow', 'tasks', 'run', 'stock_etl', 'store_stock_data', 'scheduled__2025-10-19T00:00:00+00:00', '--job-id', '27', '--raw', '--subdir', 'DAGS_FOLDER/stock_etl_dag.py', '--cfg-path', '/tmp/tmp52vip4ns']
[2025-10-20T12:52:00.324+0000] {standard_task_runner.py:91} INFO - Job 27: Subtask store_stock_data
[2025-10-20T12:52:00.337+0000] {logging_mixin.py:188} WARNING - /home/airflow/.local/lib/python3.12/site-packages/airflow/task/task_runner/standard_task_runner.py:62 DeprecationWarning: This process (pid=488) is multi-threaded, use of fork() may lead to deadlocks in the child.
[2025-10-20T12:52:00.340+0000] {standard_task_runner.py:64} INFO - Started process 490 to run task
[2025-10-20T12:52:15.207+0000] {task_command.py:426} INFO - Running <TaskInstance: stock_etl.store_stock_data scheduled__2025-10-19T00:00:00+00:00 [running]> on host 7291be9e0ed3
[2025-10-20T12:52:43.291+0000] {taskinstance.py:2648} INFO - Exporting env vars: AIRFLOW_CTX_DAG_OWNER='airflow' AIRFLOW_CTX_DAG_ID='stock_etl' AIRFLOW_CTX_TASK_ID='store_stock_data' AIRFLOW_CTX_EXECUTION_DATE='2025-10-19T00:00:00+00:00' AIRFLOW_CTX_TRY_NUMBER='2' AIRFLOW_CTX_DAG_RUN_ID='scheduled__2025-10-19T00:00:00+00:00'
[2025-10-20T12:52:43.295+0000] {taskinstance.py:430} INFO - ::endgroup::
[2025-10-20T12:52:50.533+0000] {logging_mixin.py:188} WARNING - /opt/airflow/dags/stock_etl_dag.py:84 FutureWarning: Passing literal json to 'read_json' is deprecated and will be removed in a future version. To read from a literal string, wrap it in a 'StringIO' object.
[2025-10-20T12:52:50.558+0000] {taskinstance.py:441} INFO - ::group::Post task execution logs
[2025-10-20T12:52:50.559+0000] {taskinstance.py:2905} ERROR - Task failed with exception
Traceback (most recent call last):
  File "/home/airflow/.local/lib/python3.12/site-packages/airflow/models/taskinstance.py", line 465, in _execute_task
    result = _execute_callable(context=context, **execute_callable_kwargs)
             ^^^^^^^^^^^^^^^^^^^^^^^^^^^^^^^^^^^^^^^^^^^^^^^^^^^^^^^^^^^^^
  File "/home/airflow/.local/lib/python3.12/site-packages/airflow/models/taskinstance.py", line 432, in _execute_callable
    return execute_callable(context=context, **execute_callable_kwargs)
           ^^^^^^^^^^^^^^^^^^^^^^^^^^^^^^^^^^^^^^^^^^^^^^^^^^^^^^^^^^^^
  File "/home/airflow/.local/lib/python3.12/site-packages/airflow/models/baseoperator.py", line 401, in wrapper
    return func(self, *args, **kwargs)
           ^^^^^^^^^^^^^^^^^^^^^^^^^^^
  File "/home/airflow/.local/lib/python3.12/site-packages/airflow/operators/python.py", line 235, in execute
    return_value = self.execute_callable()
                   ^^^^^^^^^^^^^^^^^^^^^^^
  File "/home/airflow/.local/lib/python3.12/site-packages/airflow/operators/python.py", line 252, in execute_callable
    return self.python_callable(*self.op_args, **self.op_kwargs)
           ^^^^^^^^^^^^^^^^^^^^^^^^^^^^^^^^^^^^^^^^^^^^^^^^^^^^^
  File "/opt/airflow/dags/stock_etl_dag.py", line 90, in store_stock_data
    raise ValueError("AIVEN_DB_URL not set in environment variables")
ValueError: AIVEN_DB_URL not set in environment variables
[2025-10-20T12:52:53.081+0000] {taskinstance.py:1206} INFO - Marking task as FAILED. dag_id=stock_etl, task_id=store_stock_data, run_id=scheduled__2025-10-19T00:00:00+00:00, execution_date=20251019T000000, start_date=20251020T125157, end_date=20251020T125253
[2025-10-20T12:52:55.803+0000] {standard_task_runner.py:110} ERROR - Failed to execute job 27 for task store_stock_data (AIVEN_DB_URL not set in environment variables; 490)
[2025-10-20T12:52:55.884+0000] {local_task_job_runner.py:243} INFO - Task exited with return code 1
[2025-10-20T12:53:00.213+0000] {taskinstance.py:3503} INFO - 0 downstream tasks scheduled from follow-on schedule check
[2025-10-20T12:53:01.360+0000] {local_task_job_runner.py:222} INFO - ::endgroup::
