[2025-10-20T12:44:57.220+0000] {local_task_job_runner.py:120} INFO - ::group::Pre task execution logs
[2025-10-20T12:45:01.685+0000] {taskinstance.py:2076} INFO - Dependencies all met for dep_context=non-requeueable deps ti=<TaskInstance: stock_etl.store_stock_data scheduled__2025-10-19T00:00:00+00:00 [queued]>
[2025-10-20T12:45:02.854+0000] {taskinstance.py:2076} INFO - Dependencies all met for dep_context=requeueable deps ti=<TaskInstance: stock_etl.store_stock_data scheduled__2025-10-19T00:00:00+00:00 [queued]>
[2025-10-20T12:45:02.856+0000] {taskinstance.py:2306} INFO - Starting attempt 1 of 2
[2025-10-20T12:45:04.238+0000] {taskinstance.py:2330} INFO - Executing <Task(PythonOperator): store_stock_data> on 2025-10-19 00:00:00+00:00
[2025-10-20T12:45:04.686+0000] {standard_task_runner.py:90} INFO - Running: ['airflow', 'tasks', 'run', 'stock_etl', 'store_stock_data', 'scheduled__2025-10-19T00:00:00+00:00', '--job-id', '26', '--raw', '--subdir', 'DAGS_FOLDER/stock_etl_dag.py', '--cfg-path', '/tmp/tmpwvo2qpk6']
[2025-10-20T12:45:04.693+0000] {standard_task_runner.py:91} INFO - Job 26: Subtask store_stock_data
[2025-10-20T12:45:04.700+0000] {logging_mixin.py:188} WARNING - /home/airflow/.local/lib/python3.12/site-packages/airflow/task/task_runner/standard_task_runner.py:62 DeprecationWarning: This process (pid=437) is multi-threaded, use of fork() may lead to deadlocks in the child.
[2025-10-20T12:45:04.701+0000] {standard_task_runner.py:64} INFO - Started process 445 to run task
[2025-10-20T12:45:16.715+0000] {task_command.py:426} INFO - Running <TaskInstance: stock_etl.store_stock_data scheduled__2025-10-19T00:00:00+00:00 [running]> on host 7291be9e0ed3
[2025-10-20T12:45:49.846+0000] {taskinstance.py:2648} INFO - Exporting env vars: AIRFLOW_CTX_DAG_OWNER='airflow' AIRFLOW_CTX_DAG_ID='stock_etl' AIRFLOW_CTX_TASK_ID='store_stock_data' AIRFLOW_CTX_EXECUTION_DATE='2025-10-19T00:00:00+00:00' AIRFLOW_CTX_TRY_NUMBER='1' AIRFLOW_CTX_DAG_RUN_ID='scheduled__2025-10-19T00:00:00+00:00'
[2025-10-20T12:45:49.849+0000] {taskinstance.py:430} INFO - ::endgroup::
[2025-10-20T12:45:55.866+0000] {logging_mixin.py:188} WARNING - /opt/airflow/dags/stock_etl_dag.py:84 FutureWarning: Passing literal json to 'read_json' is deprecated and will be removed in a future version. To read from a literal string, wrap it in a 'StringIO' object.
[2025-10-20T12:45:56.003+0000] {taskinstance.py:441} INFO - ::group::Post task execution logs
[2025-10-20T12:45:56.004+0000] {taskinstance.py:2905} ERROR - Task failed with exception
Traceback (most recent call last):
  File "/home/airflow/.local/lib/python3.12/site-packages/airflow/models/taskinstance.py", line 465, in _execute_task
    result = _execute_callable(context=context, **execute_callable_kwargs)
             ^^^^^^^^^^^^^^^^^^^^^^^^^^^^^^^^^^^^^^^^^^^^^^^^^^^^^^^^^^^^^
  File "/home/airflow/.local/lib/python3.12/site-packages/airflow/models/taskinstance.py", line 432, in _execute_callable
    return execute_callable(context=context, **execute_callable_kwargs)
           ^^^^^^^^^^^^^^^^^^^^^^^^^^^^^^^^^^^^^^^^^^^^^^^^^^^^^^^^^^^^
  File "/home/airflow/.local/lib/python3.12/site-packages/airflow/models/baseoperator.py", line 401, in wrapper
    return func(self, *args, **kwargs)
           ^^^^^^^^^^^^^^^^^^^^^^^^^^^
  File "/home/airflow/.local/lib/python3.12/site-packages/airflow/operators/python.py", line 235, in execute
    return_value = self.execute_callable()
                   ^^^^^^^^^^^^^^^^^^^^^^^
  File "/home/airflow/.local/lib/python3.12/site-packages/airflow/operators/python.py", line 252, in execute_callable
    return self.python_callable(*self.op_args, **self.op_kwargs)
           ^^^^^^^^^^^^^^^^^^^^^^^^^^^^^^^^^^^^^^^^^^^^^^^^^^^^^
  File "/opt/airflow/dags/stock_etl_dag.py", line 90, in store_stock_data
    raise ValueError("AIVEN_DB_URL not set in environment variables")
ValueError: AIVEN_DB_URL not set in environment variables
[2025-10-20T12:45:59.008+0000] {taskinstance.py:1206} INFO - Marking task as UP_FOR_RETRY. dag_id=stock_etl, task_id=store_stock_data, run_id=scheduled__2025-10-19T00:00:00+00:00, execution_date=20251019T000000, start_date=20251020T124501, end_date=20251020T124559
[2025-10-20T12:46:01.418+0000] {standard_task_runner.py:110} ERROR - Failed to execute job 26 for task store_stock_data (AIVEN_DB_URL not set in environment variables; 445)
[2025-10-20T12:46:04.028+0000] {local_task_job_runner.py:243} INFO - Task exited with return code 1
[2025-10-20T12:46:07.577+0000] {taskinstance.py:3503} INFO - 0 downstream tasks scheduled from follow-on schedule check
[2025-10-20T12:46:07.834+0000] {local_task_job_runner.py:222} INFO - ::endgroup::
