[2025-10-17T14:42:42.203+0000] {processor.py:161} INFO - Started process (PID=159) to work on /opt/airflow/dags/stock_etl_dag.py
[2025-10-17T14:42:42.246+0000] {processor.py:830} INFO - Processing file /opt/airflow/dags/stock_etl_dag.py for tasks to queue
[2025-10-17T14:42:42.310+0000] {logging_mixin.py:188} INFO - [2025-10-17T14:42:42.285+0000] {dagbag.py:545} INFO - Filling up the DagBag from /opt/airflow/dags/stock_etl_dag.py
[2025-10-17T14:43:15.388+0000] {logging_mixin.py:188} INFO - [2025-10-17T14:43:15.346+0000] {timeout.py:68} ERROR - Process timed out, PID: 159
[2025-10-17T14:43:46.978+0000] {processor.py:161} INFO - Started process (PID=171) to work on /opt/airflow/dags/stock_etl_dag.py
[2025-10-17T14:43:46.996+0000] {processor.py:830} INFO - Processing file /opt/airflow/dags/stock_etl_dag.py for tasks to queue
[2025-10-17T14:43:47.000+0000] {logging_mixin.py:188} INFO - [2025-10-17T14:43:46.999+0000] {dagbag.py:545} INFO - Filling up the DagBag from /opt/airflow/dags/stock_etl_dag.py
[2025-10-17T14:43:51.563+0000] {processor.py:840} INFO - DAG(s) 'stock_market_etl' retrieved from /opt/airflow/dags/stock_etl_dag.py
[2025-10-17T14:44:26.811+0000] {logging_mixin.py:188} INFO - [2025-10-17T14:44:26.797+0000] {dag.py:3089} INFO - Sync 1 DAGs
[2025-10-17T14:44:26.969+0000] {logging_mixin.py:188} INFO - [2025-10-17T14:44:26.968+0000] {dag.py:3947} INFO - Setting next_dagrun for stock_market_etl to 2025-10-17 00:00:00+00:00, run_after=2025-10-18 00:00:00+00:00
[2025-10-17T14:44:27.094+0000] {processor.py:183} INFO - Processing /opt/airflow/dags/stock_etl_dag.py took 37.211 seconds
[2025-10-17T14:44:59.505+0000] {processor.py:161} INFO - Started process (PID=181) to work on /opt/airflow/dags/stock_etl_dag.py
[2025-10-17T14:44:59.518+0000] {processor.py:830} INFO - Processing file /opt/airflow/dags/stock_etl_dag.py for tasks to queue
[2025-10-17T14:44:59.570+0000] {logging_mixin.py:188} INFO - [2025-10-17T14:44:59.542+0000] {dagbag.py:545} INFO - Filling up the DagBag from /opt/airflow/dags/stock_etl_dag.py
[2025-10-17T14:45:23.154+0000] {processor.py:840} INFO - DAG(s) 'stock_market_etl' retrieved from /opt/airflow/dags/stock_etl_dag.py
[2025-10-17T14:45:23.797+0000] {logging_mixin.py:188} INFO - [2025-10-17T14:45:23.796+0000] {dag.py:3089} INFO - Sync 1 DAGs
[2025-10-17T14:45:24.189+0000] {logging_mixin.py:188} INFO - [2025-10-17T14:45:24.183+0000] {dag.py:3947} INFO - Setting next_dagrun for stock_market_etl to 2025-10-17 00:00:00+00:00, run_after=2025-10-18 00:00:00+00:00
[2025-10-17T14:45:24.383+0000] {processor.py:183} INFO - Processing /opt/airflow/dags/stock_etl_dag.py took 24.984 seconds
[2025-10-17T14:45:55.795+0000] {processor.py:161} INFO - Started process (PID=187) to work on /opt/airflow/dags/stock_etl_dag.py
[2025-10-17T14:45:55.809+0000] {processor.py:830} INFO - Processing file /opt/airflow/dags/stock_etl_dag.py for tasks to queue
[2025-10-17T14:45:55.843+0000] {logging_mixin.py:188} INFO - [2025-10-17T14:45:55.810+0000] {dagbag.py:545} INFO - Filling up the DagBag from /opt/airflow/dags/stock_etl_dag.py
[2025-10-17T14:45:59.114+0000] {processor.py:840} INFO - DAG(s) 'stock_market_etl' retrieved from /opt/airflow/dags/stock_etl_dag.py
[2025-10-17T14:45:59.253+0000] {logging_mixin.py:188} INFO - [2025-10-17T14:45:59.251+0000] {dag.py:3089} INFO - Sync 1 DAGs
[2025-10-17T14:46:05.067+0000] {logging_mixin.py:188} INFO - [2025-10-17T14:46:05.066+0000] {dag.py:3947} INFO - Setting next_dagrun for stock_market_etl to 2025-10-17 00:00:00+00:00, run_after=2025-10-18 00:00:00+00:00
[2025-10-17T14:46:05.229+0000] {processor.py:183} INFO - Processing /opt/airflow/dags/stock_etl_dag.py took 9.588 seconds
[2025-10-17T14:46:37.166+0000] {processor.py:161} INFO - Started process (PID=193) to work on /opt/airflow/dags/stock_etl_dag.py
[2025-10-17T14:46:37.169+0000] {processor.py:830} INFO - Processing file /opt/airflow/dags/stock_etl_dag.py for tasks to queue
[2025-10-17T14:46:37.174+0000] {logging_mixin.py:188} INFO - [2025-10-17T14:46:37.170+0000] {dagbag.py:545} INFO - Filling up the DagBag from /opt/airflow/dags/stock_etl_dag.py
[2025-10-17T14:46:42.944+0000] {processor.py:840} INFO - DAG(s) 'stock_market_etl' retrieved from /opt/airflow/dags/stock_etl_dag.py
[2025-10-17T14:46:43.394+0000] {logging_mixin.py:188} INFO - [2025-10-17T14:46:43.393+0000] {dag.py:3089} INFO - Sync 1 DAGs
[2025-10-17T14:46:47.130+0000] {logging_mixin.py:188} INFO - [2025-10-17T14:46:47.128+0000] {dag.py:3947} INFO - Setting next_dagrun for stock_market_etl to 2025-10-17 00:00:00+00:00, run_after=2025-10-18 00:00:00+00:00
[2025-10-17T14:46:47.652+0000] {processor.py:183} INFO - Processing /opt/airflow/dags/stock_etl_dag.py took 7.675 seconds
[2025-10-17T14:47:18.961+0000] {processor.py:161} INFO - Started process (PID=199) to work on /opt/airflow/dags/stock_etl_dag.py
[2025-10-17T14:47:18.977+0000] {processor.py:830} INFO - Processing file /opt/airflow/dags/stock_etl_dag.py for tasks to queue
[2025-10-17T14:47:19.007+0000] {logging_mixin.py:188} INFO - [2025-10-17T14:47:18.992+0000] {dagbag.py:545} INFO - Filling up the DagBag from /opt/airflow/dags/stock_etl_dag.py
[2025-10-17T14:47:29.753+0000] {processor.py:840} INFO - DAG(s) 'stock_market_etl' retrieved from /opt/airflow/dags/stock_etl_dag.py
[2025-10-17T14:47:30.143+0000] {logging_mixin.py:188} INFO - [2025-10-17T14:47:30.142+0000] {dag.py:3089} INFO - Sync 1 DAGs
[2025-10-17T14:47:30.466+0000] {logging_mixin.py:188} INFO - [2025-10-17T14:47:30.465+0000] {dag.py:3947} INFO - Setting next_dagrun for stock_market_etl to 2025-10-17 00:00:00+00:00, run_after=2025-10-18 00:00:00+00:00
[2025-10-17T14:47:30.602+0000] {processor.py:183} INFO - Processing /opt/airflow/dags/stock_etl_dag.py took 9.095 seconds
[2025-10-17T14:48:00.937+0000] {processor.py:161} INFO - Started process (PID=205) to work on /opt/airflow/dags/stock_etl_dag.py
[2025-10-17T14:48:00.943+0000] {processor.py:830} INFO - Processing file /opt/airflow/dags/stock_etl_dag.py for tasks to queue
[2025-10-17T14:48:00.952+0000] {logging_mixin.py:188} INFO - [2025-10-17T14:48:00.944+0000] {dagbag.py:545} INFO - Filling up the DagBag from /opt/airflow/dags/stock_etl_dag.py
[2025-10-17T14:48:02.852+0000] {processor.py:840} INFO - DAG(s) 'stock_market_etl' retrieved from /opt/airflow/dags/stock_etl_dag.py
[2025-10-17T14:48:03.031+0000] {logging_mixin.py:188} INFO - [2025-10-17T14:48:03.030+0000] {dag.py:3089} INFO - Sync 1 DAGs
[2025-10-17T14:48:03.135+0000] {logging_mixin.py:188} INFO - [2025-10-17T14:48:03.134+0000] {dag.py:3947} INFO - Setting next_dagrun for stock_market_etl to 2025-10-17 00:00:00+00:00, run_after=2025-10-18 00:00:00+00:00
[2025-10-17T14:48:03.292+0000] {processor.py:183} INFO - Processing /opt/airflow/dags/stock_etl_dag.py took 2.403 seconds
[2025-10-17T14:48:33.890+0000] {processor.py:161} INFO - Started process (PID=211) to work on /opt/airflow/dags/stock_etl_dag.py
[2025-10-17T14:48:33.897+0000] {processor.py:830} INFO - Processing file /opt/airflow/dags/stock_etl_dag.py for tasks to queue
[2025-10-17T14:48:33.900+0000] {logging_mixin.py:188} INFO - [2025-10-17T14:48:33.898+0000] {dagbag.py:545} INFO - Filling up the DagBag from /opt/airflow/dags/stock_etl_dag.py
[2025-10-17T14:48:35.136+0000] {processor.py:840} INFO - DAG(s) 'stock_market_etl' retrieved from /opt/airflow/dags/stock_etl_dag.py
[2025-10-17T14:48:35.228+0000] {logging_mixin.py:188} INFO - [2025-10-17T14:48:35.226+0000] {dag.py:3089} INFO - Sync 1 DAGs
[2025-10-17T14:48:35.340+0000] {logging_mixin.py:188} INFO - [2025-10-17T14:48:35.339+0000] {dag.py:3947} INFO - Setting next_dagrun for stock_market_etl to 2025-10-17 00:00:00+00:00, run_after=2025-10-18 00:00:00+00:00
[2025-10-17T14:48:36.965+0000] {processor.py:183} INFO - Processing /opt/airflow/dags/stock_etl_dag.py took 3.127 seconds
[2025-10-17T14:49:10.128+0000] {processor.py:161} INFO - Started process (PID=217) to work on /opt/airflow/dags/stock_etl_dag.py
[2025-10-17T14:49:10.136+0000] {processor.py:830} INFO - Processing file /opt/airflow/dags/stock_etl_dag.py for tasks to queue
[2025-10-17T14:49:10.149+0000] {logging_mixin.py:188} INFO - [2025-10-17T14:49:10.144+0000] {dagbag.py:545} INFO - Filling up the DagBag from /opt/airflow/dags/stock_etl_dag.py
[2025-10-17T14:49:17.493+0000] {processor.py:840} INFO - DAG(s) 'stock_market_etl' retrieved from /opt/airflow/dags/stock_etl_dag.py
[2025-10-17T14:49:18.025+0000] {logging_mixin.py:188} INFO - [2025-10-17T14:49:18.024+0000] {dag.py:3089} INFO - Sync 1 DAGs
[2025-10-17T14:49:18.498+0000] {logging_mixin.py:188} INFO - [2025-10-17T14:49:18.495+0000] {dag.py:3947} INFO - Setting next_dagrun for stock_market_etl to 2025-10-17 00:00:00+00:00, run_after=2025-10-18 00:00:00+00:00
[2025-10-17T14:49:21.157+0000] {processor.py:183} INFO - Processing /opt/airflow/dags/stock_etl_dag.py took 11.110 seconds
[2025-10-17T14:49:51.551+0000] {processor.py:161} INFO - Started process (PID=223) to work on /opt/airflow/dags/stock_etl_dag.py
[2025-10-17T14:49:51.610+0000] {processor.py:830} INFO - Processing file /opt/airflow/dags/stock_etl_dag.py for tasks to queue
[2025-10-17T14:49:51.630+0000] {logging_mixin.py:188} INFO - [2025-10-17T14:49:51.613+0000] {dagbag.py:545} INFO - Filling up the DagBag from /opt/airflow/dags/stock_etl_dag.py
[2025-10-17T14:49:53.117+0000] {processor.py:840} INFO - DAG(s) 'stock_market_etl' retrieved from /opt/airflow/dags/stock_etl_dag.py
[2025-10-17T14:49:53.450+0000] {logging_mixin.py:188} INFO - [2025-10-17T14:49:53.449+0000] {dag.py:3089} INFO - Sync 1 DAGs
[2025-10-17T14:49:53.658+0000] {logging_mixin.py:188} INFO - [2025-10-17T14:49:53.657+0000] {dag.py:3947} INFO - Setting next_dagrun for stock_market_etl to 2025-10-17 00:00:00+00:00, run_after=2025-10-18 00:00:00+00:00
[2025-10-17T14:49:53.792+0000] {processor.py:183} INFO - Processing /opt/airflow/dags/stock_etl_dag.py took 2.308 seconds
[2025-10-17T14:50:24.384+0000] {processor.py:161} INFO - Started process (PID=229) to work on /opt/airflow/dags/stock_etl_dag.py
[2025-10-17T14:50:24.388+0000] {processor.py:830} INFO - Processing file /opt/airflow/dags/stock_etl_dag.py for tasks to queue
[2025-10-17T14:50:24.392+0000] {logging_mixin.py:188} INFO - [2025-10-17T14:50:24.390+0000] {dagbag.py:545} INFO - Filling up the DagBag from /opt/airflow/dags/stock_etl_dag.py
[2025-10-17T14:50:26.056+0000] {processor.py:840} INFO - DAG(s) 'stock_market_etl' retrieved from /opt/airflow/dags/stock_etl_dag.py
[2025-10-17T14:50:26.332+0000] {logging_mixin.py:188} INFO - [2025-10-17T14:50:26.331+0000] {dag.py:3089} INFO - Sync 1 DAGs
[2025-10-17T14:50:26.454+0000] {logging_mixin.py:188} INFO - [2025-10-17T14:50:26.453+0000] {dag.py:3947} INFO - Setting next_dagrun for stock_market_etl to 2025-10-17 00:00:00+00:00, run_after=2025-10-18 00:00:00+00:00
[2025-10-17T14:50:26.856+0000] {processor.py:183} INFO - Processing /opt/airflow/dags/stock_etl_dag.py took 2.535 seconds
[2025-10-17T14:50:57.482+0000] {processor.py:161} INFO - Started process (PID=235) to work on /opt/airflow/dags/stock_etl_dag.py
[2025-10-17T14:50:57.486+0000] {processor.py:830} INFO - Processing file /opt/airflow/dags/stock_etl_dag.py for tasks to queue
[2025-10-17T14:50:57.492+0000] {logging_mixin.py:188} INFO - [2025-10-17T14:50:57.488+0000] {dagbag.py:545} INFO - Filling up the DagBag from /opt/airflow/dags/stock_etl_dag.py
[2025-10-17T14:50:58.954+0000] {processor.py:840} INFO - DAG(s) 'stock_market_etl' retrieved from /opt/airflow/dags/stock_etl_dag.py
[2025-10-17T14:50:59.070+0000] {logging_mixin.py:188} INFO - [2025-10-17T14:50:59.069+0000] {dag.py:3089} INFO - Sync 1 DAGs
[2025-10-17T14:50:59.144+0000] {logging_mixin.py:188} INFO - [2025-10-17T14:50:59.143+0000] {dag.py:3947} INFO - Setting next_dagrun for stock_market_etl to 2025-10-17 00:00:00+00:00, run_after=2025-10-18 00:00:00+00:00
[2025-10-17T14:50:59.242+0000] {processor.py:183} INFO - Processing /opt/airflow/dags/stock_etl_dag.py took 1.789 seconds
[2025-10-17T14:51:07.400+0000] {processor.py:161} INFO - Started process (PID=241) to work on /opt/airflow/dags/stock_etl_dag.py
[2025-10-17T14:51:07.402+0000] {processor.py:830} INFO - Processing file /opt/airflow/dags/stock_etl_dag.py for tasks to queue
[2025-10-17T14:51:07.405+0000] {logging_mixin.py:188} INFO - [2025-10-17T14:51:07.403+0000] {dagbag.py:545} INFO - Filling up the DagBag from /opt/airflow/dags/stock_etl_dag.py
[2025-10-17T14:51:08.474+0000] {processor.py:840} INFO - DAG(s) 'polygon_ticker_etl' retrieved from /opt/airflow/dags/stock_etl_dag.py
[2025-10-17T14:51:23.910+0000] {logging_mixin.py:188} INFO - [2025-10-17T14:51:23.907+0000] {override.py:1858} INFO - Created Permission View: can delete on DAG:polygon_ticker_etl
[2025-10-17T14:51:23.956+0000] {logging_mixin.py:188} INFO - [2025-10-17T14:51:23.953+0000] {override.py:1858} INFO - Created Permission View: can read on DAG:polygon_ticker_etl
[2025-10-17T14:51:23.984+0000] {logging_mixin.py:188} INFO - [2025-10-17T14:51:23.983+0000] {override.py:1858} INFO - Created Permission View: can edit on DAG:polygon_ticker_etl
[2025-10-17T14:51:23.986+0000] {logging_mixin.py:188} INFO - [2025-10-17T14:51:23.985+0000] {dag.py:3089} INFO - Sync 1 DAGs
[2025-10-17T14:51:24.021+0000] {logging_mixin.py:188} INFO - [2025-10-17T14:51:24.020+0000] {dag.py:3111} INFO - Creating ORM DAG for polygon_ticker_etl
[2025-10-17T14:51:24.056+0000] {logging_mixin.py:188} INFO - [2025-10-17T14:51:24.056+0000] {dag.py:3947} INFO - Setting next_dagrun for polygon_ticker_etl to 2025-10-16 00:00:00+00:00, run_after=2025-10-17 00:00:00+00:00
[2025-10-17T14:51:24.191+0000] {processor.py:183} INFO - Processing /opt/airflow/dags/stock_etl_dag.py took 16.807 seconds
[2025-10-17T14:51:55.252+0000] {processor.py:161} INFO - Started process (PID=256) to work on /opt/airflow/dags/stock_etl_dag.py
[2025-10-17T14:51:55.261+0000] {processor.py:830} INFO - Processing file /opt/airflow/dags/stock_etl_dag.py for tasks to queue
[2025-10-17T14:51:55.273+0000] {logging_mixin.py:188} INFO - [2025-10-17T14:51:55.266+0000] {dagbag.py:545} INFO - Filling up the DagBag from /opt/airflow/dags/stock_etl_dag.py
[2025-10-17T14:51:57.188+0000] {processor.py:840} INFO - DAG(s) 'polygon_ticker_etl' retrieved from /opt/airflow/dags/stock_etl_dag.py
[2025-10-17T14:51:57.348+0000] {logging_mixin.py:188} INFO - [2025-10-17T14:51:57.347+0000] {dag.py:3089} INFO - Sync 1 DAGs
[2025-10-17T14:51:58.511+0000] {logging_mixin.py:188} INFO - [2025-10-17T14:51:58.511+0000] {dag.py:3947} INFO - Setting next_dagrun for polygon_ticker_etl to 2025-10-17 00:00:00+00:00, run_after=2025-10-18 00:00:00+00:00
[2025-10-17T14:51:58.623+0000] {processor.py:183} INFO - Processing /opt/airflow/dags/stock_etl_dag.py took 3.522 seconds
[2025-10-17T14:52:29.406+0000] {processor.py:161} INFO - Started process (PID=262) to work on /opt/airflow/dags/stock_etl_dag.py
[2025-10-17T14:52:29.411+0000] {processor.py:830} INFO - Processing file /opt/airflow/dags/stock_etl_dag.py for tasks to queue
[2025-10-17T14:52:29.416+0000] {logging_mixin.py:188} INFO - [2025-10-17T14:52:29.414+0000] {dagbag.py:545} INFO - Filling up the DagBag from /opt/airflow/dags/stock_etl_dag.py
[2025-10-17T14:52:30.619+0000] {processor.py:840} INFO - DAG(s) 'polygon_ticker_etl' retrieved from /opt/airflow/dags/stock_etl_dag.py
[2025-10-17T14:52:30.698+0000] {logging_mixin.py:188} INFO - [2025-10-17T14:52:30.697+0000] {dag.py:3089} INFO - Sync 1 DAGs
[2025-10-17T14:52:30.774+0000] {logging_mixin.py:188} INFO - [2025-10-17T14:52:30.774+0000] {dag.py:3947} INFO - Setting next_dagrun for polygon_ticker_etl to 2025-10-17 00:00:00+00:00, run_after=2025-10-18 00:00:00+00:00
[2025-10-17T14:52:30.834+0000] {processor.py:183} INFO - Processing /opt/airflow/dags/stock_etl_dag.py took 1.466 seconds
[2025-10-17T14:53:01.178+0000] {processor.py:161} INFO - Started process (PID=268) to work on /opt/airflow/dags/stock_etl_dag.py
[2025-10-17T14:53:01.181+0000] {processor.py:830} INFO - Processing file /opt/airflow/dags/stock_etl_dag.py for tasks to queue
[2025-10-17T14:53:01.184+0000] {logging_mixin.py:188} INFO - [2025-10-17T14:53:01.183+0000] {dagbag.py:545} INFO - Filling up the DagBag from /opt/airflow/dags/stock_etl_dag.py
[2025-10-17T14:53:01.829+0000] {processor.py:840} INFO - DAG(s) 'polygon_ticker_etl' retrieved from /opt/airflow/dags/stock_etl_dag.py
[2025-10-17T14:53:01.895+0000] {logging_mixin.py:188} INFO - [2025-10-17T14:53:01.894+0000] {dag.py:3089} INFO - Sync 1 DAGs
[2025-10-17T14:53:01.935+0000] {logging_mixin.py:188} INFO - [2025-10-17T14:53:01.935+0000] {dag.py:3947} INFO - Setting next_dagrun for polygon_ticker_etl to 2025-10-17 00:00:00+00:00, run_after=2025-10-18 00:00:00+00:00
[2025-10-17T14:53:02.035+0000] {processor.py:183} INFO - Processing /opt/airflow/dags/stock_etl_dag.py took 0.877 seconds
[2025-10-17T14:53:32.475+0000] {processor.py:161} INFO - Started process (PID=274) to work on /opt/airflow/dags/stock_etl_dag.py
[2025-10-17T14:53:32.477+0000] {processor.py:830} INFO - Processing file /opt/airflow/dags/stock_etl_dag.py for tasks to queue
[2025-10-17T14:53:32.480+0000] {logging_mixin.py:188} INFO - [2025-10-17T14:53:32.479+0000] {dagbag.py:545} INFO - Filling up the DagBag from /opt/airflow/dags/stock_etl_dag.py
[2025-10-17T14:53:33.497+0000] {processor.py:840} INFO - DAG(s) 'polygon_ticker_etl' retrieved from /opt/airflow/dags/stock_etl_dag.py
[2025-10-17T14:53:33.599+0000] {logging_mixin.py:188} INFO - [2025-10-17T14:53:33.598+0000] {dag.py:3089} INFO - Sync 1 DAGs
[2025-10-17T14:53:33.678+0000] {logging_mixin.py:188} INFO - [2025-10-17T14:53:33.677+0000] {dag.py:3947} INFO - Setting next_dagrun for polygon_ticker_etl to 2025-10-17 00:00:00+00:00, run_after=2025-10-18 00:00:00+00:00
[2025-10-17T14:53:33.766+0000] {processor.py:183} INFO - Processing /opt/airflow/dags/stock_etl_dag.py took 1.317 seconds
[2025-10-17T14:54:08.333+0000] {processor.py:161} INFO - Started process (PID=280) to work on /opt/airflow/dags/stock_etl_dag.py
[2025-10-17T14:54:08.338+0000] {processor.py:830} INFO - Processing file /opt/airflow/dags/stock_etl_dag.py for tasks to queue
[2025-10-17T14:54:08.343+0000] {logging_mixin.py:188} INFO - [2025-10-17T14:54:08.340+0000] {dagbag.py:545} INFO - Filling up the DagBag from /opt/airflow/dags/stock_etl_dag.py
[2025-10-17T14:54:09.586+0000] {processor.py:840} INFO - DAG(s) 'polygon_ticker_etl' retrieved from /opt/airflow/dags/stock_etl_dag.py
[2025-10-17T14:54:09.673+0000] {logging_mixin.py:188} INFO - [2025-10-17T14:54:09.672+0000] {dag.py:3089} INFO - Sync 1 DAGs
[2025-10-17T14:54:10.252+0000] {logging_mixin.py:188} INFO - [2025-10-17T14:54:10.251+0000] {dag.py:3947} INFO - Setting next_dagrun for polygon_ticker_etl to 2025-10-17 00:00:00+00:00, run_after=2025-10-18 00:00:00+00:00
[2025-10-17T14:54:10.383+0000] {processor.py:183} INFO - Processing /opt/airflow/dags/stock_etl_dag.py took 2.096 seconds
[2025-10-17T14:54:43.725+0000] {processor.py:161} INFO - Started process (PID=286) to work on /opt/airflow/dags/stock_etl_dag.py
[2025-10-17T14:54:43.728+0000] {processor.py:830} INFO - Processing file /opt/airflow/dags/stock_etl_dag.py for tasks to queue
[2025-10-17T14:54:43.731+0000] {logging_mixin.py:188} INFO - [2025-10-17T14:54:43.729+0000] {dagbag.py:545} INFO - Filling up the DagBag from /opt/airflow/dags/stock_etl_dag.py
[2025-10-17T14:54:44.436+0000] {processor.py:840} INFO - DAG(s) 'polygon_ticker_etl' retrieved from /opt/airflow/dags/stock_etl_dag.py
[2025-10-17T14:54:44.931+0000] {logging_mixin.py:188} INFO - [2025-10-17T14:54:44.930+0000] {dag.py:3089} INFO - Sync 1 DAGs
[2025-10-17T14:54:44.990+0000] {logging_mixin.py:188} INFO - [2025-10-17T14:54:44.990+0000] {dag.py:3947} INFO - Setting next_dagrun for polygon_ticker_etl to 2025-10-17 00:00:00+00:00, run_after=2025-10-18 00:00:00+00:00
[2025-10-17T14:54:45.053+0000] {processor.py:183} INFO - Processing /opt/airflow/dags/stock_etl_dag.py took 1.365 seconds
[2025-10-17T14:55:15.812+0000] {processor.py:161} INFO - Started process (PID=292) to work on /opt/airflow/dags/stock_etl_dag.py
[2025-10-17T14:55:15.930+0000] {processor.py:830} INFO - Processing file /opt/airflow/dags/stock_etl_dag.py for tasks to queue
[2025-10-17T14:55:15.933+0000] {logging_mixin.py:188} INFO - [2025-10-17T14:55:15.932+0000] {dagbag.py:545} INFO - Filling up the DagBag from /opt/airflow/dags/stock_etl_dag.py
[2025-10-17T14:55:19.787+0000] {processor.py:840} INFO - DAG(s) 'polygon_ticker_etl' retrieved from /opt/airflow/dags/stock_etl_dag.py
[2025-10-17T14:55:19.952+0000] {logging_mixin.py:188} INFO - [2025-10-17T14:55:19.951+0000] {dag.py:3089} INFO - Sync 1 DAGs
[2025-10-17T14:55:20.024+0000] {logging_mixin.py:188} INFO - [2025-10-17T14:55:20.024+0000] {dag.py:3947} INFO - Setting next_dagrun for polygon_ticker_etl to 2025-10-17 00:00:00+00:00, run_after=2025-10-18 00:00:00+00:00
[2025-10-17T14:55:20.106+0000] {processor.py:183} INFO - Processing /opt/airflow/dags/stock_etl_dag.py took 1.480 seconds
[2025-10-17T14:55:50.995+0000] {processor.py:161} INFO - Started process (PID=298) to work on /opt/airflow/dags/stock_etl_dag.py
[2025-10-17T14:55:51.002+0000] {processor.py:830} INFO - Processing file /opt/airflow/dags/stock_etl_dag.py for tasks to queue
[2025-10-17T14:55:51.018+0000] {logging_mixin.py:188} INFO - [2025-10-17T14:55:51.012+0000] {dagbag.py:545} INFO - Filling up the DagBag from /opt/airflow/dags/stock_etl_dag.py
[2025-10-17T14:55:57.100+0000] {processor.py:840} INFO - DAG(s) 'polygon_ticker_etl' retrieved from /opt/airflow/dags/stock_etl_dag.py
[2025-10-17T14:55:57.531+0000] {logging_mixin.py:188} INFO - [2025-10-17T14:55:57.528+0000] {dag.py:3089} INFO - Sync 1 DAGs
[2025-10-17T14:55:57.952+0000] {logging_mixin.py:188} INFO - [2025-10-17T14:55:57.951+0000] {dag.py:3947} INFO - Setting next_dagrun for polygon_ticker_etl to 2025-10-17 00:00:00+00:00, run_after=2025-10-18 00:00:00+00:00
[2025-10-17T14:55:58.103+0000] {processor.py:183} INFO - Processing /opt/airflow/dags/stock_etl_dag.py took 4.168 seconds
[2025-10-17T14:56:30.407+0000] {processor.py:161} INFO - Started process (PID=304) to work on /opt/airflow/dags/stock_etl_dag.py
[2025-10-17T14:56:30.410+0000] {processor.py:830} INFO - Processing file /opt/airflow/dags/stock_etl_dag.py for tasks to queue
[2025-10-17T14:56:30.412+0000] {logging_mixin.py:188} INFO - [2025-10-17T14:56:30.411+0000] {dagbag.py:545} INFO - Filling up the DagBag from /opt/airflow/dags/stock_etl_dag.py
[2025-10-17T14:56:31.291+0000] {processor.py:840} INFO - DAG(s) 'polygon_ticker_etl' retrieved from /opt/airflow/dags/stock_etl_dag.py
[2025-10-17T14:56:31.388+0000] {logging_mixin.py:188} INFO - [2025-10-17T14:56:31.387+0000] {dag.py:3089} INFO - Sync 1 DAGs
[2025-10-17T14:56:34.270+0000] {logging_mixin.py:188} INFO - [2025-10-17T14:56:34.269+0000] {dag.py:3947} INFO - Setting next_dagrun for polygon_ticker_etl to 2025-10-17 00:00:00+00:00, run_after=2025-10-18 00:00:00+00:00
[2025-10-17T14:56:34.323+0000] {processor.py:183} INFO - Processing /opt/airflow/dags/stock_etl_dag.py took 3.938 seconds
[2025-10-17T14:57:06.066+0000] {processor.py:161} INFO - Started process (PID=310) to work on /opt/airflow/dags/stock_etl_dag.py
[2025-10-17T14:57:06.070+0000] {processor.py:830} INFO - Processing file /opt/airflow/dags/stock_etl_dag.py for tasks to queue
[2025-10-17T14:57:06.078+0000] {logging_mixin.py:188} INFO - [2025-10-17T14:57:06.077+0000] {dagbag.py:545} INFO - Filling up the DagBag from /opt/airflow/dags/stock_etl_dag.py
[2025-10-17T14:57:09.243+0000] {processor.py:840} INFO - DAG(s) 'polygon_ticker_etl' retrieved from /opt/airflow/dags/stock_etl_dag.py
[2025-10-17T14:57:09.916+0000] {logging_mixin.py:188} INFO - [2025-10-17T14:57:09.915+0000] {dag.py:3089} INFO - Sync 1 DAGs
[2025-10-17T14:57:10.035+0000] {logging_mixin.py:188} INFO - [2025-10-17T14:57:10.035+0000] {dag.py:3947} INFO - Setting next_dagrun for polygon_ticker_etl to 2025-10-17 00:00:00+00:00, run_after=2025-10-18 00:00:00+00:00
[2025-10-17T14:57:10.129+0000] {processor.py:183} INFO - Processing /opt/airflow/dags/stock_etl_dag.py took 4.124 seconds
[2025-10-17T14:57:41.367+0000] {processor.py:161} INFO - Started process (PID=316) to work on /opt/airflow/dags/stock_etl_dag.py
[2025-10-17T14:57:41.370+0000] {processor.py:830} INFO - Processing file /opt/airflow/dags/stock_etl_dag.py for tasks to queue
[2025-10-17T14:57:41.372+0000] {logging_mixin.py:188} INFO - [2025-10-17T14:57:41.371+0000] {dagbag.py:545} INFO - Filling up the DagBag from /opt/airflow/dags/stock_etl_dag.py
[2025-10-17T14:57:42.113+0000] {processor.py:840} INFO - DAG(s) 'polygon_ticker_etl' retrieved from /opt/airflow/dags/stock_etl_dag.py
[2025-10-17T14:57:42.194+0000] {logging_mixin.py:188} INFO - [2025-10-17T14:57:42.194+0000] {dag.py:3089} INFO - Sync 1 DAGs
[2025-10-17T14:57:42.263+0000] {logging_mixin.py:188} INFO - [2025-10-17T14:57:42.263+0000] {dag.py:3947} INFO - Setting next_dagrun for polygon_ticker_etl to 2025-10-17 00:00:00+00:00, run_after=2025-10-18 00:00:00+00:00
[2025-10-17T14:57:42.304+0000] {processor.py:183} INFO - Processing /opt/airflow/dags/stock_etl_dag.py took 0.952 seconds
[2025-10-17T14:58:15.927+0000] {processor.py:161} INFO - Started process (PID=322) to work on /opt/airflow/dags/stock_etl_dag.py
[2025-10-17T14:58:16.039+0000] {processor.py:830} INFO - Processing file /opt/airflow/dags/stock_etl_dag.py for tasks to queue
[2025-10-17T14:58:16.043+0000] {logging_mixin.py:188} INFO - [2025-10-17T14:58:16.041+0000] {dagbag.py:545} INFO - Filling up the DagBag from /opt/airflow/dags/stock_etl_dag.py
[2025-10-17T14:58:17.904+0000] {processor.py:840} INFO - DAG(s) 'polygon_ticker_etl' retrieved from /opt/airflow/dags/stock_etl_dag.py
[2025-10-17T14:58:17.999+0000] {logging_mixin.py:188} INFO - [2025-10-17T14:58:17.998+0000] {dag.py:3089} INFO - Sync 1 DAGs
[2025-10-17T14:58:18.120+0000] {logging_mixin.py:188} INFO - [2025-10-17T14:58:18.120+0000] {dag.py:3947} INFO - Setting next_dagrun for polygon_ticker_etl to 2025-10-17 00:00:00+00:00, run_after=2025-10-18 00:00:00+00:00
[2025-10-17T14:58:19.062+0000] {processor.py:183} INFO - Processing /opt/airflow/dags/stock_etl_dag.py took 3.393 seconds
[2025-10-17T14:58:51.384+0000] {processor.py:161} INFO - Started process (PID=328) to work on /opt/airflow/dags/stock_etl_dag.py
[2025-10-17T14:58:51.388+0000] {processor.py:830} INFO - Processing file /opt/airflow/dags/stock_etl_dag.py for tasks to queue
[2025-10-17T14:58:51.391+0000] {logging_mixin.py:188} INFO - [2025-10-17T14:58:51.390+0000] {dagbag.py:545} INFO - Filling up the DagBag from /opt/airflow/dags/stock_etl_dag.py
[2025-10-17T14:58:52.467+0000] {processor.py:840} INFO - DAG(s) 'polygon_ticker_etl' retrieved from /opt/airflow/dags/stock_etl_dag.py
[2025-10-17T14:58:52.544+0000] {logging_mixin.py:188} INFO - [2025-10-17T14:58:52.542+0000] {dag.py:3089} INFO - Sync 1 DAGs
[2025-10-17T14:58:53.090+0000] {logging_mixin.py:188} INFO - [2025-10-17T14:58:53.089+0000] {dag.py:3947} INFO - Setting next_dagrun for polygon_ticker_etl to 2025-10-17 00:00:00+00:00, run_after=2025-10-18 00:00:00+00:00
[2025-10-17T14:58:53.175+0000] {processor.py:183} INFO - Processing /opt/airflow/dags/stock_etl_dag.py took 1.824 seconds
[2025-10-17T14:59:26.922+0000] {processor.py:161} INFO - Started process (PID=334) to work on /opt/airflow/dags/stock_etl_dag.py
[2025-10-17T14:59:26.933+0000] {processor.py:830} INFO - Processing file /opt/airflow/dags/stock_etl_dag.py for tasks to queue
[2025-10-17T14:59:26.949+0000] {logging_mixin.py:188} INFO - [2025-10-17T14:59:26.943+0000] {dagbag.py:545} INFO - Filling up the DagBag from /opt/airflow/dags/stock_etl_dag.py
[2025-10-17T14:59:30.616+0000] {processor.py:840} INFO - DAG(s) 'polygon_ticker_etl' retrieved from /opt/airflow/dags/stock_etl_dag.py
[2025-10-17T14:59:30.805+0000] {logging_mixin.py:188} INFO - [2025-10-17T14:59:30.804+0000] {dag.py:3089} INFO - Sync 1 DAGs
[2025-10-17T14:59:34.714+0000] {logging_mixin.py:188} INFO - [2025-10-17T14:59:34.714+0000] {dag.py:3947} INFO - Setting next_dagrun for polygon_ticker_etl to 2025-10-17 00:00:00+00:00, run_after=2025-10-18 00:00:00+00:00
[2025-10-17T14:59:34.822+0000] {processor.py:183} INFO - Processing /opt/airflow/dags/stock_etl_dag.py took 8.134 seconds
[2025-10-17T15:00:05.319+0000] {processor.py:161} INFO - Started process (PID=340) to work on /opt/airflow/dags/stock_etl_dag.py
[2025-10-17T15:00:05.326+0000] {processor.py:830} INFO - Processing file /opt/airflow/dags/stock_etl_dag.py for tasks to queue
[2025-10-17T15:00:05.332+0000] {logging_mixin.py:188} INFO - [2025-10-17T15:00:05.331+0000] {dagbag.py:545} INFO - Filling up the DagBag from /opt/airflow/dags/stock_etl_dag.py
[2025-10-17T15:00:07.019+0000] {processor.py:840} INFO - DAG(s) 'polygon_ticker_etl' retrieved from /opt/airflow/dags/stock_etl_dag.py
[2025-10-17T15:00:07.190+0000] {logging_mixin.py:188} INFO - [2025-10-17T15:00:07.187+0000] {dag.py:3089} INFO - Sync 1 DAGs
[2025-10-17T15:00:07.311+0000] {logging_mixin.py:188} INFO - [2025-10-17T15:00:07.310+0000] {dag.py:3947} INFO - Setting next_dagrun for polygon_ticker_etl to 2025-10-17 00:00:00+00:00, run_after=2025-10-18 00:00:00+00:00
[2025-10-17T15:00:07.380+0000] {processor.py:183} INFO - Processing /opt/airflow/dags/stock_etl_dag.py took 2.092 seconds
[2025-10-17T15:00:37.982+0000] {processor.py:161} INFO - Started process (PID=346) to work on /opt/airflow/dags/stock_etl_dag.py
[2025-10-17T15:00:37.984+0000] {processor.py:830} INFO - Processing file /opt/airflow/dags/stock_etl_dag.py for tasks to queue
[2025-10-17T15:00:37.988+0000] {logging_mixin.py:188} INFO - [2025-10-17T15:00:37.987+0000] {dagbag.py:545} INFO - Filling up the DagBag from /opt/airflow/dags/stock_etl_dag.py
[2025-10-17T15:00:38.996+0000] {processor.py:840} INFO - DAG(s) 'polygon_ticker_etl' retrieved from /opt/airflow/dags/stock_etl_dag.py
[2025-10-17T15:00:39.069+0000] {logging_mixin.py:188} INFO - [2025-10-17T15:00:39.068+0000] {dag.py:3089} INFO - Sync 1 DAGs
[2025-10-17T15:00:39.146+0000] {logging_mixin.py:188} INFO - [2025-10-17T15:00:39.145+0000] {dag.py:3947} INFO - Setting next_dagrun for polygon_ticker_etl to 2025-10-17 00:00:00+00:00, run_after=2025-10-18 00:00:00+00:00
[2025-10-17T15:00:39.209+0000] {processor.py:183} INFO - Processing /opt/airflow/dags/stock_etl_dag.py took 1.245 seconds
[2025-10-17T15:01:09.471+0000] {processor.py:161} INFO - Started process (PID=352) to work on /opt/airflow/dags/stock_etl_dag.py
[2025-10-17T15:01:09.479+0000] {processor.py:830} INFO - Processing file /opt/airflow/dags/stock_etl_dag.py for tasks to queue
[2025-10-17T15:01:09.483+0000] {logging_mixin.py:188} INFO - [2025-10-17T15:01:09.482+0000] {dagbag.py:545} INFO - Filling up the DagBag from /opt/airflow/dags/stock_etl_dag.py
[2025-10-17T15:01:10.448+0000] {processor.py:840} INFO - DAG(s) 'polygon_ticker_etl' retrieved from /opt/airflow/dags/stock_etl_dag.py
[2025-10-17T15:01:10.554+0000] {logging_mixin.py:188} INFO - [2025-10-17T15:01:10.553+0000] {dag.py:3089} INFO - Sync 1 DAGs
[2025-10-17T15:01:10.630+0000] {logging_mixin.py:188} INFO - [2025-10-17T15:01:10.629+0000] {dag.py:3947} INFO - Setting next_dagrun for polygon_ticker_etl to 2025-10-17 00:00:00+00:00, run_after=2025-10-18 00:00:00+00:00
[2025-10-17T15:01:10.676+0000] {processor.py:183} INFO - Processing /opt/airflow/dags/stock_etl_dag.py took 1.228 seconds
[2025-10-17T15:01:41.301+0000] {processor.py:161} INFO - Started process (PID=358) to work on /opt/airflow/dags/stock_etl_dag.py
[2025-10-17T15:01:41.304+0000] {processor.py:830} INFO - Processing file /opt/airflow/dags/stock_etl_dag.py for tasks to queue
[2025-10-17T15:01:41.308+0000] {logging_mixin.py:188} INFO - [2025-10-17T15:01:41.306+0000] {dagbag.py:545} INFO - Filling up the DagBag from /opt/airflow/dags/stock_etl_dag.py
[2025-10-17T15:01:42.114+0000] {processor.py:840} INFO - DAG(s) 'polygon_ticker_etl' retrieved from /opt/airflow/dags/stock_etl_dag.py
[2025-10-17T15:01:42.186+0000] {logging_mixin.py:188} INFO - [2025-10-17T15:01:42.185+0000] {dag.py:3089} INFO - Sync 1 DAGs
[2025-10-17T15:01:42.595+0000] {logging_mixin.py:188} INFO - [2025-10-17T15:01:42.595+0000] {dag.py:3947} INFO - Setting next_dagrun for polygon_ticker_etl to 2025-10-17 00:00:00+00:00, run_after=2025-10-18 00:00:00+00:00
[2025-10-17T15:01:42.719+0000] {processor.py:183} INFO - Processing /opt/airflow/dags/stock_etl_dag.py took 1.440 seconds
[2025-10-17T15:02:12.954+0000] {processor.py:161} INFO - Started process (PID=364) to work on /opt/airflow/dags/stock_etl_dag.py
[2025-10-17T15:02:13.223+0000] {processor.py:830} INFO - Processing file /opt/airflow/dags/stock_etl_dag.py for tasks to queue
[2025-10-17T15:02:13.226+0000] {logging_mixin.py:188} INFO - [2025-10-17T15:02:13.224+0000] {dagbag.py:545} INFO - Filling up the DagBag from /opt/airflow/dags/stock_etl_dag.py
[2025-10-17T15:02:14.239+0000] {processor.py:840} INFO - DAG(s) 'polygon_ticker_etl' retrieved from /opt/airflow/dags/stock_etl_dag.py
[2025-10-17T15:02:14.353+0000] {logging_mixin.py:188} INFO - [2025-10-17T15:02:14.352+0000] {dag.py:3089} INFO - Sync 1 DAGs
[2025-10-17T15:02:14.908+0000] {logging_mixin.py:188} INFO - [2025-10-17T15:02:14.907+0000] {dag.py:3947} INFO - Setting next_dagrun for polygon_ticker_etl to 2025-10-17 00:00:00+00:00, run_after=2025-10-18 00:00:00+00:00
[2025-10-17T15:02:15.085+0000] {processor.py:183} INFO - Processing /opt/airflow/dags/stock_etl_dag.py took 2.149 seconds
[2025-10-17T15:02:45.552+0000] {processor.py:161} INFO - Started process (PID=370) to work on /opt/airflow/dags/stock_etl_dag.py
[2025-10-17T15:02:45.554+0000] {processor.py:830} INFO - Processing file /opt/airflow/dags/stock_etl_dag.py for tasks to queue
[2025-10-17T15:02:45.556+0000] {logging_mixin.py:188} INFO - [2025-10-17T15:02:45.555+0000] {dagbag.py:545} INFO - Filling up the DagBag from /opt/airflow/dags/stock_etl_dag.py
[2025-10-17T15:02:46.202+0000] {processor.py:840} INFO - DAG(s) 'polygon_ticker_etl' retrieved from /opt/airflow/dags/stock_etl_dag.py
[2025-10-17T15:02:46.631+0000] {logging_mixin.py:188} INFO - [2025-10-17T15:02:46.631+0000] {dag.py:3089} INFO - Sync 1 DAGs
[2025-10-17T15:02:46.681+0000] {logging_mixin.py:188} INFO - [2025-10-17T15:02:46.681+0000] {dag.py:3947} INFO - Setting next_dagrun for polygon_ticker_etl to 2025-10-17 00:00:00+00:00, run_after=2025-10-18 00:00:00+00:00
[2025-10-17T15:02:46.898+0000] {processor.py:183} INFO - Processing /opt/airflow/dags/stock_etl_dag.py took 1.368 seconds
[2025-10-17T15:03:17.186+0000] {processor.py:161} INFO - Started process (PID=376) to work on /opt/airflow/dags/stock_etl_dag.py
[2025-10-17T15:03:17.430+0000] {processor.py:830} INFO - Processing file /opt/airflow/dags/stock_etl_dag.py for tasks to queue
[2025-10-17T15:03:17.437+0000] {logging_mixin.py:188} INFO - [2025-10-17T15:03:17.434+0000] {dagbag.py:545} INFO - Filling up the DagBag from /opt/airflow/dags/stock_etl_dag.py
[2025-10-17T15:03:18.478+0000] {processor.py:840} INFO - DAG(s) 'polygon_ticker_etl' retrieved from /opt/airflow/dags/stock_etl_dag.py
[2025-10-17T15:03:18.566+0000] {logging_mixin.py:188} INFO - [2025-10-17T15:03:18.564+0000] {dag.py:3089} INFO - Sync 1 DAGs
[2025-10-17T15:03:18.621+0000] {logging_mixin.py:188} INFO - [2025-10-17T15:03:18.621+0000] {dag.py:3947} INFO - Setting next_dagrun for polygon_ticker_etl to 2025-10-17 00:00:00+00:00, run_after=2025-10-18 00:00:00+00:00
[2025-10-17T15:03:18.666+0000] {processor.py:183} INFO - Processing /opt/airflow/dags/stock_etl_dag.py took 1.499 seconds
[2025-10-17T15:03:50.839+0000] {processor.py:161} INFO - Started process (PID=382) to work on /opt/airflow/dags/stock_etl_dag.py
[2025-10-17T15:03:50.843+0000] {processor.py:830} INFO - Processing file /opt/airflow/dags/stock_etl_dag.py for tasks to queue
[2025-10-17T15:03:50.846+0000] {logging_mixin.py:188} INFO - [2025-10-17T15:03:50.845+0000] {dagbag.py:545} INFO - Filling up the DagBag from /opt/airflow/dags/stock_etl_dag.py
[2025-10-17T15:03:51.588+0000] {processor.py:840} INFO - DAG(s) 'polygon_ticker_etl' retrieved from /opt/airflow/dags/stock_etl_dag.py
[2025-10-17T15:03:51.654+0000] {logging_mixin.py:188} INFO - [2025-10-17T15:03:51.653+0000] {dag.py:3089} INFO - Sync 1 DAGs
[2025-10-17T15:03:51.710+0000] {logging_mixin.py:188} INFO - [2025-10-17T15:03:51.709+0000] {dag.py:3947} INFO - Setting next_dagrun for polygon_ticker_etl to 2025-10-17 00:00:00+00:00, run_after=2025-10-18 00:00:00+00:00
[2025-10-17T15:03:51.892+0000] {processor.py:183} INFO - Processing /opt/airflow/dags/stock_etl_dag.py took 1.081 seconds
[2025-10-17T15:04:25.538+0000] {processor.py:161} INFO - Started process (PID=388) to work on /opt/airflow/dags/stock_etl_dag.py
[2025-10-17T15:04:25.666+0000] {processor.py:830} INFO - Processing file /opt/airflow/dags/stock_etl_dag.py for tasks to queue
[2025-10-17T15:04:25.668+0000] {logging_mixin.py:188} INFO - [2025-10-17T15:04:25.667+0000] {dagbag.py:545} INFO - Filling up the DagBag from /opt/airflow/dags/stock_etl_dag.py
[2025-10-17T15:04:26.513+0000] {processor.py:840} INFO - DAG(s) 'polygon_ticker_etl' retrieved from /opt/airflow/dags/stock_etl_dag.py
[2025-10-17T15:04:28.884+0000] {logging_mixin.py:188} INFO - [2025-10-17T15:04:28.882+0000] {dag.py:3089} INFO - Sync 1 DAGs
[2025-10-17T15:04:30.733+0000] {logging_mixin.py:188} INFO - [2025-10-17T15:04:30.732+0000] {dag.py:3947} INFO - Setting next_dagrun for polygon_ticker_etl to 2025-10-17 00:00:00+00:00, run_after=2025-10-18 00:00:00+00:00
[2025-10-17T15:04:30.764+0000] {processor.py:183} INFO - Processing /opt/airflow/dags/stock_etl_dag.py took 5.239 seconds
[2025-10-17T15:05:01.152+0000] {processor.py:161} INFO - Started process (PID=394) to work on /opt/airflow/dags/stock_etl_dag.py
[2025-10-17T15:05:01.155+0000] {processor.py:830} INFO - Processing file /opt/airflow/dags/stock_etl_dag.py for tasks to queue
[2025-10-17T15:05:01.158+0000] {logging_mixin.py:188} INFO - [2025-10-17T15:05:01.157+0000] {dagbag.py:545} INFO - Filling up the DagBag from /opt/airflow/dags/stock_etl_dag.py
[2025-10-17T15:05:02.009+0000] {processor.py:840} INFO - DAG(s) 'polygon_ticker_etl' retrieved from /opt/airflow/dags/stock_etl_dag.py
[2025-10-17T15:05:02.058+0000] {logging_mixin.py:188} INFO - [2025-10-17T15:05:02.058+0000] {dag.py:3089} INFO - Sync 1 DAGs
[2025-10-17T15:05:02.434+0000] {logging_mixin.py:188} INFO - [2025-10-17T15:05:02.433+0000] {dag.py:3947} INFO - Setting next_dagrun for polygon_ticker_etl to 2025-10-17 00:00:00+00:00, run_after=2025-10-18 00:00:00+00:00
[2025-10-17T15:05:02.541+0000] {processor.py:183} INFO - Processing /opt/airflow/dags/stock_etl_dag.py took 1.411 seconds
[2025-10-17T15:05:32.934+0000] {processor.py:161} INFO - Started process (PID=400) to work on /opt/airflow/dags/stock_etl_dag.py
[2025-10-17T15:05:35.985+0000] {processor.py:830} INFO - Processing file /opt/airflow/dags/stock_etl_dag.py for tasks to queue
[2025-10-17T15:05:35.990+0000] {logging_mixin.py:188} INFO - [2025-10-17T15:05:35.988+0000] {dagbag.py:545} INFO - Filling up the DagBag from /opt/airflow/dags/stock_etl_dag.py
[2025-10-17T15:05:36.932+0000] {processor.py:840} INFO - DAG(s) 'polygon_ticker_etl' retrieved from /opt/airflow/dags/stock_etl_dag.py
[2025-10-17T15:05:37.315+0000] {logging_mixin.py:188} INFO - [2025-10-17T15:05:37.315+0000] {dag.py:3089} INFO - Sync 1 DAGs
[2025-10-17T15:05:37.353+0000] {logging_mixin.py:188} INFO - [2025-10-17T15:05:37.353+0000] {dag.py:3947} INFO - Setting next_dagrun for polygon_ticker_etl to 2025-10-17 00:00:00+00:00, run_after=2025-10-18 00:00:00+00:00
[2025-10-17T15:05:37.411+0000] {processor.py:183} INFO - Processing /opt/airflow/dags/stock_etl_dag.py took 1.595 seconds
[2025-10-17T15:06:07.600+0000] {processor.py:161} INFO - Started process (PID=406) to work on /opt/airflow/dags/stock_etl_dag.py
[2025-10-17T15:06:07.789+0000] {processor.py:830} INFO - Processing file /opt/airflow/dags/stock_etl_dag.py for tasks to queue
[2025-10-17T15:06:07.793+0000] {logging_mixin.py:188} INFO - [2025-10-17T15:06:07.791+0000] {dagbag.py:545} INFO - Filling up the DagBag from /opt/airflow/dags/stock_etl_dag.py
[2025-10-17T15:06:11.484+0000] {processor.py:840} INFO - DAG(s) 'polygon_ticker_etl' retrieved from /opt/airflow/dags/stock_etl_dag.py
[2025-10-17T15:06:11.553+0000] {logging_mixin.py:188} INFO - [2025-10-17T15:06:11.552+0000] {dag.py:3089} INFO - Sync 1 DAGs
[2025-10-17T15:06:11.622+0000] {logging_mixin.py:188} INFO - [2025-10-17T15:06:11.622+0000] {dag.py:3947} INFO - Setting next_dagrun for polygon_ticker_etl to 2025-10-17 00:00:00+00:00, run_after=2025-10-18 00:00:00+00:00
[2025-10-17T15:06:11.827+0000] {processor.py:183} INFO - Processing /opt/airflow/dags/stock_etl_dag.py took 1.290 seconds
[2025-10-17T15:06:42.943+0000] {processor.py:161} INFO - Started process (PID=412) to work on /opt/airflow/dags/stock_etl_dag.py
[2025-10-17T15:06:42.949+0000] {processor.py:830} INFO - Processing file /opt/airflow/dags/stock_etl_dag.py for tasks to queue
[2025-10-17T15:06:42.955+0000] {logging_mixin.py:188} INFO - [2025-10-17T15:06:42.952+0000] {dagbag.py:545} INFO - Filling up the DagBag from /opt/airflow/dags/stock_etl_dag.py
[2025-10-17T15:06:46.883+0000] {processor.py:840} INFO - DAG(s) 'polygon_ticker_etl' retrieved from /opt/airflow/dags/stock_etl_dag.py
[2025-10-17T15:06:46.939+0000] {logging_mixin.py:188} INFO - [2025-10-17T15:06:46.938+0000] {dag.py:3089} INFO - Sync 1 DAGs
[2025-10-17T15:06:47.327+0000] {logging_mixin.py:188} INFO - [2025-10-17T15:06:47.326+0000] {dag.py:3947} INFO - Setting next_dagrun for polygon_ticker_etl to 2025-10-17 00:00:00+00:00, run_after=2025-10-18 00:00:00+00:00
[2025-10-17T15:06:47.728+0000] {processor.py:183} INFO - Processing /opt/airflow/dags/stock_etl_dag.py took 1.914 seconds
[2025-10-17T15:07:18.031+0000] {processor.py:161} INFO - Started process (PID=418) to work on /opt/airflow/dags/stock_etl_dag.py
[2025-10-17T15:07:18.071+0000] {processor.py:830} INFO - Processing file /opt/airflow/dags/stock_etl_dag.py for tasks to queue
[2025-10-17T15:07:18.076+0000] {logging_mixin.py:188} INFO - [2025-10-17T15:07:18.074+0000] {dagbag.py:545} INFO - Filling up the DagBag from /opt/airflow/dags/stock_etl_dag.py
[2025-10-17T15:07:18.853+0000] {processor.py:840} INFO - DAG(s) 'polygon_ticker_etl' retrieved from /opt/airflow/dags/stock_etl_dag.py
[2025-10-17T15:07:18.904+0000] {logging_mixin.py:188} INFO - [2025-10-17T15:07:18.903+0000] {dag.py:3089} INFO - Sync 1 DAGs
[2025-10-17T15:07:22.242+0000] {logging_mixin.py:188} INFO - [2025-10-17T15:07:22.241+0000] {dag.py:3947} INFO - Setting next_dagrun for polygon_ticker_etl to 2025-10-17 00:00:00+00:00, run_after=2025-10-18 00:00:00+00:00
[2025-10-17T15:07:22.302+0000] {processor.py:183} INFO - Processing /opt/airflow/dags/stock_etl_dag.py took 1.347 seconds
[2025-10-17T15:07:52.834+0000] {processor.py:161} INFO - Started process (PID=424) to work on /opt/airflow/dags/stock_etl_dag.py
[2025-10-17T15:07:52.922+0000] {processor.py:830} INFO - Processing file /opt/airflow/dags/stock_etl_dag.py for tasks to queue
[2025-10-17T15:07:52.929+0000] {logging_mixin.py:188} INFO - [2025-10-17T15:07:52.925+0000] {dagbag.py:545} INFO - Filling up the DagBag from /opt/airflow/dags/stock_etl_dag.py
[2025-10-17T15:07:53.697+0000] {processor.py:840} INFO - DAG(s) 'polygon_ticker_etl' retrieved from /opt/airflow/dags/stock_etl_dag.py
[2025-10-17T15:07:54.311+0000] {logging_mixin.py:188} INFO - [2025-10-17T15:07:54.311+0000] {dag.py:3089} INFO - Sync 1 DAGs
[2025-10-17T15:07:54.358+0000] {logging_mixin.py:188} INFO - [2025-10-17T15:07:54.358+0000] {dag.py:3947} INFO - Setting next_dagrun for polygon_ticker_etl to 2025-10-17 00:00:00+00:00, run_after=2025-10-18 00:00:00+00:00
[2025-10-17T15:07:54.529+0000] {processor.py:183} INFO - Processing /opt/airflow/dags/stock_etl_dag.py took 1.731 seconds
[2025-10-17T15:08:27.795+0000] {processor.py:161} INFO - Started process (PID=430) to work on /opt/airflow/dags/stock_etl_dag.py
[2025-10-17T15:08:27.798+0000] {processor.py:830} INFO - Processing file /opt/airflow/dags/stock_etl_dag.py for tasks to queue
[2025-10-17T15:08:27.801+0000] {logging_mixin.py:188} INFO - [2025-10-17T15:08:27.800+0000] {dagbag.py:545} INFO - Filling up the DagBag from /opt/airflow/dags/stock_etl_dag.py
[2025-10-17T15:08:28.498+0000] {processor.py:840} INFO - DAG(s) 'polygon_ticker_etl' retrieved from /opt/airflow/dags/stock_etl_dag.py
[2025-10-17T15:08:28.627+0000] {logging_mixin.py:188} INFO - [2025-10-17T15:08:28.625+0000] {dag.py:3089} INFO - Sync 1 DAGs
[2025-10-17T15:08:28.725+0000] {logging_mixin.py:188} INFO - [2025-10-17T15:08:28.724+0000] {dag.py:3947} INFO - Setting next_dagrun for polygon_ticker_etl to 2025-10-17 00:00:00+00:00, run_after=2025-10-18 00:00:00+00:00
[2025-10-17T15:08:29.001+0000] {processor.py:183} INFO - Processing /opt/airflow/dags/stock_etl_dag.py took 1.225 seconds
[2025-10-17T15:08:59.373+0000] {processor.py:161} INFO - Started process (PID=436) to work on /opt/airflow/dags/stock_etl_dag.py
[2025-10-17T15:08:59.376+0000] {processor.py:830} INFO - Processing file /opt/airflow/dags/stock_etl_dag.py for tasks to queue
[2025-10-17T15:08:59.380+0000] {logging_mixin.py:188} INFO - [2025-10-17T15:08:59.378+0000] {dagbag.py:545} INFO - Filling up the DagBag from /opt/airflow/dags/stock_etl_dag.py
[2025-10-17T15:09:00.154+0000] {processor.py:840} INFO - DAG(s) 'polygon_ticker_etl' retrieved from /opt/airflow/dags/stock_etl_dag.py
[2025-10-17T15:09:00.317+0000] {logging_mixin.py:188} INFO - [2025-10-17T15:09:00.316+0000] {dag.py:3089} INFO - Sync 1 DAGs
[2025-10-17T15:09:00.381+0000] {logging_mixin.py:188} INFO - [2025-10-17T15:09:00.381+0000] {dag.py:3947} INFO - Setting next_dagrun for polygon_ticker_etl to 2025-10-17 00:00:00+00:00, run_after=2025-10-18 00:00:00+00:00
[2025-10-17T15:09:00.867+0000] {processor.py:183} INFO - Processing /opt/airflow/dags/stock_etl_dag.py took 1.520 seconds
[2025-10-17T15:09:31.433+0000] {processor.py:161} INFO - Started process (PID=442) to work on /opt/airflow/dags/stock_etl_dag.py
[2025-10-17T15:09:31.540+0000] {processor.py:830} INFO - Processing file /opt/airflow/dags/stock_etl_dag.py for tasks to queue
[2025-10-17T15:09:31.543+0000] {logging_mixin.py:188} INFO - [2025-10-17T15:09:31.542+0000] {dagbag.py:545} INFO - Filling up the DagBag from /opt/airflow/dags/stock_etl_dag.py
[2025-10-17T15:09:32.384+0000] {processor.py:840} INFO - DAG(s) 'polygon_ticker_etl' retrieved from /opt/airflow/dags/stock_etl_dag.py
[2025-10-17T15:09:32.446+0000] {logging_mixin.py:188} INFO - [2025-10-17T15:09:32.446+0000] {dag.py:3089} INFO - Sync 1 DAGs
[2025-10-17T15:09:32.924+0000] {logging_mixin.py:188} INFO - [2025-10-17T15:09:32.924+0000] {dag.py:3947} INFO - Setting next_dagrun for polygon_ticker_etl to 2025-10-17 00:00:00+00:00, run_after=2025-10-18 00:00:00+00:00
[2025-10-17T15:09:32.966+0000] {processor.py:183} INFO - Processing /opt/airflow/dags/stock_etl_dag.py took 1.559 seconds
[2025-10-17T15:10:03.231+0000] {processor.py:161} INFO - Started process (PID=448) to work on /opt/airflow/dags/stock_etl_dag.py
[2025-10-17T15:10:03.233+0000] {processor.py:830} INFO - Processing file /opt/airflow/dags/stock_etl_dag.py for tasks to queue
[2025-10-17T15:10:03.236+0000] {logging_mixin.py:188} INFO - [2025-10-17T15:10:03.235+0000] {dagbag.py:545} INFO - Filling up the DagBag from /opt/airflow/dags/stock_etl_dag.py
[2025-10-17T15:10:04.010+0000] {processor.py:840} INFO - DAG(s) 'polygon_ticker_etl' retrieved from /opt/airflow/dags/stock_etl_dag.py
[2025-10-17T15:10:04.104+0000] {logging_mixin.py:188} INFO - [2025-10-17T15:10:04.103+0000] {dag.py:3089} INFO - Sync 1 DAGs
[2025-10-17T15:10:04.497+0000] {logging_mixin.py:188} INFO - [2025-10-17T15:10:04.496+0000] {dag.py:3947} INFO - Setting next_dagrun for polygon_ticker_etl to 2025-10-17 00:00:00+00:00, run_after=2025-10-18 00:00:00+00:00
[2025-10-17T15:10:04.711+0000] {processor.py:183} INFO - Processing /opt/airflow/dags/stock_etl_dag.py took 1.501 seconds
[2025-10-17T15:10:35.431+0000] {processor.py:161} INFO - Started process (PID=454) to work on /opt/airflow/dags/stock_etl_dag.py
[2025-10-17T15:10:35.487+0000] {processor.py:830} INFO - Processing file /opt/airflow/dags/stock_etl_dag.py for tasks to queue
[2025-10-17T15:10:35.495+0000] {logging_mixin.py:188} INFO - [2025-10-17T15:10:35.492+0000] {dagbag.py:545} INFO - Filling up the DagBag from /opt/airflow/dags/stock_etl_dag.py
[2025-10-17T15:10:36.471+0000] {processor.py:840} INFO - DAG(s) 'polygon_ticker_etl' retrieved from /opt/airflow/dags/stock_etl_dag.py
[2025-10-17T15:10:36.864+0000] {logging_mixin.py:188} INFO - [2025-10-17T15:10:36.863+0000] {dag.py:3089} INFO - Sync 1 DAGs
[2025-10-17T15:10:36.937+0000] {logging_mixin.py:188} INFO - [2025-10-17T15:10:36.936+0000] {dag.py:3947} INFO - Setting next_dagrun for polygon_ticker_etl to 2025-10-17 00:00:00+00:00, run_after=2025-10-18 00:00:00+00:00
[2025-10-17T15:10:37.114+0000] {processor.py:183} INFO - Processing /opt/airflow/dags/stock_etl_dag.py took 1.701 seconds
[2025-10-17T15:11:07.362+0000] {processor.py:161} INFO - Started process (PID=460) to work on /opt/airflow/dags/stock_etl_dag.py
[2025-10-17T15:11:07.368+0000] {processor.py:830} INFO - Processing file /opt/airflow/dags/stock_etl_dag.py for tasks to queue
[2025-10-17T15:11:07.373+0000] {logging_mixin.py:188} INFO - [2025-10-17T15:11:07.371+0000] {dagbag.py:545} INFO - Filling up the DagBag from /opt/airflow/dags/stock_etl_dag.py
[2025-10-17T15:11:08.423+0000] {processor.py:840} INFO - DAG(s) 'polygon_ticker_etl' retrieved from /opt/airflow/dags/stock_etl_dag.py
[2025-10-17T15:11:08.499+0000] {logging_mixin.py:188} INFO - [2025-10-17T15:11:08.498+0000] {dag.py:3089} INFO - Sync 1 DAGs
[2025-10-17T15:11:08.553+0000] {logging_mixin.py:188} INFO - [2025-10-17T15:11:08.552+0000] {dag.py:3947} INFO - Setting next_dagrun for polygon_ticker_etl to 2025-10-17 00:00:00+00:00, run_after=2025-10-18 00:00:00+00:00
[2025-10-17T15:11:08.766+0000] {processor.py:183} INFO - Processing /opt/airflow/dags/stock_etl_dag.py took 1.443 seconds
[2025-10-17T15:11:39.176+0000] {processor.py:161} INFO - Started process (PID=466) to work on /opt/airflow/dags/stock_etl_dag.py
[2025-10-17T15:11:39.288+0000] {processor.py:830} INFO - Processing file /opt/airflow/dags/stock_etl_dag.py for tasks to queue
[2025-10-17T15:11:39.296+0000] {logging_mixin.py:188} INFO - [2025-10-17T15:11:39.290+0000] {dagbag.py:545} INFO - Filling up the DagBag from /opt/airflow/dags/stock_etl_dag.py
[2025-10-17T15:11:40.508+0000] {processor.py:840} INFO - DAG(s) 'polygon_ticker_etl' retrieved from /opt/airflow/dags/stock_etl_dag.py
[2025-10-17T15:11:40.558+0000] {logging_mixin.py:188} INFO - [2025-10-17T15:11:40.557+0000] {dag.py:3089} INFO - Sync 1 DAGs
[2025-10-17T15:11:40.596+0000] {logging_mixin.py:188} INFO - [2025-10-17T15:11:40.595+0000] {dag.py:3947} INFO - Setting next_dagrun for polygon_ticker_etl to 2025-10-17 00:00:00+00:00, run_after=2025-10-18 00:00:00+00:00
[2025-10-17T15:11:40.648+0000] {processor.py:183} INFO - Processing /opt/airflow/dags/stock_etl_dag.py took 1.500 seconds
[2025-10-17T15:12:11.371+0000] {processor.py:161} INFO - Started process (PID=472) to work on /opt/airflow/dags/stock_etl_dag.py
[2025-10-17T15:12:11.376+0000] {processor.py:830} INFO - Processing file /opt/airflow/dags/stock_etl_dag.py for tasks to queue
[2025-10-17T15:12:11.381+0000] {logging_mixin.py:188} INFO - [2025-10-17T15:12:11.380+0000] {dagbag.py:545} INFO - Filling up the DagBag from /opt/airflow/dags/stock_etl_dag.py
[2025-10-17T15:12:13.027+0000] {processor.py:840} INFO - DAG(s) 'polygon_ticker_etl' retrieved from /opt/airflow/dags/stock_etl_dag.py
[2025-10-17T15:12:13.124+0000] {logging_mixin.py:188} INFO - [2025-10-17T15:12:13.123+0000] {dag.py:3089} INFO - Sync 1 DAGs
[2025-10-17T15:12:13.180+0000] {logging_mixin.py:188} INFO - [2025-10-17T15:12:13.179+0000] {dag.py:3947} INFO - Setting next_dagrun for polygon_ticker_etl to 2025-10-17 00:00:00+00:00, run_after=2025-10-18 00:00:00+00:00
[2025-10-17T15:12:13.280+0000] {processor.py:183} INFO - Processing /opt/airflow/dags/stock_etl_dag.py took 1.954 seconds
[2025-10-17T15:12:43.513+0000] {processor.py:161} INFO - Started process (PID=478) to work on /opt/airflow/dags/stock_etl_dag.py
[2025-10-17T15:12:43.515+0000] {processor.py:830} INFO - Processing file /opt/airflow/dags/stock_etl_dag.py for tasks to queue
[2025-10-17T15:12:43.517+0000] {logging_mixin.py:188} INFO - [2025-10-17T15:12:43.516+0000] {dagbag.py:545} INFO - Filling up the DagBag from /opt/airflow/dags/stock_etl_dag.py
[2025-10-17T15:12:44.131+0000] {processor.py:840} INFO - DAG(s) 'polygon_ticker_etl' retrieved from /opt/airflow/dags/stock_etl_dag.py
[2025-10-17T15:12:44.176+0000] {logging_mixin.py:188} INFO - [2025-10-17T15:12:44.176+0000] {dag.py:3089} INFO - Sync 1 DAGs
[2025-10-17T15:12:44.514+0000] {logging_mixin.py:188} INFO - [2025-10-17T15:12:44.513+0000] {dag.py:3947} INFO - Setting next_dagrun for polygon_ticker_etl to 2025-10-17 00:00:00+00:00, run_after=2025-10-18 00:00:00+00:00
[2025-10-17T15:12:44.571+0000] {processor.py:183} INFO - Processing /opt/airflow/dags/stock_etl_dag.py took 1.075 seconds
[2025-10-17T15:13:16.421+0000] {processor.py:161} INFO - Started process (PID=484) to work on /opt/airflow/dags/stock_etl_dag.py
[2025-10-17T15:13:16.505+0000] {processor.py:830} INFO - Processing file /opt/airflow/dags/stock_etl_dag.py for tasks to queue
[2025-10-17T15:13:16.510+0000] {logging_mixin.py:188} INFO - [2025-10-17T15:13:16.509+0000] {dagbag.py:545} INFO - Filling up the DagBag from /opt/airflow/dags/stock_etl_dag.py
[2025-10-17T15:13:17.531+0000] {processor.py:840} INFO - DAG(s) 'polygon_ticker_etl' retrieved from /opt/airflow/dags/stock_etl_dag.py
[2025-10-17T15:13:18.161+0000] {logging_mixin.py:188} INFO - [2025-10-17T15:13:18.160+0000] {dag.py:3089} INFO - Sync 1 DAGs
[2025-10-17T15:13:18.208+0000] {logging_mixin.py:188} INFO - [2025-10-17T15:13:18.207+0000] {dag.py:3947} INFO - Setting next_dagrun for polygon_ticker_etl to 2025-10-17 00:00:00+00:00, run_after=2025-10-18 00:00:00+00:00
[2025-10-17T15:13:18.278+0000] {processor.py:183} INFO - Processing /opt/airflow/dags/stock_etl_dag.py took 1.922 seconds
[2025-10-17T15:13:51.839+0000] {processor.py:161} INFO - Started process (PID=490) to work on /opt/airflow/dags/stock_etl_dag.py
[2025-10-17T15:13:51.843+0000] {processor.py:830} INFO - Processing file /opt/airflow/dags/stock_etl_dag.py for tasks to queue
[2025-10-17T15:13:51.845+0000] {logging_mixin.py:188} INFO - [2025-10-17T15:13:51.844+0000] {dagbag.py:545} INFO - Filling up the DagBag from /opt/airflow/dags/stock_etl_dag.py
[2025-10-17T15:13:52.988+0000] {processor.py:840} INFO - DAG(s) 'polygon_ticker_etl' retrieved from /opt/airflow/dags/stock_etl_dag.py
[2025-10-17T15:13:53.043+0000] {logging_mixin.py:188} INFO - [2025-10-17T15:13:53.042+0000] {dag.py:3089} INFO - Sync 1 DAGs
[2025-10-17T15:13:53.174+0000] {logging_mixin.py:188} INFO - [2025-10-17T15:13:53.172+0000] {dag.py:3947} INFO - Setting next_dagrun for polygon_ticker_etl to 2025-10-17 00:00:00+00:00, run_after=2025-10-18 00:00:00+00:00
[2025-10-17T15:13:53.339+0000] {processor.py:183} INFO - Processing /opt/airflow/dags/stock_etl_dag.py took 1.524 seconds
[2025-10-17T15:14:26.802+0000] {processor.py:161} INFO - Started process (PID=496) to work on /opt/airflow/dags/stock_etl_dag.py
[2025-10-17T15:14:26.805+0000] {processor.py:830} INFO - Processing file /opt/airflow/dags/stock_etl_dag.py for tasks to queue
[2025-10-17T15:14:26.807+0000] {logging_mixin.py:188} INFO - [2025-10-17T15:14:26.806+0000] {dagbag.py:545} INFO - Filling up the DagBag from /opt/airflow/dags/stock_etl_dag.py
[2025-10-17T15:14:29.017+0000] {processor.py:840} INFO - DAG(s) 'polygon_ticker_etl' retrieved from /opt/airflow/dags/stock_etl_dag.py
[2025-10-17T15:14:29.314+0000] {logging_mixin.py:188} INFO - [2025-10-17T15:14:29.309+0000] {dag.py:3089} INFO - Sync 1 DAGs
[2025-10-17T15:14:29.414+0000] {logging_mixin.py:188} INFO - [2025-10-17T15:14:29.413+0000] {dag.py:3947} INFO - Setting next_dagrun for polygon_ticker_etl to 2025-10-17 00:00:00+00:00, run_after=2025-10-18 00:00:00+00:00
[2025-10-17T15:14:29.673+0000] {processor.py:183} INFO - Processing /opt/airflow/dags/stock_etl_dag.py took 2.937 seconds
[2025-10-17T15:15:03.085+0000] {processor.py:161} INFO - Started process (PID=502) to work on /opt/airflow/dags/stock_etl_dag.py
[2025-10-17T15:15:03.130+0000] {processor.py:830} INFO - Processing file /opt/airflow/dags/stock_etl_dag.py for tasks to queue
[2025-10-17T15:15:03.135+0000] {logging_mixin.py:188} INFO - [2025-10-17T15:15:03.133+0000] {dagbag.py:545} INFO - Filling up the DagBag from /opt/airflow/dags/stock_etl_dag.py
[2025-10-17T15:15:04.771+0000] {processor.py:840} INFO - DAG(s) 'polygon_ticker_etl' retrieved from /opt/airflow/dags/stock_etl_dag.py
[2025-10-17T15:15:04.823+0000] {logging_mixin.py:188} INFO - [2025-10-17T15:15:04.823+0000] {dag.py:3089} INFO - Sync 1 DAGs
[2025-10-17T15:15:04.859+0000] {logging_mixin.py:188} INFO - [2025-10-17T15:15:04.858+0000] {dag.py:3947} INFO - Setting next_dagrun for polygon_ticker_etl to 2025-10-17 00:00:00+00:00, run_after=2025-10-18 00:00:00+00:00
[2025-10-17T15:15:05.116+0000] {processor.py:183} INFO - Processing /opt/airflow/dags/stock_etl_dag.py took 2.106 seconds
[2025-10-17T15:15:37.812+0000] {processor.py:161} INFO - Started process (PID=508) to work on /opt/airflow/dags/stock_etl_dag.py
[2025-10-17T15:15:37.815+0000] {processor.py:830} INFO - Processing file /opt/airflow/dags/stock_etl_dag.py for tasks to queue
[2025-10-17T15:15:37.819+0000] {logging_mixin.py:188} INFO - [2025-10-17T15:15:37.818+0000] {dagbag.py:545} INFO - Filling up the DagBag from /opt/airflow/dags/stock_etl_dag.py
[2025-10-17T15:15:40.073+0000] {processor.py:840} INFO - DAG(s) 'polygon_ticker_etl' retrieved from /opt/airflow/dags/stock_etl_dag.py
[2025-10-17T15:15:40.178+0000] {logging_mixin.py:188} INFO - [2025-10-17T15:15:40.177+0000] {dag.py:3089} INFO - Sync 1 DAGs
[2025-10-17T15:15:40.246+0000] {logging_mixin.py:188} INFO - [2025-10-17T15:15:40.245+0000] {dag.py:3947} INFO - Setting next_dagrun for polygon_ticker_etl to 2025-10-17 00:00:00+00:00, run_after=2025-10-18 00:00:00+00:00
[2025-10-17T15:15:40.632+0000] {processor.py:183} INFO - Processing /opt/airflow/dags/stock_etl_dag.py took 2.846 seconds
[2025-10-17T15:16:13.034+0000] {processor.py:161} INFO - Started process (PID=514) to work on /opt/airflow/dags/stock_etl_dag.py
[2025-10-17T15:16:13.061+0000] {processor.py:830} INFO - Processing file /opt/airflow/dags/stock_etl_dag.py for tasks to queue
[2025-10-17T15:16:13.065+0000] {logging_mixin.py:188} INFO - [2025-10-17T15:16:13.063+0000] {dagbag.py:545} INFO - Filling up the DagBag from /opt/airflow/dags/stock_etl_dag.py
[2025-10-17T15:16:19.603+0000] {processor.py:840} INFO - DAG(s) 'polygon_ticker_etl' retrieved from /opt/airflow/dags/stock_etl_dag.py
[2025-10-17T15:16:19.748+0000] {logging_mixin.py:188} INFO - [2025-10-17T15:16:19.747+0000] {dag.py:3089} INFO - Sync 1 DAGs
[2025-10-17T15:16:19.896+0000] {logging_mixin.py:188} INFO - [2025-10-17T15:16:19.895+0000] {dag.py:3947} INFO - Setting next_dagrun for polygon_ticker_etl to 2025-10-17 00:00:00+00:00, run_after=2025-10-18 00:00:00+00:00
[2025-10-17T15:16:19.966+0000] {processor.py:183} INFO - Processing /opt/airflow/dags/stock_etl_dag.py took 7.132 seconds
[2025-10-17T15:16:50.720+0000] {processor.py:161} INFO - Started process (PID=520) to work on /opt/airflow/dags/stock_etl_dag.py
[2025-10-17T15:16:50.738+0000] {processor.py:830} INFO - Processing file /opt/airflow/dags/stock_etl_dag.py for tasks to queue
[2025-10-17T15:16:50.741+0000] {logging_mixin.py:188} INFO - [2025-10-17T15:16:50.740+0000] {dagbag.py:545} INFO - Filling up the DagBag from /opt/airflow/dags/stock_etl_dag.py
[2025-10-17T15:16:51.816+0000] {processor.py:840} INFO - DAG(s) 'polygon_ticker_etl' retrieved from /opt/airflow/dags/stock_etl_dag.py
[2025-10-17T15:16:51.861+0000] {logging_mixin.py:188} INFO - [2025-10-17T15:16:51.860+0000] {dag.py:3089} INFO - Sync 1 DAGs
[2025-10-17T15:16:51.910+0000] {logging_mixin.py:188} INFO - [2025-10-17T15:16:51.909+0000] {dag.py:3947} INFO - Setting next_dagrun for polygon_ticker_etl to 2025-10-17 00:00:00+00:00, run_after=2025-10-18 00:00:00+00:00
[2025-10-17T15:16:52.122+0000] {processor.py:183} INFO - Processing /opt/airflow/dags/stock_etl_dag.py took 1.426 seconds
[2025-10-17T15:17:22.951+0000] {processor.py:161} INFO - Started process (PID=526) to work on /opt/airflow/dags/stock_etl_dag.py
[2025-10-17T15:17:22.955+0000] {processor.py:830} INFO - Processing file /opt/airflow/dags/stock_etl_dag.py for tasks to queue
[2025-10-17T15:17:22.959+0000] {logging_mixin.py:188} INFO - [2025-10-17T15:17:22.957+0000] {dagbag.py:545} INFO - Filling up the DagBag from /opt/airflow/dags/stock_etl_dag.py
[2025-10-17T15:17:24.213+0000] {processor.py:840} INFO - DAG(s) 'polygon_ticker_etl' retrieved from /opt/airflow/dags/stock_etl_dag.py
[2025-10-17T15:17:24.269+0000] {logging_mixin.py:188} INFO - [2025-10-17T15:17:24.268+0000] {dag.py:3089} INFO - Sync 1 DAGs
[2025-10-17T15:17:24.337+0000] {logging_mixin.py:188} INFO - [2025-10-17T15:17:24.337+0000] {dag.py:3947} INFO - Setting next_dagrun for polygon_ticker_etl to 2025-10-17 00:00:00+00:00, run_after=2025-10-18 00:00:00+00:00
[2025-10-17T15:17:24.506+0000] {processor.py:183} INFO - Processing /opt/airflow/dags/stock_etl_dag.py took 1.578 seconds
[2025-10-17T15:17:54.986+0000] {processor.py:161} INFO - Started process (PID=532) to work on /opt/airflow/dags/stock_etl_dag.py
[2025-10-17T15:17:54.989+0000] {processor.py:830} INFO - Processing file /opt/airflow/dags/stock_etl_dag.py for tasks to queue
[2025-10-17T15:17:54.992+0000] {logging_mixin.py:188} INFO - [2025-10-17T15:17:54.991+0000] {dagbag.py:545} INFO - Filling up the DagBag from /opt/airflow/dags/stock_etl_dag.py
[2025-10-17T15:17:59.102+0000] {processor.py:840} INFO - DAG(s) 'polygon_ticker_etl' retrieved from /opt/airflow/dags/stock_etl_dag.py
[2025-10-17T15:17:59.150+0000] {logging_mixin.py:188} INFO - [2025-10-17T15:17:59.149+0000] {dag.py:3089} INFO - Sync 1 DAGs
[2025-10-17T15:17:59.280+0000] {logging_mixin.py:188} INFO - [2025-10-17T15:17:59.279+0000] {dag.py:3947} INFO - Setting next_dagrun for polygon_ticker_etl to 2025-10-17 00:00:00+00:00, run_after=2025-10-18 00:00:00+00:00
[2025-10-17T15:17:59.367+0000] {processor.py:183} INFO - Processing /opt/airflow/dags/stock_etl_dag.py took 1.476 seconds
[2025-10-17T15:18:33.266+0000] {processor.py:161} INFO - Started process (PID=538) to work on /opt/airflow/dags/stock_etl_dag.py
[2025-10-17T15:18:33.289+0000] {processor.py:830} INFO - Processing file /opt/airflow/dags/stock_etl_dag.py for tasks to queue
[2025-10-17T15:18:33.295+0000] {logging_mixin.py:188} INFO - [2025-10-17T15:18:33.293+0000] {dagbag.py:545} INFO - Filling up the DagBag from /opt/airflow/dags/stock_etl_dag.py
[2025-10-17T15:18:34.448+0000] {processor.py:840} INFO - DAG(s) 'polygon_ticker_etl' retrieved from /opt/airflow/dags/stock_etl_dag.py
[2025-10-17T15:18:34.533+0000] {logging_mixin.py:188} INFO - [2025-10-17T15:18:34.531+0000] {dag.py:3089} INFO - Sync 1 DAGs
[2025-10-17T15:18:34.607+0000] {logging_mixin.py:188} INFO - [2025-10-17T15:18:34.606+0000] {dag.py:3947} INFO - Setting next_dagrun for polygon_ticker_etl to 2025-10-17 00:00:00+00:00, run_after=2025-10-18 00:00:00+00:00
[2025-10-17T15:18:34.667+0000] {processor.py:183} INFO - Processing /opt/airflow/dags/stock_etl_dag.py took 1.432 seconds
[2025-10-17T15:19:04.933+0000] {processor.py:161} INFO - Started process (PID=544) to work on /opt/airflow/dags/stock_etl_dag.py
[2025-10-17T15:19:04.936+0000] {processor.py:830} INFO - Processing file /opt/airflow/dags/stock_etl_dag.py for tasks to queue
[2025-10-17T15:19:04.941+0000] {logging_mixin.py:188} INFO - [2025-10-17T15:19:04.939+0000] {dagbag.py:545} INFO - Filling up the DagBag from /opt/airflow/dags/stock_etl_dag.py
[2025-10-17T15:19:09.137+0000] {processor.py:840} INFO - DAG(s) 'polygon_ticker_etl' retrieved from /opt/airflow/dags/stock_etl_dag.py
[2025-10-17T15:19:09.205+0000] {logging_mixin.py:188} INFO - [2025-10-17T15:19:09.204+0000] {dag.py:3089} INFO - Sync 1 DAGs
[2025-10-17T15:19:09.269+0000] {logging_mixin.py:188} INFO - [2025-10-17T15:19:09.269+0000] {dag.py:3947} INFO - Setting next_dagrun for polygon_ticker_etl to 2025-10-17 00:00:00+00:00, run_after=2025-10-18 00:00:00+00:00
[2025-10-17T15:19:09.339+0000] {processor.py:183} INFO - Processing /opt/airflow/dags/stock_etl_dag.py took 1.476 seconds
[2025-10-17T15:19:39.831+0000] {processor.py:161} INFO - Started process (PID=550) to work on /opt/airflow/dags/stock_etl_dag.py
[2025-10-17T15:19:39.865+0000] {processor.py:830} INFO - Processing file /opt/airflow/dags/stock_etl_dag.py for tasks to queue
[2025-10-17T15:19:39.872+0000] {logging_mixin.py:188} INFO - [2025-10-17T15:19:39.867+0000] {dagbag.py:545} INFO - Filling up the DagBag from /opt/airflow/dags/stock_etl_dag.py
[2025-10-17T15:19:44.900+0000] {processor.py:840} INFO - DAG(s) 'polygon_ticker_etl' retrieved from /opt/airflow/dags/stock_etl_dag.py
[2025-10-17T15:19:44.961+0000] {logging_mixin.py:188} INFO - [2025-10-17T15:19:44.960+0000] {dag.py:3089} INFO - Sync 1 DAGs
[2025-10-17T15:19:45.068+0000] {logging_mixin.py:188} INFO - [2025-10-17T15:19:45.066+0000] {dag.py:3947} INFO - Setting next_dagrun for polygon_ticker_etl to 2025-10-17 00:00:00+00:00, run_after=2025-10-18 00:00:00+00:00
[2025-10-17T15:19:45.308+0000] {processor.py:183} INFO - Processing /opt/airflow/dags/stock_etl_dag.py took 2.539 seconds
[2025-10-17T15:20:15.703+0000] {processor.py:161} INFO - Started process (PID=556) to work on /opt/airflow/dags/stock_etl_dag.py
[2025-10-17T15:20:15.766+0000] {processor.py:830} INFO - Processing file /opt/airflow/dags/stock_etl_dag.py for tasks to queue
[2025-10-17T15:20:15.768+0000] {logging_mixin.py:188} INFO - [2025-10-17T15:20:15.768+0000] {dagbag.py:545} INFO - Filling up the DagBag from /opt/airflow/dags/stock_etl_dag.py
[2025-10-17T15:20:19.821+0000] {processor.py:840} INFO - DAG(s) 'polygon_ticker_etl' retrieved from /opt/airflow/dags/stock_etl_dag.py
[2025-10-17T15:20:19.940+0000] {logging_mixin.py:188} INFO - [2025-10-17T15:20:19.939+0000] {dag.py:3089} INFO - Sync 1 DAGs
[2025-10-17T15:20:20.000+0000] {logging_mixin.py:188} INFO - [2025-10-17T15:20:20.000+0000] {dag.py:3947} INFO - Setting next_dagrun for polygon_ticker_etl to 2025-10-17 00:00:00+00:00, run_after=2025-10-18 00:00:00+00:00
[2025-10-17T15:20:20.075+0000] {processor.py:183} INFO - Processing /opt/airflow/dags/stock_etl_dag.py took 1.461 seconds
[2025-10-17T15:20:50.416+0000] {processor.py:161} INFO - Started process (PID=562) to work on /opt/airflow/dags/stock_etl_dag.py
[2025-10-17T15:20:50.418+0000] {processor.py:830} INFO - Processing file /opt/airflow/dags/stock_etl_dag.py for tasks to queue
[2025-10-17T15:20:50.419+0000] {logging_mixin.py:188} INFO - [2025-10-17T15:20:50.419+0000] {dagbag.py:545} INFO - Filling up the DagBag from /opt/airflow/dags/stock_etl_dag.py
[2025-10-17T15:20:56.375+0000] {processor.py:840} INFO - DAG(s) 'polygon_ticker_etl' retrieved from /opt/airflow/dags/stock_etl_dag.py
[2025-10-17T15:20:57.066+0000] {logging_mixin.py:188} INFO - [2025-10-17T15:20:57.065+0000] {dag.py:3089} INFO - Sync 1 DAGs
[2025-10-17T15:20:57.138+0000] {logging_mixin.py:188} INFO - [2025-10-17T15:20:57.137+0000] {dag.py:3947} INFO - Setting next_dagrun for polygon_ticker_etl to 2025-10-17 00:00:00+00:00, run_after=2025-10-18 00:00:00+00:00
[2025-10-17T15:20:58.205+0000] {processor.py:183} INFO - Processing /opt/airflow/dags/stock_etl_dag.py took 4.842 seconds
[2025-10-17T15:21:30.562+0000] {processor.py:161} INFO - Started process (PID=568) to work on /opt/airflow/dags/stock_etl_dag.py
[2025-10-17T15:21:30.565+0000] {processor.py:830} INFO - Processing file /opt/airflow/dags/stock_etl_dag.py for tasks to queue
[2025-10-17T15:21:30.567+0000] {logging_mixin.py:188} INFO - [2025-10-17T15:21:30.566+0000] {dagbag.py:545} INFO - Filling up the DagBag from /opt/airflow/dags/stock_etl_dag.py
[2025-10-17T15:21:31.772+0000] {processor.py:840} INFO - DAG(s) 'polygon_ticker_etl' retrieved from /opt/airflow/dags/stock_etl_dag.py
[2025-10-17T15:21:31.828+0000] {logging_mixin.py:188} INFO - [2025-10-17T15:21:31.827+0000] {dag.py:3089} INFO - Sync 1 DAGs
[2025-10-17T15:21:31.860+0000] {logging_mixin.py:188} INFO - [2025-10-17T15:21:31.860+0000] {dag.py:3947} INFO - Setting next_dagrun for polygon_ticker_etl to 2025-10-17 00:00:00+00:00, run_after=2025-10-18 00:00:00+00:00
[2025-10-17T15:21:32.167+0000] {processor.py:183} INFO - Processing /opt/airflow/dags/stock_etl_dag.py took 1.626 seconds
[2025-10-17T15:22:02.615+0000] {processor.py:161} INFO - Started process (PID=574) to work on /opt/airflow/dags/stock_etl_dag.py
[2025-10-17T15:22:05.630+0000] {processor.py:830} INFO - Processing file /opt/airflow/dags/stock_etl_dag.py for tasks to queue
[2025-10-17T15:22:05.633+0000] {logging_mixin.py:188} INFO - [2025-10-17T15:22:05.632+0000] {dagbag.py:545} INFO - Filling up the DagBag from /opt/airflow/dags/stock_etl_dag.py
[2025-10-17T15:22:06.733+0000] {processor.py:840} INFO - DAG(s) 'polygon_ticker_etl' retrieved from /opt/airflow/dags/stock_etl_dag.py
[2025-10-17T15:22:06.808+0000] {logging_mixin.py:188} INFO - [2025-10-17T15:22:06.807+0000] {dag.py:3089} INFO - Sync 1 DAGs
[2025-10-17T15:22:06.993+0000] {logging_mixin.py:188} INFO - [2025-10-17T15:22:06.993+0000] {dag.py:3947} INFO - Setting next_dagrun for polygon_ticker_etl to 2025-10-17 00:00:00+00:00, run_after=2025-10-18 00:00:00+00:00
[2025-10-17T15:22:07.062+0000] {processor.py:183} INFO - Processing /opt/airflow/dags/stock_etl_dag.py took 1.515 seconds
[2025-10-17T15:22:37.669+0000] {processor.py:161} INFO - Started process (PID=580) to work on /opt/airflow/dags/stock_etl_dag.py
[2025-10-17T15:22:37.752+0000] {processor.py:830} INFO - Processing file /opt/airflow/dags/stock_etl_dag.py for tasks to queue
[2025-10-17T15:22:37.757+0000] {logging_mixin.py:188} INFO - [2025-10-17T15:22:37.755+0000] {dagbag.py:545} INFO - Filling up the DagBag from /opt/airflow/dags/stock_etl_dag.py
[2025-10-17T15:22:42.046+0000] {processor.py:840} INFO - DAG(s) 'polygon_ticker_etl' retrieved from /opt/airflow/dags/stock_etl_dag.py
[2025-10-17T15:22:42.161+0000] {logging_mixin.py:188} INFO - [2025-10-17T15:22:42.160+0000] {dag.py:3089} INFO - Sync 1 DAGs
[2025-10-17T15:22:42.271+0000] {logging_mixin.py:188} INFO - [2025-10-17T15:22:42.270+0000] {dag.py:3947} INFO - Setting next_dagrun for polygon_ticker_etl to 2025-10-17 00:00:00+00:00, run_after=2025-10-18 00:00:00+00:00
[2025-10-17T15:22:42.409+0000] {processor.py:183} INFO - Processing /opt/airflow/dags/stock_etl_dag.py took 1.832 seconds
[2025-10-17T15:23:16.638+0000] {processor.py:161} INFO - Started process (PID=586) to work on /opt/airflow/dags/stock_etl_dag.py
[2025-10-17T15:23:16.697+0000] {processor.py:830} INFO - Processing file /opt/airflow/dags/stock_etl_dag.py for tasks to queue
[2025-10-17T15:23:16.737+0000] {logging_mixin.py:188} INFO - [2025-10-17T15:23:16.725+0000] {dagbag.py:545} INFO - Filling up the DagBag from /opt/airflow/dags/stock_etl_dag.py
[2025-10-17T15:23:32.957+0000] {processor.py:840} INFO - DAG(s) 'air_quality_etl' retrieved from /opt/airflow/dags/stock_etl_dag.py
[2025-10-17T15:23:33.668+0000] {logging_mixin.py:188} INFO - [2025-10-17T15:23:33.666+0000] {override.py:1858} INFO - Created Permission View: can delete on DAG:air_quality_etl
[2025-10-17T15:23:33.701+0000] {logging_mixin.py:188} INFO - [2025-10-17T15:23:33.700+0000] {override.py:1858} INFO - Created Permission View: can read on DAG:air_quality_etl
[2025-10-17T15:23:33.725+0000] {logging_mixin.py:188} INFO - [2025-10-17T15:23:33.725+0000] {override.py:1858} INFO - Created Permission View: can edit on DAG:air_quality_etl
[2025-10-17T15:23:33.727+0000] {logging_mixin.py:188} INFO - [2025-10-17T15:23:33.726+0000] {dag.py:3089} INFO - Sync 1 DAGs
[2025-10-17T15:23:33.763+0000] {logging_mixin.py:188} INFO - [2025-10-17T15:23:33.762+0000] {dag.py:3111} INFO - Creating ORM DAG for air_quality_etl
[2025-10-17T15:23:33.824+0000] {logging_mixin.py:188} INFO - [2025-10-17T15:23:33.823+0000] {dag.py:3947} INFO - Setting next_dagrun for air_quality_etl to 2025-10-17 14:00:00+00:00, run_after=2025-10-17 15:00:00+00:00
[2025-10-17T15:23:33.892+0000] {processor.py:183} INFO - Processing /opt/airflow/dags/stock_etl_dag.py took 17.540 seconds
[2025-10-17T15:24:09.270+0000] {processor.py:161} INFO - Started process (PID=595) to work on /opt/airflow/dags/stock_etl_dag.py
[2025-10-17T15:24:09.274+0000] {processor.py:830} INFO - Processing file /opt/airflow/dags/stock_etl_dag.py for tasks to queue
[2025-10-17T15:24:09.277+0000] {logging_mixin.py:188} INFO - [2025-10-17T15:24:09.276+0000] {dagbag.py:545} INFO - Filling up the DagBag from /opt/airflow/dags/stock_etl_dag.py
[2025-10-17T15:24:10.319+0000] {processor.py:840} INFO - DAG(s) 'air_quality_etl' retrieved from /opt/airflow/dags/stock_etl_dag.py
[2025-10-17T15:24:10.387+0000] {logging_mixin.py:188} INFO - [2025-10-17T15:24:10.386+0000] {dag.py:3089} INFO - Sync 1 DAGs
[2025-10-17T15:24:10.439+0000] {logging_mixin.py:188} INFO - [2025-10-17T15:24:10.439+0000] {dag.py:3947} INFO - Setting next_dagrun for air_quality_etl to 2025-10-17 15:00:00+00:00, run_after=2025-10-17 16:00:00+00:00
[2025-10-17T15:24:10.860+0000] {processor.py:183} INFO - Processing /opt/airflow/dags/stock_etl_dag.py took 1.612 seconds
[2025-10-17T15:24:44.315+0000] {processor.py:161} INFO - Started process (PID=601) to work on /opt/airflow/dags/stock_etl_dag.py
[2025-10-17T15:24:44.436+0000] {processor.py:830} INFO - Processing file /opt/airflow/dags/stock_etl_dag.py for tasks to queue
[2025-10-17T15:24:44.438+0000] {logging_mixin.py:188} INFO - [2025-10-17T15:24:44.437+0000] {dagbag.py:545} INFO - Filling up the DagBag from /opt/airflow/dags/stock_etl_dag.py
[2025-10-17T15:24:46.104+0000] {processor.py:840} INFO - DAG(s) 'air_quality_etl' retrieved from /opt/airflow/dags/stock_etl_dag.py
[2025-10-17T15:24:46.163+0000] {logging_mixin.py:188} INFO - [2025-10-17T15:24:46.161+0000] {dag.py:3089} INFO - Sync 1 DAGs
[2025-10-17T15:24:46.226+0000] {logging_mixin.py:188} INFO - [2025-10-17T15:24:46.226+0000] {dag.py:3947} INFO - Setting next_dagrun for air_quality_etl to 2025-10-17 15:00:00+00:00, run_after=2025-10-17 16:00:00+00:00
[2025-10-17T15:24:46.572+0000] {processor.py:183} INFO - Processing /opt/airflow/dags/stock_etl_dag.py took 2.295 seconds
[2025-10-17T15:25:19.904+0000] {processor.py:161} INFO - Started process (PID=607) to work on /opt/airflow/dags/stock_etl_dag.py
[2025-10-17T15:25:20.263+0000] {processor.py:830} INFO - Processing file /opt/airflow/dags/stock_etl_dag.py for tasks to queue
[2025-10-17T15:25:20.266+0000] {logging_mixin.py:188} INFO - [2025-10-17T15:25:20.265+0000] {dagbag.py:545} INFO - Filling up the DagBag from /opt/airflow/dags/stock_etl_dag.py
[2025-10-17T15:25:21.533+0000] {processor.py:840} INFO - DAG(s) 'air_quality_etl' retrieved from /opt/airflow/dags/stock_etl_dag.py
[2025-10-17T15:25:21.574+0000] {logging_mixin.py:188} INFO - [2025-10-17T15:25:21.574+0000] {dag.py:3089} INFO - Sync 1 DAGs
[2025-10-17T15:25:21.604+0000] {logging_mixin.py:188} INFO - [2025-10-17T15:25:21.604+0000] {dag.py:3947} INFO - Setting next_dagrun for air_quality_etl to 2025-10-17 15:00:00+00:00, run_after=2025-10-17 16:00:00+00:00
[2025-10-17T15:25:21.760+0000] {processor.py:183} INFO - Processing /opt/airflow/dags/stock_etl_dag.py took 1.879 seconds
[2025-10-17T15:25:55.101+0000] {processor.py:161} INFO - Started process (PID=613) to work on /opt/airflow/dags/stock_etl_dag.py
[2025-10-17T15:25:55.122+0000] {processor.py:830} INFO - Processing file /opt/airflow/dags/stock_etl_dag.py for tasks to queue
[2025-10-17T15:25:55.126+0000] {logging_mixin.py:188} INFO - [2025-10-17T15:25:55.124+0000] {dagbag.py:545} INFO - Filling up the DagBag from /opt/airflow/dags/stock_etl_dag.py
[2025-10-17T15:25:58.047+0000] {processor.py:840} INFO - DAG(s) 'air_quality_etl' retrieved from /opt/airflow/dags/stock_etl_dag.py
[2025-10-17T15:25:58.112+0000] {logging_mixin.py:188} INFO - [2025-10-17T15:25:58.111+0000] {dag.py:3089} INFO - Sync 1 DAGs
[2025-10-17T15:25:58.171+0000] {logging_mixin.py:188} INFO - [2025-10-17T15:25:58.170+0000] {dag.py:3947} INFO - Setting next_dagrun for air_quality_etl to 2025-10-17 15:00:00+00:00, run_after=2025-10-17 16:00:00+00:00
[2025-10-17T15:25:58.230+0000] {processor.py:183} INFO - Processing /opt/airflow/dags/stock_etl_dag.py took 3.156 seconds
[2025-10-17T15:26:30.579+0000] {processor.py:161} INFO - Started process (PID=619) to work on /opt/airflow/dags/stock_etl_dag.py
[2025-10-17T15:26:30.582+0000] {processor.py:830} INFO - Processing file /opt/airflow/dags/stock_etl_dag.py for tasks to queue
[2025-10-17T15:26:30.591+0000] {logging_mixin.py:188} INFO - [2025-10-17T15:26:30.588+0000] {dagbag.py:545} INFO - Filling up the DagBag from /opt/airflow/dags/stock_etl_dag.py
[2025-10-17T15:26:33.116+0000] {processor.py:840} INFO - DAG(s) 'air_quality_etl' retrieved from /opt/airflow/dags/stock_etl_dag.py
[2025-10-17T15:26:33.270+0000] {logging_mixin.py:188} INFO - [2025-10-17T15:26:33.268+0000] {dag.py:3089} INFO - Sync 1 DAGs
[2025-10-17T15:26:33.320+0000] {logging_mixin.py:188} INFO - [2025-10-17T15:26:33.319+0000] {dag.py:3947} INFO - Setting next_dagrun for air_quality_etl to 2025-10-17 15:00:00+00:00, run_after=2025-10-17 16:00:00+00:00
[2025-10-17T15:26:33.369+0000] {processor.py:183} INFO - Processing /opt/airflow/dags/stock_etl_dag.py took 2.937 seconds
[2025-10-17T15:27:05.944+0000] {processor.py:161} INFO - Started process (PID=625) to work on /opt/airflow/dags/stock_etl_dag.py
[2025-10-17T15:27:05.946+0000] {processor.py:830} INFO - Processing file /opt/airflow/dags/stock_etl_dag.py for tasks to queue
[2025-10-17T15:27:05.953+0000] {logging_mixin.py:188} INFO - [2025-10-17T15:27:05.948+0000] {dagbag.py:545} INFO - Filling up the DagBag from /opt/airflow/dags/stock_etl_dag.py
[2025-10-17T15:27:10.718+0000] {processor.py:840} INFO - DAG(s) 'air_quality_etl' retrieved from /opt/airflow/dags/stock_etl_dag.py
[2025-10-17T15:27:10.784+0000] {logging_mixin.py:188} INFO - [2025-10-17T15:27:10.782+0000] {dag.py:3089} INFO - Sync 1 DAGs
[2025-10-17T15:27:10.940+0000] {logging_mixin.py:188} INFO - [2025-10-17T15:27:10.939+0000] {dag.py:3947} INFO - Setting next_dagrun for air_quality_etl to 2025-10-17 15:00:00+00:00, run_after=2025-10-17 16:00:00+00:00
[2025-10-17T15:27:11.008+0000] {processor.py:183} INFO - Processing /opt/airflow/dags/stock_etl_dag.py took 5.092 seconds
[2025-10-17T15:27:41.281+0000] {processor.py:161} INFO - Started process (PID=631) to work on /opt/airflow/dags/stock_etl_dag.py
[2025-10-17T15:27:41.286+0000] {processor.py:830} INFO - Processing file /opt/airflow/dags/stock_etl_dag.py for tasks to queue
[2025-10-17T15:27:41.290+0000] {logging_mixin.py:188} INFO - [2025-10-17T15:27:41.288+0000] {dagbag.py:545} INFO - Filling up the DagBag from /opt/airflow/dags/stock_etl_dag.py
[2025-10-17T15:27:42.401+0000] {processor.py:840} INFO - DAG(s) 'air_quality_etl' retrieved from /opt/airflow/dags/stock_etl_dag.py
[2025-10-17T15:27:42.479+0000] {logging_mixin.py:188} INFO - [2025-10-17T15:27:42.478+0000] {dag.py:3089} INFO - Sync 1 DAGs
[2025-10-17T15:27:42.545+0000] {logging_mixin.py:188} INFO - [2025-10-17T15:27:42.544+0000] {dag.py:3947} INFO - Setting next_dagrun for air_quality_etl to 2025-10-17 15:00:00+00:00, run_after=2025-10-17 16:00:00+00:00
[2025-10-17T15:27:42.623+0000] {processor.py:183} INFO - Processing /opt/airflow/dags/stock_etl_dag.py took 1.382 seconds
[2025-10-17T15:28:15.322+0000] {processor.py:161} INFO - Started process (PID=637) to work on /opt/airflow/dags/stock_etl_dag.py
[2025-10-17T15:28:15.343+0000] {processor.py:830} INFO - Processing file /opt/airflow/dags/stock_etl_dag.py for tasks to queue
[2025-10-17T15:28:15.347+0000] {logging_mixin.py:188} INFO - [2025-10-17T15:28:15.346+0000] {dagbag.py:545} INFO - Filling up the DagBag from /opt/airflow/dags/stock_etl_dag.py
[2025-10-17T15:28:16.506+0000] {processor.py:840} INFO - DAG(s) 'air_quality_etl' retrieved from /opt/airflow/dags/stock_etl_dag.py
[2025-10-17T15:28:16.887+0000] {logging_mixin.py:188} INFO - [2025-10-17T15:28:16.883+0000] {dag.py:3089} INFO - Sync 1 DAGs
[2025-10-17T15:28:17.115+0000] {logging_mixin.py:188} INFO - [2025-10-17T15:28:17.115+0000] {dag.py:3947} INFO - Setting next_dagrun for air_quality_etl to 2025-10-17 15:00:00+00:00, run_after=2025-10-17 16:00:00+00:00
[2025-10-17T15:28:25.385+0000] {processor.py:183} INFO - Processing /opt/airflow/dags/stock_etl_dag.py took 10.084 seconds
[2025-10-17T15:28:56.104+0000] {processor.py:161} INFO - Started process (PID=646) to work on /opt/airflow/dags/stock_etl_dag.py
[2025-10-17T15:28:56.109+0000] {processor.py:830} INFO - Processing file /opt/airflow/dags/stock_etl_dag.py for tasks to queue
[2025-10-17T15:28:56.117+0000] {logging_mixin.py:188} INFO - [2025-10-17T15:28:56.115+0000] {dagbag.py:545} INFO - Filling up the DagBag from /opt/airflow/dags/stock_etl_dag.py
[2025-10-17T15:29:00.062+0000] {processor.py:840} INFO - DAG(s) 'air_quality_etl' retrieved from /opt/airflow/dags/stock_etl_dag.py
[2025-10-17T15:29:00.121+0000] {logging_mixin.py:188} INFO - [2025-10-17T15:29:00.119+0000] {dag.py:3089} INFO - Sync 1 DAGs
[2025-10-17T15:29:00.229+0000] {logging_mixin.py:188} INFO - [2025-10-17T15:29:00.228+0000] {dag.py:3947} INFO - Setting next_dagrun for air_quality_etl to 2025-10-17 15:00:00+00:00, run_after=2025-10-17 16:00:00+00:00
[2025-10-17T15:29:00.599+0000] {processor.py:183} INFO - Processing /opt/airflow/dags/stock_etl_dag.py took 4.545 seconds
[2025-10-17T15:29:31.083+0000] {processor.py:161} INFO - Started process (PID=652) to work on /opt/airflow/dags/stock_etl_dag.py
[2025-10-17T15:29:31.127+0000] {processor.py:830} INFO - Processing file /opt/airflow/dags/stock_etl_dag.py for tasks to queue
[2025-10-17T15:29:31.130+0000] {logging_mixin.py:188} INFO - [2025-10-17T15:29:31.129+0000] {dagbag.py:545} INFO - Filling up the DagBag from /opt/airflow/dags/stock_etl_dag.py
[2025-10-17T15:29:32.239+0000] {processor.py:840} INFO - DAG(s) 'air_quality_etl' retrieved from /opt/airflow/dags/stock_etl_dag.py
[2025-10-17T15:29:32.292+0000] {logging_mixin.py:188} INFO - [2025-10-17T15:29:32.291+0000] {dag.py:3089} INFO - Sync 1 DAGs
[2025-10-17T15:29:32.343+0000] {logging_mixin.py:188} INFO - [2025-10-17T15:29:32.342+0000] {dag.py:3947} INFO - Setting next_dagrun for air_quality_etl to 2025-10-17 15:00:00+00:00, run_after=2025-10-17 16:00:00+00:00
[2025-10-17T15:29:32.775+0000] {processor.py:183} INFO - Processing /opt/airflow/dags/stock_etl_dag.py took 1.713 seconds
[2025-10-17T15:30:03.084+0000] {processor.py:161} INFO - Started process (PID=658) to work on /opt/airflow/dags/stock_etl_dag.py
[2025-10-17T15:30:03.085+0000] {processor.py:830} INFO - Processing file /opt/airflow/dags/stock_etl_dag.py for tasks to queue
[2025-10-17T15:30:03.087+0000] {logging_mixin.py:188} INFO - [2025-10-17T15:30:03.086+0000] {dagbag.py:545} INFO - Filling up the DagBag from /opt/airflow/dags/stock_etl_dag.py
[2025-10-17T15:30:04.149+0000] {processor.py:840} INFO - DAG(s) 'air_quality_etl' retrieved from /opt/airflow/dags/stock_etl_dag.py
[2025-10-17T15:30:04.199+0000] {logging_mixin.py:188} INFO - [2025-10-17T15:30:04.198+0000] {dag.py:3089} INFO - Sync 1 DAGs
[2025-10-17T15:30:04.256+0000] {logging_mixin.py:188} INFO - [2025-10-17T15:30:04.256+0000] {dag.py:3947} INFO - Setting next_dagrun for air_quality_etl to 2025-10-17 15:00:00+00:00, run_after=2025-10-17 16:00:00+00:00
[2025-10-17T15:30:04.379+0000] {processor.py:183} INFO - Processing /opt/airflow/dags/stock_etl_dag.py took 1.308 seconds
[2025-10-17T15:30:37.654+0000] {processor.py:161} INFO - Started process (PID=664) to work on /opt/airflow/dags/stock_etl_dag.py
[2025-10-17T15:30:37.656+0000] {processor.py:830} INFO - Processing file /opt/airflow/dags/stock_etl_dag.py for tasks to queue
[2025-10-17T15:30:37.658+0000] {logging_mixin.py:188} INFO - [2025-10-17T15:30:37.658+0000] {dagbag.py:545} INFO - Filling up the DagBag from /opt/airflow/dags/stock_etl_dag.py
[2025-10-17T15:30:38.610+0000] {processor.py:840} INFO - DAG(s) 'air_quality_etl' retrieved from /opt/airflow/dags/stock_etl_dag.py
[2025-10-17T15:30:38.672+0000] {logging_mixin.py:188} INFO - [2025-10-17T15:30:38.671+0000] {dag.py:3089} INFO - Sync 1 DAGs
[2025-10-17T15:30:38.739+0000] {logging_mixin.py:188} INFO - [2025-10-17T15:30:38.739+0000] {dag.py:3947} INFO - Setting next_dagrun for air_quality_etl to 2025-10-17 15:00:00+00:00, run_after=2025-10-17 16:00:00+00:00
[2025-10-17T15:30:38.885+0000] {processor.py:183} INFO - Processing /opt/airflow/dags/stock_etl_dag.py took 1.249 seconds
[2025-10-17T15:31:12.126+0000] {processor.py:161} INFO - Started process (PID=670) to work on /opt/airflow/dags/stock_etl_dag.py
[2025-10-17T15:31:12.195+0000] {processor.py:830} INFO - Processing file /opt/airflow/dags/stock_etl_dag.py for tasks to queue
[2025-10-17T15:31:12.198+0000] {logging_mixin.py:188} INFO - [2025-10-17T15:31:12.197+0000] {dagbag.py:545} INFO - Filling up the DagBag from /opt/airflow/dags/stock_etl_dag.py
[2025-10-17T15:31:14.141+0000] {processor.py:840} INFO - DAG(s) 'air_quality_etl' retrieved from /opt/airflow/dags/stock_etl_dag.py
[2025-10-17T15:31:14.226+0000] {logging_mixin.py:188} INFO - [2025-10-17T15:31:14.225+0000] {dag.py:3089} INFO - Sync 1 DAGs
[2025-10-17T15:31:14.283+0000] {logging_mixin.py:188} INFO - [2025-10-17T15:31:14.283+0000] {dag.py:3947} INFO - Setting next_dagrun for air_quality_etl to 2025-10-17 15:00:00+00:00, run_after=2025-10-17 16:00:00+00:00
[2025-10-17T15:31:14.332+0000] {processor.py:183} INFO - Processing /opt/airflow/dags/stock_etl_dag.py took 2.221 seconds
[2025-10-17T15:31:47.893+0000] {processor.py:161} INFO - Started process (PID=676) to work on /opt/airflow/dags/stock_etl_dag.py
[2025-10-17T15:31:47.895+0000] {processor.py:830} INFO - Processing file /opt/airflow/dags/stock_etl_dag.py for tasks to queue
[2025-10-17T15:31:47.899+0000] {logging_mixin.py:188} INFO - [2025-10-17T15:31:47.896+0000] {dagbag.py:545} INFO - Filling up the DagBag from /opt/airflow/dags/stock_etl_dag.py
[2025-10-17T15:31:50.562+0000] {processor.py:840} INFO - DAG(s) 'air_quality_etl' retrieved from /opt/airflow/dags/stock_etl_dag.py
[2025-10-17T15:31:50.620+0000] {logging_mixin.py:188} INFO - [2025-10-17T15:31:50.619+0000] {dag.py:3089} INFO - Sync 1 DAGs
[2025-10-17T15:31:50.673+0000] {logging_mixin.py:188} INFO - [2025-10-17T15:31:50.673+0000] {dag.py:3947} INFO - Setting next_dagrun for air_quality_etl to 2025-10-17 15:00:00+00:00, run_after=2025-10-17 16:00:00+00:00
[2025-10-17T15:31:50.803+0000] {processor.py:183} INFO - Processing /opt/airflow/dags/stock_etl_dag.py took 2.942 seconds
[2025-10-17T15:32:23.302+0000] {processor.py:161} INFO - Started process (PID=682) to work on /opt/airflow/dags/stock_etl_dag.py
[2025-10-17T15:32:23.336+0000] {processor.py:830} INFO - Processing file /opt/airflow/dags/stock_etl_dag.py for tasks to queue
[2025-10-17T15:32:23.341+0000] {logging_mixin.py:188} INFO - [2025-10-17T15:32:23.339+0000] {dagbag.py:545} INFO - Filling up the DagBag from /opt/airflow/dags/stock_etl_dag.py
[2025-10-17T15:32:24.395+0000] {processor.py:840} INFO - DAG(s) 'air_quality_etl' retrieved from /opt/airflow/dags/stock_etl_dag.py
[2025-10-17T15:32:24.438+0000] {logging_mixin.py:188} INFO - [2025-10-17T15:32:24.437+0000] {dag.py:3089} INFO - Sync 1 DAGs
[2025-10-17T15:32:24.501+0000] {logging_mixin.py:188} INFO - [2025-10-17T15:32:24.501+0000] {dag.py:3947} INFO - Setting next_dagrun for air_quality_etl to 2025-10-17 15:00:00+00:00, run_after=2025-10-17 16:00:00+00:00
[2025-10-17T15:32:24.620+0000] {processor.py:183} INFO - Processing /opt/airflow/dags/stock_etl_dag.py took 1.350 seconds
[2025-10-17T15:32:58.174+0000] {processor.py:161} INFO - Started process (PID=688) to work on /opt/airflow/dags/stock_etl_dag.py
[2025-10-17T15:32:58.176+0000] {processor.py:830} INFO - Processing file /opt/airflow/dags/stock_etl_dag.py for tasks to queue
[2025-10-17T15:32:58.178+0000] {logging_mixin.py:188} INFO - [2025-10-17T15:32:58.177+0000] {dagbag.py:545} INFO - Filling up the DagBag from /opt/airflow/dags/stock_etl_dag.py
[2025-10-17T15:32:59.160+0000] {processor.py:840} INFO - DAG(s) 'air_quality_etl' retrieved from /opt/airflow/dags/stock_etl_dag.py
[2025-10-17T15:32:59.203+0000] {logging_mixin.py:188} INFO - [2025-10-17T15:32:59.202+0000] {dag.py:3089} INFO - Sync 1 DAGs
[2025-10-17T15:32:59.236+0000] {logging_mixin.py:188} INFO - [2025-10-17T15:32:59.236+0000] {dag.py:3947} INFO - Setting next_dagrun for air_quality_etl to 2025-10-17 15:00:00+00:00, run_after=2025-10-17 16:00:00+00:00
[2025-10-17T15:32:59.387+0000] {processor.py:183} INFO - Processing /opt/airflow/dags/stock_etl_dag.py took 1.229 seconds
[2025-10-17T15:33:29.800+0000] {processor.py:161} INFO - Started process (PID=694) to work on /opt/airflow/dags/stock_etl_dag.py
[2025-10-17T15:33:29.923+0000] {processor.py:830} INFO - Processing file /opt/airflow/dags/stock_etl_dag.py for tasks to queue
[2025-10-17T15:33:29.928+0000] {logging_mixin.py:188} INFO - [2025-10-17T15:33:29.927+0000] {dagbag.py:545} INFO - Filling up the DagBag from /opt/airflow/dags/stock_etl_dag.py
[2025-10-17T15:33:34.327+0000] {processor.py:840} INFO - DAG(s) 'air_quality_etl' retrieved from /opt/airflow/dags/stock_etl_dag.py
[2025-10-17T15:33:34.376+0000] {logging_mixin.py:188} INFO - [2025-10-17T15:33:34.374+0000] {dag.py:3089} INFO - Sync 1 DAGs
[2025-10-17T15:33:34.423+0000] {logging_mixin.py:188} INFO - [2025-10-17T15:33:34.423+0000] {dag.py:3947} INFO - Setting next_dagrun for air_quality_etl to 2025-10-17 15:00:00+00:00, run_after=2025-10-17 16:00:00+00:00
[2025-10-17T15:33:34.506+0000] {processor.py:183} INFO - Processing /opt/airflow/dags/stock_etl_dag.py took 1.562 seconds
[2025-10-17T15:33:54.201+0000] {processor.py:161} INFO - Started process (PID=700) to work on /opt/airflow/dags/stock_etl_dag.py
[2025-10-17T15:33:54.203+0000] {processor.py:830} INFO - Processing file /opt/airflow/dags/stock_etl_dag.py for tasks to queue
[2025-10-17T15:33:54.206+0000] {logging_mixin.py:188} INFO - [2025-10-17T15:33:54.205+0000] {dagbag.py:545} INFO - Filling up the DagBag from /opt/airflow/dags/stock_etl_dag.py
[2025-10-17T15:33:55.663+0000] {processor.py:840} INFO - DAG(s) 'air_quality_etl' retrieved from /opt/airflow/dags/stock_etl_dag.py
[2025-10-17T15:33:55.702+0000] {logging_mixin.py:188} INFO - [2025-10-17T15:33:55.701+0000] {dag.py:3089} INFO - Sync 1 DAGs
[2025-10-17T15:33:55.735+0000] {logging_mixin.py:188} INFO - [2025-10-17T15:33:55.734+0000] {dag.py:3947} INFO - Setting next_dagrun for air_quality_etl to 2025-10-17 15:00:00+00:00, run_after=2025-10-17 16:00:00+00:00
[2025-10-17T15:33:55.911+0000] {processor.py:183} INFO - Processing /opt/airflow/dags/stock_etl_dag.py took 1.750 seconds
[2025-10-17T15:34:27.037+0000] {processor.py:161} INFO - Started process (PID=706) to work on /opt/airflow/dags/stock_etl_dag.py
[2025-10-17T15:34:27.424+0000] {processor.py:830} INFO - Processing file /opt/airflow/dags/stock_etl_dag.py for tasks to queue
[2025-10-17T15:34:27.429+0000] {logging_mixin.py:188} INFO - [2025-10-17T15:34:27.427+0000] {dagbag.py:545} INFO - Filling up the DagBag from /opt/airflow/dags/stock_etl_dag.py
[2025-10-17T15:34:28.594+0000] {processor.py:840} INFO - DAG(s) 'air_quality_etl' retrieved from /opt/airflow/dags/stock_etl_dag.py
[2025-10-17T15:34:28.647+0000] {logging_mixin.py:188} INFO - [2025-10-17T15:34:28.646+0000] {dag.py:3089} INFO - Sync 1 DAGs
[2025-10-17T15:34:28.704+0000] {logging_mixin.py:188} INFO - [2025-10-17T15:34:28.703+0000] {dag.py:3947} INFO - Setting next_dagrun for air_quality_etl to 2025-10-17 15:00:00+00:00, run_after=2025-10-17 16:00:00+00:00
[2025-10-17T15:34:28.815+0000] {processor.py:183} INFO - Processing /opt/airflow/dags/stock_etl_dag.py took 1.815 seconds
