[2025-10-20T16:48:22.040+0300] {local_task_job_runner.py:120} INFO - ::group::Pre task execution logs
[2025-10-20T16:48:24.848+0300] {taskinstance.py:2076} INFO - Dependencies all met for dep_context=non-requeueable deps ti=<TaskInstance: stock_etl.transform_TSLA manual__2025-10-20T13:45:40+00:00 [queued]>
[2025-10-20T16:48:26.054+0300] {taskinstance.py:2076} INFO - Dependencies all met for dep_context=requeueable deps ti=<TaskInstance: stock_etl.transform_TSLA manual__2025-10-20T13:45:40+00:00 [queued]>
[2025-10-20T16:48:26.055+0300] {taskinstance.py:2306} INFO - Starting attempt 1 of 2
[2025-10-20T16:48:27.812+0300] {taskinstance.py:2330} INFO - Executing <Task(PythonOperator): transform_TSLA> on 2025-10-20 13:45:40+00:00
[2025-10-20T16:48:27.910+0300] {standard_task_runner.py:90} INFO - Running: ['airflow', 'tasks', 'run', 'stock_etl', 'transform_TSLA', 'manual__2025-10-20T13:45:40+00:00', '--job-id', '44', '--raw', '--subdir', 'DAGS_FOLDER/stock_etl_dag.py', '--cfg-path', '/tmp/tmp1t9oezvl']
[2025-10-20T16:48:27.916+0300] {standard_task_runner.py:91} INFO - Job 44: Subtask transform_TSLA
[2025-10-20T16:48:27.927+0300] {logging_mixin.py:188} WARNING - /home/airflow/.local/lib/python3.12/site-packages/airflow/task/task_runner/standard_task_runner.py:62 DeprecationWarning: This process (pid=221) is multi-threaded, use of fork() may lead to deadlocks in the child.
[2025-10-20T16:48:27.928+0300] {standard_task_runner.py:64} INFO - Started process 234 to run task
[2025-10-20T16:48:37.237+0300] {task_command.py:426} INFO - Running <TaskInstance: stock_etl.transform_TSLA manual__2025-10-20T13:45:40+00:00 [running]> on host 51be0a441cbc
[2025-10-20T16:48:59.832+0300] {taskinstance.py:2648} INFO - Exporting env vars: AIRFLOW_CTX_DAG_OWNER='airflow' AIRFLOW_CTX_DAG_ID='stock_etl' AIRFLOW_CTX_TASK_ID='transform_TSLA' AIRFLOW_CTX_EXECUTION_DATE='2025-10-20T13:45:40+00:00' AIRFLOW_CTX_TRY_NUMBER='1' AIRFLOW_CTX_DAG_RUN_ID='manual__2025-10-20T13:45:40+00:00'
[2025-10-20T16:48:59.834+0300] {taskinstance.py:430} INFO - ::endgroup::
[2025-10-20T16:49:07.389+0300] {logging_mixin.py:188} WARNING - /opt/airflow/dags/stock_etl_dag.py:48 FutureWarning: Passing literal json to 'read_json' is deprecated and will be removed in a future version. To read from a literal string, wrap it in a 'StringIO' object.
[2025-10-20T16:49:08.615+0300] {taskinstance.py:441} INFO - ::group::Post task execution logs
[2025-10-20T16:49:08.616+0300] {taskinstance.py:2905} ERROR - Task failed with exception
Traceback (most recent call last):
  File "/home/airflow/.local/lib/python3.12/site-packages/airflow/models/taskinstance.py", line 465, in _execute_task
    result = _execute_callable(context=context, **execute_callable_kwargs)
             ^^^^^^^^^^^^^^^^^^^^^^^^^^^^^^^^^^^^^^^^^^^^^^^^^^^^^^^^^^^^^
  File "/home/airflow/.local/lib/python3.12/site-packages/airflow/models/taskinstance.py", line 432, in _execute_callable
    return execute_callable(context=context, **execute_callable_kwargs)
           ^^^^^^^^^^^^^^^^^^^^^^^^^^^^^^^^^^^^^^^^^^^^^^^^^^^^^^^^^^^^
  File "/home/airflow/.local/lib/python3.12/site-packages/airflow/models/baseoperator.py", line 401, in wrapper
    return func(self, *args, **kwargs)
           ^^^^^^^^^^^^^^^^^^^^^^^^^^^
  File "/home/airflow/.local/lib/python3.12/site-packages/airflow/operators/python.py", line 235, in execute
    return_value = self.execute_callable()
                   ^^^^^^^^^^^^^^^^^^^^^^^
  File "/home/airflow/.local/lib/python3.12/site-packages/airflow/operators/python.py", line 252, in execute_callable
    return self.python_callable(*self.op_args, **self.op_kwargs)
           ^^^^^^^^^^^^^^^^^^^^^^^^^^^^^^^^^^^^^^^^^^^^^^^^^^^^^
  File "/opt/airflow/dags/stock_etl_dag.py", line 51, in transform_data
    if not results:
           ^^^^^^^
  File "/home/airflow/.local/lib/python3.12/site-packages/pandas/core/generic.py", line 1519, in __nonzero__
    raise ValueError(
ValueError: The truth value of a Series is ambiguous. Use a.empty, a.bool(), a.item(), a.any() or a.all().
[2025-10-20T16:49:11.412+0300] {taskinstance.py:1206} INFO - Marking task as UP_FOR_RETRY. dag_id=stock_etl, task_id=transform_TSLA, run_id=manual__2025-10-20T13:45:40+00:00, execution_date=20251020T134540, start_date=20251020T134824, end_date=20251020T134911
[2025-10-20T16:49:12.719+0300] {standard_task_runner.py:110} ERROR - Failed to execute job 44 for task transform_TSLA (The truth value of a Series is ambiguous. Use a.empty, a.bool(), a.item(), a.any() or a.all().; 234)
[2025-10-20T16:49:18.250+0300] {local_task_job_runner.py:243} INFO - Task exited with return code 1
[2025-10-20T16:49:20.902+0300] {taskinstance.py:3503} INFO - 0 downstream tasks scheduled from follow-on schedule check
[2025-10-20T16:49:21.156+0300] {local_task_job_runner.py:222} INFO - ::endgroup::
