[2025-10-20T22:57:51.830+0300] {local_task_job_runner.py:120} INFO - ::group::Pre task execution logs
[2025-10-20T22:57:55.524+0300] {taskinstance.py:2076} INFO - Dependencies all met for dep_context=non-requeueable deps ti=<TaskInstance: stock_etl.extract_task manual__2025-10-20T19:56:51.764997+00:00 [queued]>
[2025-10-20T22:57:57.095+0300] {taskinstance.py:2076} INFO - Dependencies all met for dep_context=requeueable deps ti=<TaskInstance: stock_etl.extract_task manual__2025-10-20T19:56:51.764997+00:00 [queued]>
[2025-10-20T22:57:57.097+0300] {taskinstance.py:2306} INFO - Starting attempt 1 of 4
[2025-10-20T22:58:00.589+0300] {taskinstance.py:2330} INFO - Executing <Task(PythonOperator): extract_task> on 2025-10-20 19:56:51.764997+00:00
[2025-10-20T22:58:00.644+0300] {standard_task_runner.py:90} INFO - Running: ['airflow', 'tasks', 'run', 'stock_etl', 'extract_task', 'manual__2025-10-20T19:56:51.764997+00:00', '--job-id', '94', '--raw', '--subdir', 'DAGS_FOLDER/stock_etl_dag.py', '--cfg-path', '/tmp/tmp1dkusedj']
[2025-10-20T22:58:00.667+0300] {standard_task_runner.py:91} INFO - Job 94: Subtask extract_task
[2025-10-20T22:58:00.699+0300] {logging_mixin.py:188} WARNING - /home/airflow/.local/lib/python3.12/site-packages/airflow/task/task_runner/standard_task_runner.py:62 DeprecationWarning: This process (pid=254) is multi-threaded, use of fork() may lead to deadlocks in the child.
[2025-10-20T22:58:00.703+0300] {standard_task_runner.py:64} INFO - Started process 258 to run task
[2025-10-20T22:58:09.502+0300] {task_command.py:426} INFO - Running <TaskInstance: stock_etl.extract_task manual__2025-10-20T19:56:51.764997+00:00 [running]> on host dd089035df98
[2025-10-20T22:58:39.073+0300] {taskinstance.py:2648} INFO - Exporting env vars: AIRFLOW_CTX_DAG_OWNER='airflow' AIRFLOW_CTX_DAG_ID='stock_etl' AIRFLOW_CTX_TASK_ID='extract_task' AIRFLOW_CTX_EXECUTION_DATE='2025-10-20T19:56:51.764997+00:00' AIRFLOW_CTX_TRY_NUMBER='1' AIRFLOW_CTX_DAG_RUN_ID='manual__2025-10-20T19:56:51.764997+00:00'
[2025-10-20T22:58:39.078+0300] {taskinstance.py:430} INFO - ::endgroup::
[2025-10-20T22:58:39.960+0300] {logging_mixin.py:188} INFO - Failed to fetch data for NVDA: {"status":"ERROR","request_id":"1554c60e8b51498e456dd26a58e21123","error":"Invalid time span. The only supported resolutions are minute|hour|day|week|month|quarter|year"}
[2025-10-20T22:58:40.970+0300] {logging_mixin.py:188} INFO - Failed to fetch data for TSLA: {"status":"ERROR","request_id":"3d9aa9a682a869dfdfb92a4dec75ffec","error":"Invalid time span. The only supported resolutions are minute|hour|day|week|month|quarter|year"}
[2025-10-20T22:58:41.974+0300] {logging_mixin.py:188} INFO - Failed to fetch data for MSFT: {"status":"ERROR","request_id":"e2951806ee7e0b601a176cf65894e534","error":"Invalid time span. The only supported resolutions are minute|hour|day|week|month|quarter|year"}
[2025-10-20T22:58:42.623+0300] {logging_mixin.py:188} INFO - Failed to fetch data for GOOGL: {"status":"ERROR","request_id":"99be0d5e6e9bf90b9f55ab1af220271b","error":"Invalid time span. The only supported resolutions are minute|hour|day|week|month|quarter|year"}
[2025-10-20T22:58:46.014+0300] {python.py:237} INFO - Done. Returned value was: None
[2025-10-20T22:58:46.018+0300] {taskinstance.py:441} INFO - ::group::Post task execution logs
[2025-10-20T22:58:48.484+0300] {taskinstance.py:1206} INFO - Marking task as SUCCESS. dag_id=stock_etl, task_id=extract_task, run_id=manual__2025-10-20T19:56:51.764997+00:00, execution_date=20251020T195651, start_date=20251020T195755, end_date=20251020T195848
[2025-10-20T22:58:59.750+0300] {local_task_job_runner.py:243} INFO - Task exited with return code 0
[2025-10-20T22:59:04.319+0300] {taskinstance.py:3503} INFO - 1 downstream tasks scheduled from follow-on schedule check
[2025-10-20T22:59:04.726+0300] {local_task_job_runner.py:222} INFO - ::endgroup::
