[2025-10-20T12:41:32.049+0000] {local_task_job_runner.py:120} INFO - ::group::Pre task execution logs
[2025-10-20T12:41:36.431+0000] {taskinstance.py:2076} INFO - Dependencies all met for dep_context=non-requeueable deps ti=<TaskInstance: stock_etl.fetch_stock_data scheduled__2025-10-19T00:00:00+00:00 [queued]>
[2025-10-20T12:41:38.040+0000] {taskinstance.py:2076} INFO - Dependencies all met for dep_context=requeueable deps ti=<TaskInstance: stock_etl.fetch_stock_data scheduled__2025-10-19T00:00:00+00:00 [queued]>
[2025-10-20T12:41:38.041+0000] {taskinstance.py:2306} INFO - Starting attempt 1 of 2
[2025-10-20T12:41:40.048+0000] {taskinstance.py:2330} INFO - Executing <Task(PythonOperator): fetch_stock_data> on 2025-10-19 00:00:00+00:00
[2025-10-20T12:41:40.196+0000] {standard_task_runner.py:90} INFO - Running: ['airflow', 'tasks', 'run', 'stock_etl', 'fetch_stock_data', 'scheduled__2025-10-19T00:00:00+00:00', '--job-id', '24', '--raw', '--subdir', 'DAGS_FOLDER/stock_etl_dag.py', '--cfg-path', '/tmp/tmpyl8s9pah']
[2025-10-20T12:41:40.217+0000] {standard_task_runner.py:91} INFO - Job 24: Subtask fetch_stock_data
[2025-10-20T12:41:40.246+0000] {logging_mixin.py:188} WARNING - /home/airflow/.local/lib/python3.12/site-packages/airflow/task/task_runner/standard_task_runner.py:62 DeprecationWarning: This process (pid=407) is multi-threaded, use of fork() may lead to deadlocks in the child.
[2025-10-20T12:41:40.249+0000] {standard_task_runner.py:64} INFO - Started process 411 to run task
[2025-10-20T12:41:56.037+0000] {task_command.py:426} INFO - Running <TaskInstance: stock_etl.fetch_stock_data scheduled__2025-10-19T00:00:00+00:00 [running]> on host 7291be9e0ed3
[2025-10-20T12:42:14.173+0000] {taskinstance.py:2648} INFO - Exporting env vars: AIRFLOW_CTX_DAG_OWNER='airflow' AIRFLOW_CTX_DAG_ID='stock_etl' AIRFLOW_CTX_TASK_ID='fetch_stock_data' AIRFLOW_CTX_EXECUTION_DATE='2025-10-19T00:00:00+00:00' AIRFLOW_CTX_TRY_NUMBER='1' AIRFLOW_CTX_DAG_RUN_ID='scheduled__2025-10-19T00:00:00+00:00'
[2025-10-20T12:42:14.177+0000] {taskinstance.py:430} INFO - ::endgroup::
[2025-10-20T12:42:14.244+0000] {stock_etl_dag.py:23} INFO - Fetching stock reference data for AAPL from Polygon.io
[2025-10-20T12:42:28.160+0000] {stock_etl_dag.py:34} INFO - Stock data fetched successfully.
[2025-10-20T12:42:28.165+0000] {python.py:237} INFO - Done. Returned value was: None
[2025-10-20T12:42:28.168+0000] {taskinstance.py:441} INFO - ::group::Post task execution logs
[2025-10-20T12:42:30.312+0000] {taskinstance.py:1206} INFO - Marking task as SUCCESS. dag_id=stock_etl, task_id=fetch_stock_data, run_id=scheduled__2025-10-19T00:00:00+00:00, execution_date=20251019T000000, start_date=20251020T124136, end_date=20251020T124230
[2025-10-20T12:42:40.165+0000] {local_task_job_runner.py:243} INFO - Task exited with return code 0
[2025-10-20T12:42:44.025+0000] {taskinstance.py:3503} INFO - 1 downstream tasks scheduled from follow-on schedule check
[2025-10-20T12:42:44.282+0000] {local_task_job_runner.py:222} INFO - ::endgroup::
