[2025-10-16T16:12:14.406+0000] {local_task_job_runner.py:120} INFO - ::group::Pre task execution logs
[2025-10-16T16:12:14.452+0000] {taskinstance.py:2076} INFO - Dependencies all met for dep_context=non-requeueable deps ti=<TaskInstance: stock_market_etl.load_task scheduled__2025-10-15T00:00:00+00:00 [queued]>
[2025-10-16T16:12:14.465+0000] {taskinstance.py:2076} INFO - Dependencies all met for dep_context=requeueable deps ti=<TaskInstance: stock_market_etl.load_task scheduled__2025-10-15T00:00:00+00:00 [queued]>
[2025-10-16T16:12:14.466+0000] {taskinstance.py:2306} INFO - Starting attempt 1 of 4
[2025-10-16T16:12:14.494+0000] {taskinstance.py:2330} INFO - Executing <Task(PythonOperator): load_task> on 2025-10-15 00:00:00+00:00
[2025-10-16T16:12:14.510+0000] {logging_mixin.py:188} WARNING - /home/***/.local/lib/python3.12/site-packages/***/task/task_runner/standard_task_runner.py:62 DeprecationWarning: This process (pid=183) is multi-threaded, use of fork() may lead to deadlocks in the child.
[2025-10-16T16:12:14.512+0000] {standard_task_runner.py:64} INFO - Started process 185 to run task
[2025-10-16T16:12:14.512+0000] {standard_task_runner.py:90} INFO - Running: ['***', 'tasks', 'run', 'stock_market_etl', 'load_task', 'scheduled__2025-10-15T00:00:00+00:00', '--job-id', '87', '--raw', '--subdir', 'DAGS_FOLDER/stock_etl_dag.py', '--cfg-path', '/tmp/tmpbvw2z4_y']
[2025-10-16T16:12:14.519+0000] {standard_task_runner.py:91} INFO - Job 87: Subtask load_task
[2025-10-16T16:12:14.598+0000] {task_command.py:426} INFO - Running <TaskInstance: stock_market_etl.load_task scheduled__2025-10-15T00:00:00+00:00 [running]> on host 7ed111c059a0
[2025-10-16T16:12:15.050+0000] {taskinstance.py:2648} INFO - Exporting env vars: AIRFLOW_CTX_DAG_OWNER='***' AIRFLOW_CTX_DAG_ID='stock_market_etl' AIRFLOW_CTX_TASK_ID='load_task' AIRFLOW_CTX_EXECUTION_DATE='2025-10-15T00:00:00+00:00' AIRFLOW_CTX_TRY_NUMBER='1' AIRFLOW_CTX_DAG_RUN_ID='scheduled__2025-10-15T00:00:00+00:00'
[2025-10-16T16:12:15.051+0000] {taskinstance.py:430} INFO - ::endgroup::
[2025-10-16T16:12:15.082+0000] {logging_mixin.py:188} WARNING - /opt/***/dags/stock_etl_dag.py:73 FutureWarning: Passing literal json to 'read_json' is deprecated and will be removed in a future version. To read from a literal string, wrap it in a 'StringIO' object.
[2025-10-16T16:12:15.182+0000] {stock_etl_dag.py:80} INFO - Loaded 10 records into stock_dividends table.
[2025-10-16T16:12:15.183+0000] {python.py:237} INFO - Done. Returned value was: None
[2025-10-16T16:12:15.184+0000] {taskinstance.py:441} INFO - ::group::Post task execution logs
[2025-10-16T16:12:15.201+0000] {taskinstance.py:1206} INFO - Marking task as SUCCESS. dag_id=stock_market_etl, task_id=load_task, run_id=scheduled__2025-10-15T00:00:00+00:00, execution_date=20251015T000000, start_date=20251016T161214, end_date=20251016T161215
[2025-10-16T16:12:15.295+0000] {local_task_job_runner.py:243} INFO - Task exited with return code 0
[2025-10-16T16:12:15.328+0000] {taskinstance.py:3503} INFO - 0 downstream tasks scheduled from follow-on schedule check
[2025-10-16T16:12:15.334+0000] {local_task_job_runner.py:222} INFO - ::endgroup::
