[2025-10-15T15:56:09.911+0000] {local_task_job_runner.py:120} INFO - ::group::Pre task execution logs
[2025-10-15T15:56:09.949+0000] {taskinstance.py:2076} INFO - Dependencies all met for dep_context=non-requeueable deps ti=<TaskInstance: stock_market_etl.load_task manual__2025-10-15T15:55:56.035861+00:00 [queued]>
[2025-10-15T15:56:09.959+0000] {taskinstance.py:2076} INFO - Dependencies all met for dep_context=requeueable deps ti=<TaskInstance: stock_market_etl.load_task manual__2025-10-15T15:55:56.035861+00:00 [queued]>
[2025-10-15T15:56:09.959+0000] {taskinstance.py:2306} INFO - Starting attempt 1 of 4
[2025-10-15T15:56:10.026+0000] {taskinstance.py:2330} INFO - Executing <Task(PythonOperator): load_task> on 2025-10-15 15:55:56.035861+00:00
[2025-10-15T15:56:10.039+0000] {standard_task_runner.py:90} INFO - Running: ['***', 'tasks', 'run', 'stock_market_etl', 'load_task', 'manual__2025-10-15T15:55:56.035861+00:00', '--job-id', '67', '--raw', '--subdir', 'DAGS_FOLDER/stock_etl_dag.py', '--cfg-path', '/tmp/tmp2p1stlq_']
[2025-10-15T15:56:10.046+0000] {standard_task_runner.py:91} INFO - Job 67: Subtask load_task
[2025-10-15T15:56:10.054+0000] {logging_mixin.py:188} WARNING - /home/***/.local/lib/python3.12/site-packages/***/task/task_runner/standard_task_runner.py:62 DeprecationWarning: This process (pid=226) is multi-threaded, use of fork() may lead to deadlocks in the child.
[2025-10-15T15:56:10.055+0000] {standard_task_runner.py:64} INFO - Started process 228 to run task
[2025-10-15T15:56:10.250+0000] {task_command.py:426} INFO - Running <TaskInstance: stock_market_etl.load_task manual__2025-10-15T15:55:56.035861+00:00 [running]> on host 963b21de5f97
[2025-10-15T15:56:10.489+0000] {taskinstance.py:2648} INFO - Exporting env vars: AIRFLOW_CTX_DAG_OWNER='***' AIRFLOW_CTX_DAG_ID='stock_market_etl' AIRFLOW_CTX_TASK_ID='load_task' AIRFLOW_CTX_EXECUTION_DATE='2025-10-15T15:55:56.035861+00:00' AIRFLOW_CTX_TRY_NUMBER='1' AIRFLOW_CTX_DAG_RUN_ID='manual__2025-10-15T15:55:56.035861+00:00'
[2025-10-15T15:56:10.490+0000] {taskinstance.py:430} INFO - ::endgroup::
[2025-10-15T15:56:10.715+0000] {logging_mixin.py:188} WARNING - /opt/***/dags/stock_etl_dag.py:73 FutureWarning: Passing literal json to 'read_json' is deprecated and will be removed in a future version. To read from a literal string, wrap it in a 'StringIO' object.
[2025-10-15T15:56:10.755+0000] {stock_etl_dag.py:80} INFO - Loaded 10 records into stock_dividends table.
[2025-10-15T15:56:10.756+0000] {python.py:237} INFO - Done. Returned value was: None
[2025-10-15T15:56:10.757+0000] {taskinstance.py:441} INFO - ::group::Post task execution logs
[2025-10-15T15:56:10.770+0000] {taskinstance.py:1206} INFO - Marking task as SUCCESS. dag_id=stock_market_etl, task_id=load_task, run_id=manual__2025-10-15T15:55:56.035861+00:00, execution_date=20251015T155556, start_date=20251015T155609, end_date=20251015T155610
[2025-10-15T15:56:10.954+0000] {local_task_job_runner.py:243} INFO - Task exited with return code 0
[2025-10-15T15:56:10.974+0000] {taskinstance.py:3503} INFO - 0 downstream tasks scheduled from follow-on schedule check
[2025-10-15T15:56:11.076+0000] {local_task_job_runner.py:222} INFO - ::endgroup::
