[2025-10-21T14:17:18.876+0300] {local_task_job_runner.py:120} INFO - ::group::Pre task execution logs
[2025-10-21T14:17:26.114+0300] {taskinstance.py:2076} INFO - Dependencies all met for dep_context=non-requeueable deps ti=<TaskInstance: stock_etl.extract_task manual__2025-10-21T11:16:21.476578+00:00 [queued]>
[2025-10-21T14:17:27.175+0300] {taskinstance.py:2076} INFO - Dependencies all met for dep_context=requeueable deps ti=<TaskInstance: stock_etl.extract_task manual__2025-10-21T11:16:21.476578+00:00 [queued]>
[2025-10-21T14:17:27.175+0300] {taskinstance.py:2306} INFO - Starting attempt 1 of 4
[2025-10-21T14:17:29.592+0300] {taskinstance.py:2330} INFO - Executing <Task(PythonOperator): extract_task> on 2025-10-21 11:16:21.476578+00:00
[2025-10-21T14:17:29.610+0300] {standard_task_runner.py:90} INFO - Running: ['airflow', 'tasks', 'run', 'stock_etl', 'extract_task', 'manual__2025-10-21T11:16:21.476578+00:00', '--job-id', '146', '--raw', '--subdir', 'DAGS_FOLDER/stock_etl_dag.py', '--cfg-path', '/tmp/tmpz6pp2i81']
[2025-10-21T14:17:29.615+0300] {standard_task_runner.py:91} INFO - Job 146: Subtask extract_task
[2025-10-21T14:17:29.622+0300] {logging_mixin.py:188} WARNING - /home/airflow/.local/lib/python3.12/site-packages/airflow/task/task_runner/standard_task_runner.py:62 DeprecationWarning: This process (pid=219) is multi-threaded, use of fork() may lead to deadlocks in the child.
[2025-10-21T14:17:29.622+0300] {standard_task_runner.py:64} INFO - Started process 227 to run task
[2025-10-21T14:17:40.026+0300] {task_command.py:426} INFO - Running <TaskInstance: stock_etl.extract_task manual__2025-10-21T11:16:21.476578+00:00 [running]> on host e76249e18489
[2025-10-21T14:17:55.903+0300] {taskinstance.py:2648} INFO - Exporting env vars: AIRFLOW_CTX_DAG_OWNER='airflow' AIRFLOW_CTX_DAG_ID='stock_etl' AIRFLOW_CTX_TASK_ID='extract_task' AIRFLOW_CTX_EXECUTION_DATE='2025-10-21T11:16:21.476578+00:00' AIRFLOW_CTX_TRY_NUMBER='1' AIRFLOW_CTX_DAG_RUN_ID='manual__2025-10-21T11:16:21.476578+00:00'
[2025-10-21T14:17:55.917+0300] {taskinstance.py:430} INFO - ::endgroup::
[2025-10-21T14:18:06.685+0300] {logging_mixin.py:188} INFO - Failed to fetch data for NVDA: {"status":"ERROR","request_id":"a867fe1fcb2c8c4e25778c942f716fb4","error":"Invalid time span. The only supported resolutions are minute|hour|day|week|month|quarter|year"}
[2025-10-21T14:18:07.308+0300] {logging_mixin.py:188} INFO - Failed to fetch data for TSLA: {"status":"ERROR","request_id":"d40b5447b3deab05d99837328adff9ad","error":"Invalid time span. The only supported resolutions are minute|hour|day|week|month|quarter|year"}
[2025-10-21T14:18:08.007+0300] {logging_mixin.py:188} INFO - Failed to fetch data for MSFT: {"status":"ERROR","request_id":"deb54f8b5d32b3d1c25ac54623e27abf","error":"Invalid time span. The only supported resolutions are minute|hour|day|week|month|quarter|year"}
[2025-10-21T14:18:10.611+0300] {logging_mixin.py:188} INFO - Failed to fetch data for GOOGL: {"status":"ERROR","request_id":"23982a09da8c46678a5a7b9a4eda04ac","error":"Invalid time span. The only supported resolutions are minute|hour|day|week|month|quarter|year"}
[2025-10-21T14:18:10.611+0300] {logging_mixin.py:188} INFO - Fetched 0 new rows from 2025-10-17 20:01:00 to 2025-10-21 11:17:05.064548
[2025-10-21T14:18:14.833+0300] {python.py:237} INFO - Done. Returned value was: None
[2025-10-21T14:18:14.835+0300] {taskinstance.py:441} INFO - ::group::Post task execution logs
[2025-10-21T14:18:17.807+0300] {taskinstance.py:1206} INFO - Marking task as SUCCESS. dag_id=stock_etl, task_id=extract_task, run_id=manual__2025-10-21T11:16:21.476578+00:00, execution_date=20251021T111621, start_date=20251021T111726, end_date=20251021T111817
[2025-10-21T14:18:31.147+0300] {local_task_job_runner.py:243} INFO - Task exited with return code 0
[2025-10-21T14:18:38.612+0300] {taskinstance.py:3503} INFO - 0 downstream tasks scheduled from follow-on schedule check
[2025-10-21T14:18:38.987+0300] {local_task_job_runner.py:222} INFO - ::endgroup::
