[2025-10-21T13:28:40.121+0300] {local_task_job_runner.py:120} INFO - ::group::Pre task execution logs
[2025-10-21T13:28:42.842+0300] {taskinstance.py:2076} INFO - Dependencies all met for dep_context=non-requeueable deps ti=<TaskInstance: stock_etl.extract_task manual__2025-10-21T10:27:42+00:00 [queued]>
[2025-10-21T13:28:43.884+0300] {taskinstance.py:2076} INFO - Dependencies all met for dep_context=requeueable deps ti=<TaskInstance: stock_etl.extract_task manual__2025-10-21T10:27:42+00:00 [queued]>
[2025-10-21T13:28:43.886+0300] {taskinstance.py:2306} INFO - Starting attempt 1 of 4
[2025-10-21T13:28:48.832+0300] {taskinstance.py:2330} INFO - Executing <Task(PythonOperator): extract_task> on 2025-10-21 10:27:42+00:00
[2025-10-21T13:28:48.874+0300] {standard_task_runner.py:90} INFO - Running: ['airflow', 'tasks', 'run', 'stock_etl', 'extract_task', 'manual__2025-10-21T10:27:42+00:00', '--job-id', '135', '--raw', '--subdir', 'DAGS_FOLDER/stock_etl_dag.py', '--cfg-path', '/tmp/tmpppq8key_']
[2025-10-21T13:28:48.890+0300] {logging_mixin.py:188} WARNING - /home/airflow/.local/lib/python3.12/site-packages/airflow/task/task_runner/standard_task_runner.py:62 DeprecationWarning: This process (pid=252) is multi-threaded, use of fork() may lead to deadlocks in the child.
[2025-10-21T13:28:48.892+0300] {standard_task_runner.py:91} INFO - Job 135: Subtask extract_task
[2025-10-21T13:28:48.893+0300] {standard_task_runner.py:64} INFO - Started process 260 to run task
[2025-10-21T13:29:00.655+0300] {task_command.py:426} INFO - Running <TaskInstance: stock_etl.extract_task manual__2025-10-21T10:27:42+00:00 [running]> on host 66b258a88eb1
[2025-10-21T13:29:18.684+0300] {taskinstance.py:2648} INFO - Exporting env vars: AIRFLOW_CTX_DAG_OWNER='airflow' AIRFLOW_CTX_DAG_ID='stock_etl' AIRFLOW_CTX_TASK_ID='extract_task' AIRFLOW_CTX_EXECUTION_DATE='2025-10-21T10:27:42+00:00' AIRFLOW_CTX_TRY_NUMBER='1' AIRFLOW_CTX_DAG_RUN_ID='manual__2025-10-21T10:27:42+00:00'
[2025-10-21T13:29:18.699+0300] {taskinstance.py:430} INFO - ::endgroup::
[2025-10-21T13:29:20.277+0300] {logging_mixin.py:188} INFO - Failed to fetch data for NVDA: {"status":"ERROR","request_id":"29be254b61c8ce11f77ee3115fc4994c","error":"Invalid time span. The only supported resolutions are minute|hour|day|week|month|quarter|year"}
[2025-10-21T13:29:21.015+0300] {logging_mixin.py:188} INFO - Failed to fetch data for TSLA: {"status":"ERROR","request_id":"a155a35335e9fdba864c8a8eae727055","error":"Invalid time span. The only supported resolutions are minute|hour|day|week|month|quarter|year"}
[2025-10-21T13:29:24.658+0300] {logging_mixin.py:188} INFO - Failed to fetch data for MSFT: {"status":"ERROR","request_id":"c50d325f6c737a02cf0f152617921422","error":"Invalid time span. The only supported resolutions are minute|hour|day|week|month|quarter|year"}
[2025-10-21T13:29:25.325+0300] {logging_mixin.py:188} INFO - Failed to fetch data for GOOGL: {"status":"ERROR","request_id":"999c681e0840b439673e9e313418b71f","error":"Invalid time span. The only supported resolutions are minute|hour|day|week|month|quarter|year"}
[2025-10-21T13:29:28.808+0300] {python.py:237} INFO - Done. Returned value was: None
[2025-10-21T13:29:28.811+0300] {taskinstance.py:441} INFO - ::group::Post task execution logs
[2025-10-21T13:29:31.309+0300] {taskinstance.py:1206} INFO - Marking task as SUCCESS. dag_id=stock_etl, task_id=extract_task, run_id=manual__2025-10-21T10:27:42+00:00, execution_date=20251021T102742, start_date=20251021T102842, end_date=20251021T102931
[2025-10-21T13:29:33.952+0300] {local_task_job_runner.py:243} INFO - Task exited with return code 0
[2025-10-21T13:29:38.728+0300] {taskinstance.py:3503} INFO - 1 downstream tasks scheduled from follow-on schedule check
[2025-10-21T13:29:39.121+0300] {local_task_job_runner.py:222} INFO - ::endgroup::
