[2025-10-15T17:39:53.840+0000] {local_task_job_runner.py:120} INFO - ::group::Pre task execution logs
[2025-10-15T17:39:54.163+0000] {taskinstance.py:2076} INFO - Dependencies all met for dep_context=non-requeueable deps ti=<TaskInstance: stock_market_etl.extract_task manual__2025-10-15T17:39:38.364056+00:00 [queued]>
[2025-10-15T17:39:54.190+0000] {taskinstance.py:2076} INFO - Dependencies all met for dep_context=requeueable deps ti=<TaskInstance: stock_market_etl.extract_task manual__2025-10-15T17:39:38.364056+00:00 [queued]>
[2025-10-15T17:39:54.191+0000] {taskinstance.py:2306} INFO - Starting attempt 1 of 4
[2025-10-15T17:39:54.264+0000] {taskinstance.py:2330} INFO - Executing <Task(PythonOperator): extract_task> on 2025-10-15 17:39:38.364056+00:00
[2025-10-15T17:39:54.312+0000] {standard_task_runner.py:90} INFO - Running: ['***', 'tasks', 'run', 'stock_market_etl', 'extract_task', 'manual__2025-10-15T17:39:38.364056+00:00', '--job-id', '80', '--raw', '--subdir', 'DAGS_FOLDER/stock_etl_dag.py', '--cfg-path', '/tmp/tmp5092fzct']
[2025-10-15T17:39:54.322+0000] {standard_task_runner.py:91} INFO - Job 80: Subtask extract_task
[2025-10-15T17:39:54.332+0000] {logging_mixin.py:188} WARNING - /home/***/.local/lib/python3.12/site-packages/***/task/task_runner/standard_task_runner.py:62 DeprecationWarning: This process (pid=1375) is multi-threaded, use of fork() may lead to deadlocks in the child.
[2025-10-15T17:39:54.334+0000] {standard_task_runner.py:64} INFO - Started process 1377 to run task
[2025-10-15T17:39:54.474+0000] {task_command.py:426} INFO - Running <TaskInstance: stock_market_etl.extract_task manual__2025-10-15T17:39:38.364056+00:00 [running]> on host 963b21de5f97
[2025-10-15T17:39:54.927+0000] {taskinstance.py:2648} INFO - Exporting env vars: AIRFLOW_CTX_DAG_OWNER='***' AIRFLOW_CTX_DAG_ID='stock_market_etl' AIRFLOW_CTX_TASK_ID='extract_task' AIRFLOW_CTX_EXECUTION_DATE='2025-10-15T17:39:38.364056+00:00' AIRFLOW_CTX_TRY_NUMBER='1' AIRFLOW_CTX_DAG_RUN_ID='manual__2025-10-15T17:39:38.364056+00:00'
[2025-10-15T17:39:54.932+0000] {taskinstance.py:430} INFO - ::endgroup::
[2025-10-15T17:39:55.330+0000] {stock_etl_dag.py:24} INFO - Fetching data from Polygon API...
[2025-10-15T17:39:57.097+0000] {stock_etl_dag.py:37} INFO - Fetched 10 records.
[2025-10-15T17:39:57.101+0000] {python.py:237} INFO - Done. Returned value was: None
[2025-10-15T17:39:57.103+0000] {taskinstance.py:441} INFO - ::group::Post task execution logs
[2025-10-15T17:40:03.044+0000] {taskinstance.py:1206} INFO - Marking task as SUCCESS. dag_id=stock_market_etl, task_id=extract_task, run_id=manual__2025-10-15T17:39:38.364056+00:00, execution_date=20251015T173938, start_date=20251015T173954, end_date=20251015T174003
[2025-10-15T17:40:03.506+0000] {local_task_job_runner.py:243} INFO - Task exited with return code 0
[2025-10-15T17:40:03.689+0000] {taskinstance.py:3503} INFO - 0 downstream tasks scheduled from follow-on schedule check
[2025-10-15T17:40:03.698+0000] {local_task_job_runner.py:222} INFO - ::endgroup::
