[2025-10-21T01:54:06.931+0300] {local_task_job_runner.py:120} INFO - ::group::Pre task execution logs
[2025-10-21T01:54:11.118+0300] {taskinstance.py:2076} INFO - Dependencies all met for dep_context=non-requeueable deps ti=<TaskInstance: stock_etl.extract_task manual__2025-10-20T22:53:27.900128+00:00 [queued]>
[2025-10-21T01:54:12.996+0300] {taskinstance.py:2076} INFO - Dependencies all met for dep_context=requeueable deps ti=<TaskInstance: stock_etl.extract_task manual__2025-10-20T22:53:27.900128+00:00 [queued]>
[2025-10-21T01:54:12.998+0300] {taskinstance.py:2306} INFO - Starting attempt 1 of 4
[2025-10-21T01:54:15.091+0300] {taskinstance.py:2330} INFO - Executing <Task(PythonOperator): extract_task> on 2025-10-20 22:53:27.900128+00:00
[2025-10-21T01:54:15.135+0300] {standard_task_runner.py:90} INFO - Running: ['airflow', 'tasks', 'run', 'stock_etl', 'extract_task', 'manual__2025-10-20T22:53:27.900128+00:00', '--job-id', '128', '--raw', '--subdir', 'DAGS_FOLDER/stock_etl_dag.py', '--cfg-path', '/tmp/tmpuy9pppfg']
[2025-10-21T01:54:15.144+0300] {standard_task_runner.py:91} INFO - Job 128: Subtask extract_task
[2025-10-21T01:54:15.154+0300] {logging_mixin.py:188} WARNING - /home/airflow/.local/lib/python3.12/site-packages/airflow/task/task_runner/standard_task_runner.py:62 DeprecationWarning: This process (pid=216) is multi-threaded, use of fork() may lead to deadlocks in the child.
[2025-10-21T01:54:15.155+0300] {standard_task_runner.py:64} INFO - Started process 222 to run task
[2025-10-21T01:54:28.023+0300] {task_command.py:426} INFO - Running <TaskInstance: stock_etl.extract_task manual__2025-10-20T22:53:27.900128+00:00 [running]> on host 66b258a88eb1
[2025-10-21T01:54:49.430+0300] {taskinstance.py:2648} INFO - Exporting env vars: AIRFLOW_CTX_DAG_OWNER='airflow' AIRFLOW_CTX_DAG_ID='stock_etl' AIRFLOW_CTX_TASK_ID='extract_task' AIRFLOW_CTX_EXECUTION_DATE='2025-10-20T22:53:27.900128+00:00' AIRFLOW_CTX_TRY_NUMBER='1' AIRFLOW_CTX_DAG_RUN_ID='manual__2025-10-20T22:53:27.900128+00:00'
[2025-10-21T01:54:49.438+0300] {taskinstance.py:430} INFO - ::endgroup::
[2025-10-21T01:54:50.310+0300] {logging_mixin.py:188} INFO - Failed to fetch data for NVDA: {"status":"ERROR","request_id":"47f4b8cb8e79c7737e8f354ce741d84f","error":"Invalid time span. The only supported resolutions are minute|hour|day|week|month|quarter|year"}
[2025-10-21T01:54:50.969+0300] {logging_mixin.py:188} INFO - Failed to fetch data for TSLA: {"status":"ERROR","request_id":"4b19384186b2686aa5895dab8a780516","error":"Invalid time span. The only supported resolutions are minute|hour|day|week|month|quarter|year"}
[2025-10-21T01:54:51.622+0300] {logging_mixin.py:188} INFO - Failed to fetch data for MSFT: {"status":"ERROR","request_id":"350ce898d9e13872f460932e050840b8","error":"Invalid time span. The only supported resolutions are minute|hour|day|week|month|quarter|year"}
[2025-10-21T01:54:52.259+0300] {logging_mixin.py:188} INFO - Failed to fetch data for GOOGL: {"status":"ERROR","request_id":"45baed8f8b0b3e7fff9153bc3bf46dfe","error":"Invalid time span. The only supported resolutions are minute|hour|day|week|month|quarter|year"}
[2025-10-21T01:54:55.059+0300] {python.py:237} INFO - Done. Returned value was: None
[2025-10-21T01:54:55.062+0300] {taskinstance.py:441} INFO - ::group::Post task execution logs
[2025-10-21T01:54:57.630+0300] {taskinstance.py:1206} INFO - Marking task as SUCCESS. dag_id=stock_etl, task_id=extract_task, run_id=manual__2025-10-20T22:53:27.900128+00:00, execution_date=20251020T225327, start_date=20251020T225411, end_date=20251020T225457
[2025-10-21T01:55:05.115+0300] {local_task_job_runner.py:243} INFO - Task exited with return code 0
[2025-10-21T01:55:09.332+0300] {taskinstance.py:3503} INFO - 1 downstream tasks scheduled from follow-on schedule check
[2025-10-21T01:55:09.638+0300] {local_task_job_runner.py:222} INFO - ::endgroup::
