[2025-10-21T13:55:55.974+0300] {local_task_job_runner.py:120} INFO - ::group::Pre task execution logs
[2025-10-21T13:55:58.686+0300] {taskinstance.py:2076} INFO - Dependencies all met for dep_context=non-requeueable deps ti=<TaskInstance: stock_etl.extract_task manual__2025-10-21T10:55:08+00:00 [queued]>
[2025-10-21T13:55:59.687+0300] {taskinstance.py:2076} INFO - Dependencies all met for dep_context=requeueable deps ti=<TaskInstance: stock_etl.extract_task manual__2025-10-21T10:55:08+00:00 [queued]>
[2025-10-21T13:55:59.687+0300] {taskinstance.py:2306} INFO - Starting attempt 1 of 4
[2025-10-21T13:56:00.963+0300] {taskinstance.py:2330} INFO - Executing <Task(PythonOperator): extract_task> on 2025-10-21 10:55:08+00:00
[2025-10-21T13:56:01.046+0300] {standard_task_runner.py:90} INFO - Running: ['airflow', 'tasks', 'run', 'stock_etl', 'extract_task', 'manual__2025-10-21T10:55:08+00:00', '--job-id', '142', '--raw', '--subdir', 'DAGS_FOLDER/stock_etl_dag.py', '--cfg-path', '/tmp/tmp0c9q_z1j']
[2025-10-21T13:56:01.062+0300] {standard_task_runner.py:91} INFO - Job 142: Subtask extract_task
[2025-10-21T13:56:01.082+0300] {logging_mixin.py:188} WARNING - /home/airflow/.local/lib/python3.12/site-packages/airflow/task/task_runner/standard_task_runner.py:62 DeprecationWarning: This process (pid=213) is multi-threaded, use of fork() may lead to deadlocks in the child.
[2025-10-21T13:56:01.082+0300] {standard_task_runner.py:64} INFO - Started process 217 to run task
[2025-10-21T13:56:17.868+0300] {task_command.py:426} INFO - Running <TaskInstance: stock_etl.extract_task manual__2025-10-21T10:55:08+00:00 [running]> on host 538b8e907aea
[2025-10-21T13:56:37.324+0300] {taskinstance.py:2648} INFO - Exporting env vars: AIRFLOW_CTX_DAG_OWNER='airflow' AIRFLOW_CTX_DAG_ID='stock_etl' AIRFLOW_CTX_TASK_ID='extract_task' AIRFLOW_CTX_EXECUTION_DATE='2025-10-21T10:55:08+00:00' AIRFLOW_CTX_TRY_NUMBER='1' AIRFLOW_CTX_DAG_RUN_ID='manual__2025-10-21T10:55:08+00:00'
[2025-10-21T13:56:37.325+0300] {taskinstance.py:430} INFO - ::endgroup::
[2025-10-21T13:56:44.396+0300] {logging_mixin.py:188} INFO - Failed to fetch data for NVDA: {"status":"ERROR","request_id":"d023018b07dcb58a2d9ca12e321d8ea3","error":"Invalid time span. The only supported resolutions are minute|hour|day|week|month|quarter|year"}
[2025-10-21T13:56:48.781+0300] {logging_mixin.py:188} INFO - Failed to fetch data for TSLA: {"status":"ERROR","request_id":"e21be9e8a0740477fed72735d48eb34e","error":"Invalid time span. The only supported resolutions are minute|hour|day|week|month|quarter|year"}
[2025-10-21T13:56:49.498+0300] {logging_mixin.py:188} INFO - Failed to fetch data for MSFT: {"status":"ERROR","request_id":"dcbd18a979e20150223e212576ad0637","error":"Invalid time span. The only supported resolutions are minute|hour|day|week|month|quarter|year"}
[2025-10-21T13:56:50.440+0300] {logging_mixin.py:188} INFO - Failed to fetch data for GOOGL: {"status":"ERROR","request_id":"ce84a314ea149f8f267be83c0fe242f5","error":"Invalid time span. The only supported resolutions are minute|hour|day|week|month|quarter|year"}
[2025-10-21T13:56:53.131+0300] {python.py:237} INFO - Done. Returned value was: None
[2025-10-21T13:56:53.132+0300] {taskinstance.py:441} INFO - ::group::Post task execution logs
[2025-10-21T13:56:57.075+0300] {taskinstance.py:1206} INFO - Marking task as SUCCESS. dag_id=stock_etl, task_id=extract_task, run_id=manual__2025-10-21T10:55:08+00:00, execution_date=20251021T105508, start_date=20251021T105558, end_date=20251021T105657
[2025-10-21T13:57:04.391+0300] {local_task_job_runner.py:243} INFO - Task exited with return code 0
[2025-10-21T13:57:06.662+0300] {local_task_job_runner.py:222} INFO - ::endgroup::
