[2025-10-21T13:17:43.862+0300] {local_task_job_runner.py:120} INFO - ::group::Pre task execution logs
[2025-10-21T13:17:47.772+0300] {taskinstance.py:2076} INFO - Dependencies all met for dep_context=non-requeueable deps ti=<TaskInstance: stock_etl.extract_task scheduled__2025-10-20T00:00:00+00:00 [queued]>
[2025-10-21T13:17:49.626+0300] {taskinstance.py:2076} INFO - Dependencies all met for dep_context=requeueable deps ti=<TaskInstance: stock_etl.extract_task scheduled__2025-10-20T00:00:00+00:00 [queued]>
[2025-10-21T13:17:49.627+0300] {taskinstance.py:2306} INFO - Starting attempt 1 of 4
[2025-10-21T13:17:51.599+0300] {taskinstance.py:2330} INFO - Executing <Task(PythonOperator): extract_task> on 2025-10-20 00:00:00+00:00
[2025-10-21T13:17:51.768+0300] {standard_task_runner.py:90} INFO - Running: ['airflow', 'tasks', 'run', 'stock_etl', 'extract_task', 'scheduled__2025-10-20T00:00:00+00:00', '--job-id', '132', '--raw', '--subdir', 'DAGS_FOLDER/stock_etl_dag.py', '--cfg-path', '/tmp/tmpwsivv5pa']
[2025-10-21T13:17:51.776+0300] {standard_task_runner.py:91} INFO - Job 132: Subtask extract_task
[2025-10-21T13:17:51.779+0300] {logging_mixin.py:188} WARNING - /home/airflow/.local/lib/python3.12/site-packages/airflow/task/task_runner/standard_task_runner.py:62 DeprecationWarning: This process (pid=163) is multi-threaded, use of fork() may lead to deadlocks in the child.
[2025-10-21T13:17:51.781+0300] {standard_task_runner.py:64} INFO - Started process 167 to run task
[2025-10-21T13:18:04.917+0300] {task_command.py:426} INFO - Running <TaskInstance: stock_etl.extract_task scheduled__2025-10-20T00:00:00+00:00 [running]> on host 66b258a88eb1
[2025-10-21T13:18:23.299+0300] {taskinstance.py:2648} INFO - Exporting env vars: AIRFLOW_CTX_DAG_OWNER='airflow' AIRFLOW_CTX_DAG_ID='stock_etl' AIRFLOW_CTX_TASK_ID='extract_task' AIRFLOW_CTX_EXECUTION_DATE='2025-10-20T00:00:00+00:00' AIRFLOW_CTX_TRY_NUMBER='1' AIRFLOW_CTX_DAG_RUN_ID='scheduled__2025-10-20T00:00:00+00:00'
[2025-10-21T13:18:23.303+0300] {taskinstance.py:430} INFO - ::endgroup::
[2025-10-21T13:18:24.962+0300] {logging_mixin.py:188} INFO - Failed to fetch data for NVDA: {"status":"ERROR","request_id":"762788a2401d631928f9c60e24a6735e","error":"Invalid time span. The only supported resolutions are minute|hour|day|week|month|quarter|year"}
[2025-10-21T13:18:25.645+0300] {logging_mixin.py:188} INFO - Failed to fetch data for TSLA: {"status":"ERROR","request_id":"8da8fd1ea69eb2cc93c804d1c0edbbce","error":"Invalid time span. The only supported resolutions are minute|hour|day|week|month|quarter|year"}
[2025-10-21T13:18:26.536+0300] {logging_mixin.py:188} INFO - Failed to fetch data for MSFT: {"status":"ERROR","request_id":"1f9f89a8c03629c96c6c8b0081ffd336","error":"Invalid time span. The only supported resolutions are minute|hour|day|week|month|quarter|year"}
[2025-10-21T13:18:27.269+0300] {logging_mixin.py:188} INFO - Failed to fetch data for GOOGL: {"status":"ERROR","request_id":"54d35c25958a0b7698dd77164c913563","error":"Invalid time span. The only supported resolutions are minute|hour|day|week|month|quarter|year"}
[2025-10-21T13:18:30.544+0300] {python.py:237} INFO - Done. Returned value was: None
[2025-10-21T13:18:30.546+0300] {taskinstance.py:441} INFO - ::group::Post task execution logs
[2025-10-21T13:18:36.415+0300] {taskinstance.py:1206} INFO - Marking task as SUCCESS. dag_id=stock_etl, task_id=extract_task, run_id=scheduled__2025-10-20T00:00:00+00:00, execution_date=20251020T000000, start_date=20251021T101747, end_date=20251021T101836
[2025-10-21T13:18:38.043+0300] {local_task_job_runner.py:243} INFO - Task exited with return code 0
[2025-10-21T13:18:40.962+0300] {local_task_job_runner.py:222} INFO - ::endgroup::
