[2025-10-15T15:56:36.752+0000] {local_task_job_runner.py:120} INFO - ::group::Pre task execution logs
[2025-10-15T15:56:36.798+0000] {taskinstance.py:2076} INFO - Dependencies all met for dep_context=non-requeueable deps ti=<TaskInstance: stock_market_etl.extract_task manual__2025-10-15T15:56:34.607684+00:00 [queued]>
[2025-10-15T15:56:36.813+0000] {taskinstance.py:2076} INFO - Dependencies all met for dep_context=requeueable deps ti=<TaskInstance: stock_market_etl.extract_task manual__2025-10-15T15:56:34.607684+00:00 [queued]>
[2025-10-15T15:56:36.813+0000] {taskinstance.py:2306} INFO - Starting attempt 1 of 4
[2025-10-15T15:56:36.934+0000] {taskinstance.py:2330} INFO - Executing <Task(PythonOperator): extract_task> on 2025-10-15 15:56:34.607684+00:00
[2025-10-15T15:56:36.949+0000] {standard_task_runner.py:90} INFO - Running: ['***', 'tasks', 'run', 'stock_market_etl', 'extract_task', 'manual__2025-10-15T15:56:34.607684+00:00', '--job-id', '71', '--raw', '--subdir', 'DAGS_FOLDER/stock_etl_dag.py', '--cfg-path', '/tmp/tmp3mkvtp2b']
[2025-10-15T15:56:36.953+0000] {standard_task_runner.py:91} INFO - Job 71: Subtask extract_task
[2025-10-15T15:56:36.957+0000] {logging_mixin.py:188} WARNING - /home/***/.local/lib/python3.12/site-packages/***/task/task_runner/standard_task_runner.py:62 DeprecationWarning: This process (pid=244) is multi-threaded, use of fork() may lead to deadlocks in the child.
[2025-10-15T15:56:36.958+0000] {standard_task_runner.py:64} INFO - Started process 246 to run task
[2025-10-15T15:56:37.132+0000] {task_command.py:426} INFO - Running <TaskInstance: stock_market_etl.extract_task manual__2025-10-15T15:56:34.607684+00:00 [running]> on host 963b21de5f97
[2025-10-15T15:56:37.653+0000] {taskinstance.py:2648} INFO - Exporting env vars: AIRFLOW_CTX_DAG_OWNER='***' AIRFLOW_CTX_DAG_ID='stock_market_etl' AIRFLOW_CTX_TASK_ID='extract_task' AIRFLOW_CTX_EXECUTION_DATE='2025-10-15T15:56:34.607684+00:00' AIRFLOW_CTX_TRY_NUMBER='1' AIRFLOW_CTX_DAG_RUN_ID='manual__2025-10-15T15:56:34.607684+00:00'
[2025-10-15T15:56:37.655+0000] {taskinstance.py:430} INFO - ::endgroup::
[2025-10-15T15:56:37.671+0000] {stock_etl_dag.py:24} INFO - Fetching data from Polygon API...
[2025-10-15T15:56:38.947+0000] {stock_etl_dag.py:37} INFO - Fetched 10 records.
[2025-10-15T15:56:38.949+0000] {python.py:237} INFO - Done. Returned value was: None
[2025-10-15T15:56:38.951+0000] {taskinstance.py:441} INFO - ::group::Post task execution logs
[2025-10-15T15:56:39.418+0000] {taskinstance.py:1206} INFO - Marking task as SUCCESS. dag_id=stock_market_etl, task_id=extract_task, run_id=manual__2025-10-15T15:56:34.607684+00:00, execution_date=20251015T155634, start_date=20251015T155636, end_date=20251015T155639
[2025-10-15T15:56:39.589+0000] {local_task_job_runner.py:243} INFO - Task exited with return code 0
[2025-10-15T15:56:39.619+0000] {taskinstance.py:3503} INFO - 1 downstream tasks scheduled from follow-on schedule check
[2025-10-15T15:56:39.691+0000] {local_task_job_runner.py:222} INFO - ::endgroup::
