[2025-10-16T16:09:49.883+0000] {local_task_job_runner.py:120} INFO - ::group::Pre task execution logs
[2025-10-16T16:09:59.127+0000] {taskinstance.py:2076} INFO - Dependencies all met for dep_context=non-requeueable deps ti=<TaskInstance: stock_market_etl.extract_task scheduled__2025-10-15T00:00:00+00:00 [queued]>
[2025-10-16T16:09:59.386+0000] {taskinstance.py:2076} INFO - Dependencies all met for dep_context=requeueable deps ti=<TaskInstance: stock_market_etl.extract_task scheduled__2025-10-15T00:00:00+00:00 [queued]>
[2025-10-16T16:09:59.387+0000] {taskinstance.py:2306} INFO - Starting attempt 1 of 4
[2025-10-16T16:09:59.659+0000] {taskinstance.py:2330} INFO - Executing <Task(PythonOperator): extract_task> on 2025-10-15 00:00:00+00:00
[2025-10-16T16:09:59.690+0000] {standard_task_runner.py:90} INFO - Running: ['***', 'tasks', 'run', 'stock_market_etl', 'extract_task', 'scheduled__2025-10-15T00:00:00+00:00', '--job-id', '85', '--raw', '--subdir', 'DAGS_FOLDER/stock_etl_dag.py', '--cfg-path', '/tmp/tmp3ljeon5l']
[2025-10-16T16:09:59.694+0000] {standard_task_runner.py:91} INFO - Job 85: Subtask extract_task
[2025-10-16T16:09:59.729+0000] {logging_mixin.py:188} WARNING - /home/***/.local/lib/python3.12/site-packages/***/task/task_runner/standard_task_runner.py:62 DeprecationWarning: This process (pid=162) is multi-threaded, use of fork() may lead to deadlocks in the child.
[2025-10-16T16:09:59.730+0000] {standard_task_runner.py:64} INFO - Started process 167 to run task
[2025-10-16T16:10:00.150+0000] {task_command.py:426} INFO - Running <TaskInstance: stock_market_etl.extract_task scheduled__2025-10-15T00:00:00+00:00 [running]> on host 7ed111c059a0
[2025-10-16T16:11:58.014+0000] {taskinstance.py:2648} INFO - Exporting env vars: AIRFLOW_CTX_DAG_OWNER='***' AIRFLOW_CTX_DAG_ID='stock_market_etl' AIRFLOW_CTX_TASK_ID='extract_task' AIRFLOW_CTX_EXECUTION_DATE='2025-10-15T00:00:00+00:00' AIRFLOW_CTX_TRY_NUMBER='1' AIRFLOW_CTX_DAG_RUN_ID='scheduled__2025-10-15T00:00:00+00:00'
[2025-10-16T16:11:58.020+0000] {taskinstance.py:430} INFO - ::endgroup::
[2025-10-16T16:11:58.718+0000] {stock_etl_dag.py:24} INFO - Fetching data from Polygon API...
[2025-10-16T16:12:01.040+0000] {stock_etl_dag.py:37} INFO - Fetched 10 records.
[2025-10-16T16:12:01.044+0000] {python.py:237} INFO - Done. Returned value was: None
[2025-10-16T16:12:01.048+0000] {taskinstance.py:441} INFO - ::group::Post task execution logs
[2025-10-16T16:12:01.094+0000] {taskinstance.py:1206} INFO - Marking task as SUCCESS. dag_id=stock_market_etl, task_id=extract_task, run_id=scheduled__2025-10-15T00:00:00+00:00, execution_date=20251015T000000, start_date=20251016T160959, end_date=20251016T161201
[2025-10-16T16:12:01.306+0000] {local_task_job_runner.py:243} INFO - Task exited with return code 0
[2025-10-16T16:12:01.714+0000] {taskinstance.py:3503} INFO - 1 downstream tasks scheduled from follow-on schedule check
[2025-10-16T16:12:01.723+0000] {local_task_job_runner.py:222} INFO - ::endgroup::
