[2025-10-20T13:08:25.836+0000] {local_task_job_runner.py:120} INFO - ::group::Pre task execution logs
[2025-10-20T13:08:31.094+0000] {taskinstance.py:2076} INFO - Dependencies all met for dep_context=non-requeueable deps ti=<TaskInstance: stock_reference_etl.fetch_task scheduled__2025-10-19T00:00:00+00:00 [queued]>
[2025-10-20T13:08:33.519+0000] {taskinstance.py:2076} INFO - Dependencies all met for dep_context=requeueable deps ti=<TaskInstance: stock_reference_etl.fetch_task scheduled__2025-10-19T00:00:00+00:00 [queued]>
[2025-10-20T13:08:33.520+0000] {taskinstance.py:2306} INFO - Starting attempt 2 of 2
[2025-10-20T13:08:35.308+0000] {taskinstance.py:2330} INFO - Executing <Task(PythonOperator): fetch_task> on 2025-10-19 00:00:00+00:00
[2025-10-20T13:08:35.349+0000] {standard_task_runner.py:90} INFO - Running: ['airflow', 'tasks', 'run', 'stock_reference_etl', 'fetch_task', 'scheduled__2025-10-19T00:00:00+00:00', '--job-id', '30', '--raw', '--subdir', 'DAGS_FOLDER/stock_etl_dag.py', '--cfg-path', '/tmp/tmpq7l1yhjl']
[2025-10-20T13:08:35.364+0000] {standard_task_runner.py:91} INFO - Job 30: Subtask fetch_task
[2025-10-20T13:08:35.381+0000] {logging_mixin.py:188} WARNING - /home/airflow/.local/lib/python3.12/site-packages/airflow/task/task_runner/standard_task_runner.py:62 DeprecationWarning: This process (pid=164) is multi-threaded, use of fork() may lead to deadlocks in the child.
[2025-10-20T13:08:35.384+0000] {standard_task_runner.py:64} INFO - Started process 168 to run task
[2025-10-20T13:08:50.224+0000] {task_command.py:426} INFO - Running <TaskInstance: stock_reference_etl.fetch_task scheduled__2025-10-19T00:00:00+00:00 [running]> on host 865f85ca472e
[2025-10-20T13:09:12.717+0000] {taskinstance.py:2648} INFO - Exporting env vars: AIRFLOW_CTX_DAG_OWNER='airflow' AIRFLOW_CTX_DAG_ID='stock_reference_etl' AIRFLOW_CTX_TASK_ID='fetch_task' AIRFLOW_CTX_EXECUTION_DATE='2025-10-19T00:00:00+00:00' AIRFLOW_CTX_TRY_NUMBER='2' AIRFLOW_CTX_DAG_RUN_ID='scheduled__2025-10-19T00:00:00+00:00'
[2025-10-20T13:09:12.719+0000] {taskinstance.py:430} INFO - ::endgroup::
[2025-10-20T13:09:12.803+0000] {stock_etl_dag.py:29} INFO - Fetching data for NVDA
[2025-10-20T13:09:14.204+0000] {stock_etl_dag.py:29} INFO - Fetching data for TSLA
[2025-10-20T13:09:15.899+0000] {stock_etl_dag.py:29} INFO - Fetching data for MSFT
[2025-10-20T13:09:16.645+0000] {stock_etl_dag.py:29} INFO - Fetching data for GOOGL
[2025-10-20T13:09:24.651+0000] {stock_etl_dag.py:46} INFO - Fetched data for all tickers successfully.
[2025-10-20T13:09:24.653+0000] {python.py:237} INFO - Done. Returned value was: None
[2025-10-20T13:09:24.655+0000] {taskinstance.py:441} INFO - ::group::Post task execution logs
[2025-10-20T13:09:32.269+0000] {taskinstance.py:1206} INFO - Marking task as SUCCESS. dag_id=stock_reference_etl, task_id=fetch_task, run_id=scheduled__2025-10-19T00:00:00+00:00, execution_date=20251019T000000, start_date=20251020T130831, end_date=20251020T130932
[2025-10-20T13:09:43.588+0000] {local_task_job_runner.py:243} INFO - Task exited with return code 0
[2025-10-20T13:09:49.842+0000] {taskinstance.py:3503} INFO - 1 downstream tasks scheduled from follow-on schedule check
[2025-10-20T13:09:50.270+0000] {local_task_job_runner.py:222} INFO - ::endgroup::
