[2025-10-21T14:24:53.085+0300] {local_task_job_runner.py:120} INFO - ::group::Pre task execution logs
[2025-10-21T14:24:55.374+0300] {taskinstance.py:2076} INFO - Dependencies all met for dep_context=non-requeueable deps ti=<TaskInstance: stock_etl.extract_task manual__2025-10-21T11:23:57.601123+00:00 [queued]>
[2025-10-21T14:24:56.365+0300] {taskinstance.py:2076} INFO - Dependencies all met for dep_context=requeueable deps ti=<TaskInstance: stock_etl.extract_task manual__2025-10-21T11:23:57.601123+00:00 [queued]>
[2025-10-21T14:24:56.365+0300] {taskinstance.py:2306} INFO - Starting attempt 1 of 4
[2025-10-21T14:24:58.094+0300] {taskinstance.py:2330} INFO - Executing <Task(PythonOperator): extract_task> on 2025-10-21 11:23:57.601123+00:00
[2025-10-21T14:24:58.132+0300] {standard_task_runner.py:90} INFO - Running: ['airflow', 'tasks', 'run', 'stock_etl', 'extract_task', 'manual__2025-10-21T11:23:57.601123+00:00', '--job-id', '149', '--raw', '--subdir', 'DAGS_FOLDER/stock_etl_dag.py', '--cfg-path', '/tmp/tmpy4g4xv2e']
[2025-10-21T14:24:58.138+0300] {standard_task_runner.py:91} INFO - Job 149: Subtask extract_task
[2025-10-21T14:24:58.145+0300] {logging_mixin.py:188} WARNING - /home/airflow/.local/lib/python3.12/site-packages/airflow/task/task_runner/standard_task_runner.py:62 DeprecationWarning: This process (pid=288) is multi-threaded, use of fork() may lead to deadlocks in the child.
[2025-10-21T14:24:58.146+0300] {standard_task_runner.py:64} INFO - Started process 296 to run task
[2025-10-21T14:25:07.481+0300] {task_command.py:426} INFO - Running <TaskInstance: stock_etl.extract_task manual__2025-10-21T11:23:57.601123+00:00 [running]> on host e76249e18489
[2025-10-21T14:25:36.856+0300] {taskinstance.py:2648} INFO - Exporting env vars: AIRFLOW_CTX_DAG_OWNER='airflow' AIRFLOW_CTX_DAG_ID='stock_etl' AIRFLOW_CTX_TASK_ID='extract_task' AIRFLOW_CTX_EXECUTION_DATE='2025-10-21T11:23:57.601123+00:00' AIRFLOW_CTX_TRY_NUMBER='1' AIRFLOW_CTX_DAG_RUN_ID='manual__2025-10-21T11:23:57.601123+00:00'
[2025-10-21T14:25:36.857+0300] {taskinstance.py:430} INFO - ::endgroup::
[2025-10-21T14:25:46.765+0300] {logging_mixin.py:188} INFO - Failed to fetch data for NVDA: {"status":"ERROR","request_id":"c46c268b8350a8db67bd8a8e38144d94","error":"Invalid time span. The only supported resolutions are minute|hour|day|week|month|quarter|year"}
[2025-10-21T14:25:48.504+0300] {logging_mixin.py:188} INFO - Failed to fetch data for TSLA: {"status":"ERROR","request_id":"963eba1c7bf87b76d46834129aad5eff","error":"Invalid time span. The only supported resolutions are minute|hour|day|week|month|quarter|year"}
[2025-10-21T14:25:50.011+0300] {logging_mixin.py:188} INFO - Failed to fetch data for MSFT: {"status":"ERROR","request_id":"ada0ede793f0ef9b36233959d357c042","error":"Invalid time span. The only supported resolutions are minute|hour|day|week|month|quarter|year"}
[2025-10-21T14:25:50.691+0300] {logging_mixin.py:188} INFO - Failed to fetch data for GOOGL: {"status":"ERROR","request_id":"406e63d44e1e786aa06e7ca5db5bfe9a","error":"Invalid time span. The only supported resolutions are minute|hour|day|week|month|quarter|year"}
[2025-10-21T14:25:50.692+0300] {logging_mixin.py:188} INFO - Fetched 0 new rows from 2025-10-17 20:01:00 to 2025-10-21 11:24:45.867824
[2025-10-21T14:25:53.458+0300] {python.py:237} INFO - Done. Returned value was: None
[2025-10-21T14:25:53.459+0300] {taskinstance.py:441} INFO - ::group::Post task execution logs
[2025-10-21T14:25:56.261+0300] {taskinstance.py:1206} INFO - Marking task as SUCCESS. dag_id=stock_etl, task_id=extract_task, run_id=manual__2025-10-21T11:23:57.601123+00:00, execution_date=20251021T112357, start_date=20251021T112455, end_date=20251021T112556
[2025-10-21T14:25:57.937+0300] {local_task_job_runner.py:243} INFO - Task exited with return code 0
[2025-10-21T14:26:05.002+0300] {taskinstance.py:3503} INFO - 1 downstream tasks scheduled from follow-on schedule check
[2025-10-21T14:26:05.314+0300] {local_task_job_runner.py:222} INFO - ::endgroup::
