[2025-10-15T15:56:23.683+0000] {local_task_job_runner.py:120} INFO - ::group::Pre task execution logs
[2025-10-15T15:56:23.718+0000] {taskinstance.py:2076} INFO - Dependencies all met for dep_context=non-requeueable deps ti=<TaskInstance: stock_market_etl.extract_task manual__2025-10-15T15:56:21.888532+00:00 [queued]>
[2025-10-15T15:56:23.727+0000] {taskinstance.py:2076} INFO - Dependencies all met for dep_context=requeueable deps ti=<TaskInstance: stock_market_etl.extract_task manual__2025-10-15T15:56:21.888532+00:00 [queued]>
[2025-10-15T15:56:23.727+0000] {taskinstance.py:2306} INFO - Starting attempt 1 of 4
[2025-10-15T15:56:23.780+0000] {taskinstance.py:2330} INFO - Executing <Task(PythonOperator): extract_task> on 2025-10-15 15:56:21.888532+00:00
[2025-10-15T15:56:23.811+0000] {standard_task_runner.py:90} INFO - Running: ['***', 'tasks', 'run', 'stock_market_etl', 'extract_task', 'manual__2025-10-15T15:56:21.888532+00:00', '--job-id', '68', '--raw', '--subdir', 'DAGS_FOLDER/stock_etl_dag.py', '--cfg-path', '/tmp/tmppzgerus9']
[2025-10-15T15:56:23.818+0000] {standard_task_runner.py:91} INFO - Job 68: Subtask extract_task
[2025-10-15T15:56:23.824+0000] {logging_mixin.py:188} WARNING - /home/***/.local/lib/python3.12/site-packages/***/task/task_runner/standard_task_runner.py:62 DeprecationWarning: This process (pid=229) is multi-threaded, use of fork() may lead to deadlocks in the child.
[2025-10-15T15:56:23.825+0000] {standard_task_runner.py:64} INFO - Started process 231 to run task
[2025-10-15T15:56:23.938+0000] {task_command.py:426} INFO - Running <TaskInstance: stock_market_etl.extract_task manual__2025-10-15T15:56:21.888532+00:00 [running]> on host 963b21de5f97
[2025-10-15T15:56:24.170+0000] {taskinstance.py:2648} INFO - Exporting env vars: AIRFLOW_CTX_DAG_OWNER='***' AIRFLOW_CTX_DAG_ID='stock_market_etl' AIRFLOW_CTX_TASK_ID='extract_task' AIRFLOW_CTX_EXECUTION_DATE='2025-10-15T15:56:21.888532+00:00' AIRFLOW_CTX_TRY_NUMBER='1' AIRFLOW_CTX_DAG_RUN_ID='manual__2025-10-15T15:56:21.888532+00:00'
[2025-10-15T15:56:24.171+0000] {taskinstance.py:430} INFO - ::endgroup::
[2025-10-15T15:56:24.183+0000] {stock_etl_dag.py:24} INFO - Fetching data from Polygon API...
[2025-10-15T15:56:25.430+0000] {stock_etl_dag.py:37} INFO - Fetched 10 records.
[2025-10-15T15:56:25.430+0000] {python.py:237} INFO - Done. Returned value was: None
[2025-10-15T15:56:25.431+0000] {taskinstance.py:441} INFO - ::group::Post task execution logs
[2025-10-15T15:56:25.720+0000] {taskinstance.py:1206} INFO - Marking task as SUCCESS. dag_id=stock_market_etl, task_id=extract_task, run_id=manual__2025-10-15T15:56:21.888532+00:00, execution_date=20251015T155621, start_date=20251015T155623, end_date=20251015T155625
[2025-10-15T15:56:25.849+0000] {local_task_job_runner.py:243} INFO - Task exited with return code 0
[2025-10-15T15:56:25.873+0000] {taskinstance.py:3503} INFO - 1 downstream tasks scheduled from follow-on schedule check
[2025-10-15T15:56:25.920+0000] {local_task_job_runner.py:222} INFO - ::endgroup::
