[2025-10-20T23:46:38.400+0300] {local_task_job_runner.py:120} INFO - ::group::Pre task execution logs
[2025-10-20T23:46:42.344+0300] {taskinstance.py:2076} INFO - Dependencies all met for dep_context=non-requeueable deps ti=<TaskInstance: stock_etl.extract_task manual__2025-10-20T20:45:45.299400+00:00 [queued]>
[2025-10-20T23:46:47.766+0300] {taskinstance.py:2076} INFO - Dependencies all met for dep_context=requeueable deps ti=<TaskInstance: stock_etl.extract_task manual__2025-10-20T20:45:45.299400+00:00 [queued]>
[2025-10-20T23:46:47.767+0300] {taskinstance.py:2306} INFO - Starting attempt 1 of 4
[2025-10-20T23:46:49.364+0300] {taskinstance.py:2330} INFO - Executing <Task(PythonOperator): extract_task> on 2025-10-20 20:45:45.299400+00:00
[2025-10-20T23:46:49.530+0300] {standard_task_runner.py:90} INFO - Running: ['airflow', 'tasks', 'run', 'stock_etl', 'extract_task', 'manual__2025-10-20T20:45:45.299400+00:00', '--job-id', '101', '--raw', '--subdir', 'DAGS_FOLDER/stock_etl_dag.py', '--cfg-path', '/tmp/tmpibhe2_ix']
[2025-10-20T23:46:49.577+0300] {standard_task_runner.py:91} INFO - Job 101: Subtask extract_task
[2025-10-20T23:46:49.585+0300] {logging_mixin.py:188} WARNING - /home/airflow/.local/lib/python3.12/site-packages/airflow/task/task_runner/standard_task_runner.py:62 DeprecationWarning: This process (pid=248) is multi-threaded, use of fork() may lead to deadlocks in the child.
[2025-10-20T23:46:49.588+0300] {standard_task_runner.py:64} INFO - Started process 256 to run task
[2025-10-20T23:47:01.978+0300] {task_command.py:426} INFO - Running <TaskInstance: stock_etl.extract_task manual__2025-10-20T20:45:45.299400+00:00 [running]> on host 50bcd08601d7
[2025-10-20T23:47:18.838+0300] {taskinstance.py:2648} INFO - Exporting env vars: AIRFLOW_CTX_DAG_OWNER='airflow' AIRFLOW_CTX_DAG_ID='stock_etl' AIRFLOW_CTX_TASK_ID='extract_task' AIRFLOW_CTX_EXECUTION_DATE='2025-10-20T20:45:45.299400+00:00' AIRFLOW_CTX_TRY_NUMBER='1' AIRFLOW_CTX_DAG_RUN_ID='manual__2025-10-20T20:45:45.299400+00:00'
[2025-10-20T23:47:18.849+0300] {taskinstance.py:430} INFO - ::endgroup::
[2025-10-20T23:47:24.901+0300] {logging_mixin.py:188} INFO - Failed to fetch data for NVDA: {"status":"ERROR","request_id":"2fad5b47a7847dea972ebf8e6dc6f13c","error":"Invalid time span. The only supported resolutions are minute|hour|day|week|month|quarter|year"}
[2025-10-20T23:47:26.437+0300] {logging_mixin.py:188} INFO - Failed to fetch data for TSLA: {"status":"ERROR","request_id":"fc83d42dafb86e41000a0bbc9825eda5","error":"Invalid time span. The only supported resolutions are minute|hour|day|week|month|quarter|year"}
[2025-10-20T23:47:27.147+0300] {logging_mixin.py:188} INFO - Failed to fetch data for MSFT: {"status":"ERROR","request_id":"35451baa8a3d36faee3ccc76f40580f7","error":"Invalid time span. The only supported resolutions are minute|hour|day|week|month|quarter|year"}
[2025-10-20T23:47:29.083+0300] {logging_mixin.py:188} INFO - Failed to fetch data for GOOGL: {"status":"ERROR","request_id":"7cfc51320b4f4893492138a418cba5b9","error":"Invalid time span. The only supported resolutions are minute|hour|day|week|month|quarter|year"}
[2025-10-20T23:47:31.837+0300] {python.py:237} INFO - Done. Returned value was: None
[2025-10-20T23:47:31.839+0300] {taskinstance.py:441} INFO - ::group::Post task execution logs
[2025-10-20T23:47:34.455+0300] {taskinstance.py:1206} INFO - Marking task as SUCCESS. dag_id=stock_etl, task_id=extract_task, run_id=manual__2025-10-20T20:45:45.299400+00:00, execution_date=20251020T204545, start_date=20251020T204642, end_date=20251020T204734
[2025-10-20T23:47:40.637+0300] {local_task_job_runner.py:243} INFO - Task exited with return code 0
[2025-10-20T23:47:44.278+0300] {taskinstance.py:3503} INFO - 1 downstream tasks scheduled from follow-on schedule check
[2025-10-20T23:47:44.523+0300] {local_task_job_runner.py:222} INFO - ::endgroup::
