[2025-10-20T13:19:17.049+0000] {local_task_job_runner.py:120} INFO - ::group::Pre task execution logs
[2025-10-20T13:19:20.206+0000] {taskinstance.py:2076} INFO - Dependencies all met for dep_context=non-requeueable deps ti=<TaskInstance: stock_etl.fetch_task manual__2025-10-20T13:18:29+00:00 [queued]>
[2025-10-20T13:19:21.510+0000] {taskinstance.py:2076} INFO - Dependencies all met for dep_context=requeueable deps ti=<TaskInstance: stock_etl.fetch_task manual__2025-10-20T13:18:29+00:00 [queued]>
[2025-10-20T13:19:21.513+0000] {taskinstance.py:2306} INFO - Starting attempt 1 of 2
[2025-10-20T13:19:23.412+0000] {taskinstance.py:2330} INFO - Executing <Task(PythonOperator): fetch_task> on 2025-10-20 13:18:29+00:00
[2025-10-20T13:19:23.814+0000] {logging_mixin.py:188} WARNING - /home/airflow/.local/lib/python3.12/site-packages/airflow/task/task_runner/standard_task_runner.py:62 DeprecationWarning: This process (pid=221) is multi-threaded, use of fork() may lead to deadlocks in the child.
[2025-10-20T13:19:23.855+0000] {standard_task_runner.py:64} INFO - Started process 227 to run task
[2025-10-20T13:19:23.816+0000] {standard_task_runner.py:90} INFO - Running: ['airflow', 'tasks', 'run', 'stock_etl', 'fetch_task', 'manual__2025-10-20T13:18:29+00:00', '--job-id', '34', '--raw', '--subdir', 'DAGS_FOLDER/stock_etl_dag.py', '--cfg-path', '/tmp/tmp0hn7r1yx']
[2025-10-20T13:19:23.874+0000] {standard_task_runner.py:91} INFO - Job 34: Subtask fetch_task
[2025-10-20T13:19:42.608+0000] {task_command.py:426} INFO - Running <TaskInstance: stock_etl.fetch_task manual__2025-10-20T13:18:29+00:00 [running]> on host 7c69cd8a671d
[2025-10-20T13:20:00.090+0000] {taskinstance.py:2648} INFO - Exporting env vars: AIRFLOW_CTX_DAG_OWNER='airflow' AIRFLOW_CTX_DAG_ID='stock_etl' AIRFLOW_CTX_TASK_ID='fetch_task' AIRFLOW_CTX_EXECUTION_DATE='2025-10-20T13:18:29+00:00' AIRFLOW_CTX_TRY_NUMBER='1' AIRFLOW_CTX_DAG_RUN_ID='manual__2025-10-20T13:18:29+00:00'
[2025-10-20T13:20:00.094+0000] {taskinstance.py:430} INFO - ::endgroup::
[2025-10-20T13:20:00.565+0000] {stock_etl_dag.py:29} INFO - Fetching data for NVDA
[2025-10-20T13:20:03.423+0000] {stock_etl_dag.py:29} INFO - Fetching data for TSLA
[2025-10-20T13:20:05.418+0000] {stock_etl_dag.py:29} INFO - Fetching data for MSFT
[2025-10-20T13:20:06.117+0000] {stock_etl_dag.py:29} INFO - Fetching data for GOOGL
[2025-10-20T13:20:16.106+0000] {stock_etl_dag.py:46} INFO - Fetched data for all tickers successfully.
[2025-10-20T13:20:16.109+0000] {python.py:237} INFO - Done. Returned value was: None
[2025-10-20T13:20:16.112+0000] {taskinstance.py:441} INFO - ::group::Post task execution logs
[2025-10-20T13:20:20.728+0000] {taskinstance.py:1206} INFO - Marking task as SUCCESS. dag_id=stock_etl, task_id=fetch_task, run_id=manual__2025-10-20T13:18:29+00:00, execution_date=20251020T131829, start_date=20251020T131920, end_date=20251020T132020
[2025-10-20T13:20:36.472+0000] {local_task_job_runner.py:243} INFO - Task exited with return code 0
[2025-10-20T13:20:40.142+0000] {taskinstance.py:3503} INFO - 1 downstream tasks scheduled from follow-on schedule check
[2025-10-20T13:20:40.477+0000] {local_task_job_runner.py:222} INFO - ::endgroup::
