[2025-10-21T14:45:42.792+0300] {local_task_job_runner.py:120} INFO - ::group::Pre task execution logs
[2025-10-21T14:45:45.108+0300] {taskinstance.py:2076} INFO - Dependencies all met for dep_context=non-requeueable deps ti=<TaskInstance: stock_etl.extract_task scheduled__2025-10-21T10:00:00+00:00 [queued]>
[2025-10-21T14:45:46.118+0300] {taskinstance.py:2076} INFO - Dependencies all met for dep_context=requeueable deps ti=<TaskInstance: stock_etl.extract_task scheduled__2025-10-21T10:00:00+00:00 [queued]>
[2025-10-21T14:45:46.119+0300] {taskinstance.py:2306} INFO - Starting attempt 1 of 4
[2025-10-21T14:45:47.381+0300] {taskinstance.py:2330} INFO - Executing <Task(PythonOperator): extract_task> on 2025-10-21 10:00:00+00:00
[2025-10-21T14:45:47.401+0300] {standard_task_runner.py:90} INFO - Running: ['airflow', 'tasks', 'run', 'stock_etl', 'extract_task', 'scheduled__2025-10-21T10:00:00+00:00', '--job-id', '153', '--raw', '--subdir', 'DAGS_FOLDER/stock_etl_dag.py', '--cfg-path', '/tmp/tmp4tj_w01h']
[2025-10-21T14:45:47.407+0300] {standard_task_runner.py:91} INFO - Job 153: Subtask extract_task
[2025-10-21T14:45:47.408+0300] {logging_mixin.py:188} WARNING - /home/airflow/.local/lib/python3.12/site-packages/airflow/task/task_runner/standard_task_runner.py:62 DeprecationWarning: This process (pid=161) is multi-threaded, use of fork() may lead to deadlocks in the child.
[2025-10-21T14:45:47.409+0300] {standard_task_runner.py:64} INFO - Started process 169 to run task
[2025-10-21T14:45:56.886+0300] {task_command.py:426} INFO - Running <TaskInstance: stock_etl.extract_task scheduled__2025-10-21T10:00:00+00:00 [running]> on host 18c570c15574
[2025-10-21T14:46:16.340+0300] {taskinstance.py:2648} INFO - Exporting env vars: AIRFLOW_CTX_DAG_OWNER='airflow' AIRFLOW_CTX_DAG_ID='stock_etl' AIRFLOW_CTX_TASK_ID='extract_task' AIRFLOW_CTX_EXECUTION_DATE='2025-10-21T10:00:00+00:00' AIRFLOW_CTX_TRY_NUMBER='1' AIRFLOW_CTX_DAG_RUN_ID='scheduled__2025-10-21T10:00:00+00:00'
[2025-10-21T14:46:16.342+0300] {taskinstance.py:430} INFO - ::endgroup::
[2025-10-21T14:46:17.129+0300] {logging_mixin.py:188} INFO - ❌ Failed to fetch data for NVDA: {"status":"ERROR","request_id":"813f5e31810816a97f4ffe9620f868dc","error":"Invalid time span. The only supported resolutions are minute|hour|day|week|month|quarter|year"}
[2025-10-21T14:46:17.826+0300] {logging_mixin.py:188} INFO - ❌ Failed to fetch data for TSLA: {"status":"ERROR","request_id":"51f59b5d7f408acb9dd5726a3272d814","error":"Invalid time span. The only supported resolutions are minute|hour|day|week|month|quarter|year"}
[2025-10-21T14:46:18.514+0300] {logging_mixin.py:188} INFO - ❌ Failed to fetch data for MSFT: {"status":"ERROR","request_id":"6073bb15122a3b7afba3a41723fb502f","error":"Invalid time span. The only supported resolutions are minute|hour|day|week|month|quarter|year"}
[2025-10-21T14:46:19.190+0300] {logging_mixin.py:188} INFO - ❌ Failed to fetch data for GOOGL: {"status":"ERROR","request_id":"6b4d130c9a196b29a320f7a7c5a75c54","error":"Invalid time span. The only supported resolutions are minute|hour|day|week|month|quarter|year"}
[2025-10-21T14:46:19.192+0300] {logging_mixin.py:188} INFO - Fetched 0 rows from 2025-10-17 00:00:00 to 2025-10-21 11:46:16.414617
[2025-10-21T14:46:23.436+0300] {python.py:237} INFO - Done. Returned value was: None
[2025-10-21T14:46:23.438+0300] {taskinstance.py:441} INFO - ::group::Post task execution logs
[2025-10-21T14:46:26.284+0300] {taskinstance.py:1206} INFO - Marking task as SUCCESS. dag_id=stock_etl, task_id=extract_task, run_id=scheduled__2025-10-21T10:00:00+00:00, execution_date=20251021T100000, start_date=20251021T114545, end_date=20251021T114626
[2025-10-21T14:46:28.241+0300] {local_task_job_runner.py:243} INFO - Task exited with return code 0
[2025-10-21T14:46:32.724+0300] {local_task_job_runner.py:222} INFO - ::endgroup::
