[2025-10-15T15:41:49.070+0000] {local_task_job_runner.py:120} INFO - ::group::Pre task execution logs
[2025-10-15T15:41:49.169+0000] {taskinstance.py:2076} INFO - Dependencies all met for dep_context=non-requeueable deps ti=<TaskInstance: stock_market_etl.extract_task manual__2025-10-15T15:41:46.168298+00:00 [queued]>
[2025-10-15T15:41:49.184+0000] {taskinstance.py:2076} INFO - Dependencies all met for dep_context=requeueable deps ti=<TaskInstance: stock_market_etl.extract_task manual__2025-10-15T15:41:46.168298+00:00 [queued]>
[2025-10-15T15:41:49.184+0000] {taskinstance.py:2306} INFO - Starting attempt 1 of 4
[2025-10-15T15:41:49.218+0000] {taskinstance.py:2330} INFO - Executing <Task(PythonOperator): extract_task> on 2025-10-15 15:41:46.168298+00:00
[2025-10-15T15:41:49.237+0000] {standard_task_runner.py:90} INFO - Running: ['***', 'tasks', 'run', 'stock_market_etl', 'extract_task', 'manual__2025-10-15T15:41:46.168298+00:00', '--job-id', '56', '--raw', '--subdir', 'DAGS_FOLDER/stock_etl_dag.py', '--cfg-path', '/tmp/tmp5cnneq5i']
[2025-10-15T15:41:49.243+0000] {standard_task_runner.py:91} INFO - Job 56: Subtask extract_task
[2025-10-15T15:41:49.266+0000] {logging_mixin.py:188} WARNING - /home/***/.local/lib/python3.12/site-packages/***/task/task_runner/standard_task_runner.py:62 DeprecationWarning: This process (pid=244) is multi-threaded, use of fork() may lead to deadlocks in the child.
[2025-10-15T15:41:49.268+0000] {standard_task_runner.py:64} INFO - Started process 246 to run task
[2025-10-15T15:41:49.495+0000] {task_command.py:426} INFO - Running <TaskInstance: stock_market_etl.extract_task manual__2025-10-15T15:41:46.168298+00:00 [running]> on host 6d6c81451578
[2025-10-15T15:41:49.753+0000] {taskinstance.py:2648} INFO - Exporting env vars: AIRFLOW_CTX_DAG_OWNER='***' AIRFLOW_CTX_DAG_ID='stock_market_etl' AIRFLOW_CTX_TASK_ID='extract_task' AIRFLOW_CTX_EXECUTION_DATE='2025-10-15T15:41:46.168298+00:00' AIRFLOW_CTX_TRY_NUMBER='1' AIRFLOW_CTX_DAG_RUN_ID='manual__2025-10-15T15:41:46.168298+00:00'
[2025-10-15T15:41:49.755+0000] {taskinstance.py:430} INFO - ::endgroup::
[2025-10-15T15:41:49.813+0000] {stock_etl_dag.py:24} INFO - Fetching data from Polygon API...
[2025-10-15T15:41:50.816+0000] {stock_etl_dag.py:37} INFO - Fetched 10 records.
[2025-10-15T15:41:50.817+0000] {python.py:237} INFO - Done. Returned value was: None
[2025-10-15T15:41:50.818+0000] {taskinstance.py:441} INFO - ::group::Post task execution logs
[2025-10-15T15:41:50.838+0000] {taskinstance.py:1206} INFO - Marking task as SUCCESS. dag_id=stock_market_etl, task_id=extract_task, run_id=manual__2025-10-15T15:41:46.168298+00:00, execution_date=20251015T154146, start_date=20251015T154149, end_date=20251015T154150
[2025-10-15T15:41:56.870+0000] {local_task_job_runner.py:243} INFO - Task exited with return code 0
[2025-10-15T15:41:56.928+0000] {taskinstance.py:3503} INFO - 1 downstream tasks scheduled from follow-on schedule check
[2025-10-15T15:41:56.933+0000] {local_task_job_runner.py:222} INFO - ::endgroup::
