[2025-10-17T14:43:19.697+0000] {local_task_job_runner.py:120} INFO - ::group::Pre task execution logs
[2025-10-17T14:43:21.396+0000] {taskinstance.py:2076} INFO - Dependencies all met for dep_context=non-requeueable deps ti=<TaskInstance: stock_market_etl.extract_task scheduled__2025-10-16T00:00:00+00:00 [queued]>
[2025-10-17T14:43:21.895+0000] {taskinstance.py:2076} INFO - Dependencies all met for dep_context=requeueable deps ti=<TaskInstance: stock_market_etl.extract_task scheduled__2025-10-16T00:00:00+00:00 [queued]>
[2025-10-17T14:43:21.906+0000] {taskinstance.py:2306} INFO - Starting attempt 1 of 4
[2025-10-17T14:43:22.240+0000] {taskinstance.py:2330} INFO - Executing <Task(PythonOperator): extract_task> on 2025-10-16 00:00:00+00:00
[2025-10-17T14:43:23.008+0000] {logging_mixin.py:188} WARNING - /home/***/.local/lib/python3.12/site-packages/***/task/task_runner/standard_task_runner.py:62 DeprecationWarning: This process (pid=163) is multi-threaded, use of fork() may lead to deadlocks in the child.
[2025-10-17T14:43:22.968+0000] {standard_task_runner.py:90} INFO - Running: ['***', 'tasks', 'run', 'stock_market_etl', 'extract_task', 'scheduled__2025-10-16T00:00:00+00:00', '--job-id', '89', '--raw', '--subdir', 'DAGS_FOLDER/stock_etl_dag.py', '--cfg-path', '/tmp/tmpskoqyjvy']
[2025-10-17T14:43:23.024+0000] {standard_task_runner.py:64} INFO - Started process 168 to run task
[2025-10-17T14:43:23.023+0000] {standard_task_runner.py:91} INFO - Job 89: Subtask extract_task
[2025-10-17T14:43:23.826+0000] {task_command.py:426} INFO - Running <TaskInstance: stock_market_etl.extract_task scheduled__2025-10-16T00:00:00+00:00 [running]> on host 7ed111c059a0
[2025-10-17T14:43:40.632+0000] {taskinstance.py:2648} INFO - Exporting env vars: AIRFLOW_CTX_DAG_OWNER='***' AIRFLOW_CTX_DAG_ID='stock_market_etl' AIRFLOW_CTX_TASK_ID='extract_task' AIRFLOW_CTX_EXECUTION_DATE='2025-10-16T00:00:00+00:00' AIRFLOW_CTX_TRY_NUMBER='1' AIRFLOW_CTX_DAG_RUN_ID='scheduled__2025-10-16T00:00:00+00:00'
[2025-10-17T14:43:40.644+0000] {taskinstance.py:430} INFO - ::endgroup::
[2025-10-17T14:43:40.881+0000] {stock_etl_dag.py:24} INFO - Fetching data from Polygon API...
[2025-10-17T14:43:43.206+0000] {stock_etl_dag.py:37} INFO - Fetched 10 records.
[2025-10-17T14:43:43.216+0000] {python.py:237} INFO - Done. Returned value was: None
[2025-10-17T14:43:43.217+0000] {taskinstance.py:441} INFO - ::group::Post task execution logs
[2025-10-17T14:43:43.263+0000] {taskinstance.py:1206} INFO - Marking task as SUCCESS. dag_id=stock_market_etl, task_id=extract_task, run_id=scheduled__2025-10-16T00:00:00+00:00, execution_date=20251016T000000, start_date=20251017T144321, end_date=20251017T144343
[2025-10-17T14:43:43.553+0000] {local_task_job_runner.py:243} INFO - Task exited with return code 0
[2025-10-17T14:43:43.694+0000] {taskinstance.py:3503} INFO - 1 downstream tasks scheduled from follow-on schedule check
[2025-10-17T14:43:43.719+0000] {local_task_job_runner.py:222} INFO - ::endgroup::
