[2025-10-20T18:19:12.285+0300] {local_task_job_runner.py:120} INFO - ::group::Pre task execution logs
[2025-10-20T18:19:14.710+0300] {taskinstance.py:2076} INFO - Dependencies all met for dep_context=non-requeueable deps ti=<TaskInstance: stock_etl.fetch_task manual__2025-10-20T15:17:54.394637+00:00 [queued]>
[2025-10-20T18:19:15.742+0300] {taskinstance.py:2076} INFO - Dependencies all met for dep_context=requeueable deps ti=<TaskInstance: stock_etl.fetch_task manual__2025-10-20T15:17:54.394637+00:00 [queued]>
[2025-10-20T18:19:15.743+0300] {taskinstance.py:2306} INFO - Starting attempt 1 of 2
[2025-10-20T18:19:17.037+0300] {taskinstance.py:2330} INFO - Executing <Task(PythonOperator): fetch_task> on 2025-10-20 15:17:54.394637+00:00
[2025-10-20T18:19:17.152+0300] {standard_task_runner.py:90} INFO - Running: ['airflow', 'tasks', 'run', 'stock_etl', 'fetch_task', 'manual__2025-10-20T15:17:54.394637+00:00', '--job-id', '65', '--raw', '--subdir', 'DAGS_FOLDER/stock_etl_dag.py', '--cfg-path', '/tmp/tmpygu_37o9']
[2025-10-20T18:19:17.237+0300] {standard_task_runner.py:91} INFO - Job 65: Subtask fetch_task
[2025-10-20T18:19:17.285+0300] {logging_mixin.py:188} WARNING - /home/airflow/.local/lib/python3.12/site-packages/airflow/task/task_runner/standard_task_runner.py:62 DeprecationWarning: This process (pid=394) is multi-threaded, use of fork() may lead to deadlocks in the child.
[2025-10-20T18:19:17.291+0300] {standard_task_runner.py:64} INFO - Started process 400 to run task
[2025-10-20T18:19:25.807+0300] {task_command.py:426} INFO - Running <TaskInstance: stock_etl.fetch_task manual__2025-10-20T15:17:54.394637+00:00 [running]> on host 35ffa1457b59
[2025-10-20T18:19:44.261+0300] {taskinstance.py:2648} INFO - Exporting env vars: AIRFLOW_CTX_DAG_OWNER='airflow' AIRFLOW_CTX_DAG_ID='stock_etl' AIRFLOW_CTX_TASK_ID='fetch_task' AIRFLOW_CTX_EXECUTION_DATE='2025-10-20T15:17:54.394637+00:00' AIRFLOW_CTX_TRY_NUMBER='1' AIRFLOW_CTX_DAG_RUN_ID='manual__2025-10-20T15:17:54.394637+00:00'
[2025-10-20T18:19:44.269+0300] {taskinstance.py:430} INFO - ::endgroup::
[2025-10-20T18:19:44.430+0300] {stock_etl_dag.py:33} INFO - Fetching data for NVDA from Polygon API...
[2025-10-20T18:19:46.130+0300] {stock_etl_dag.py:33} INFO - Fetching data for TSLA from Polygon API...
[2025-10-20T18:19:47.522+0300] {stock_etl_dag.py:33} INFO - Fetching data for MSFT from Polygon API...
[2025-10-20T18:19:48.181+0300] {stock_etl_dag.py:33} INFO - Fetching data for GOOGL from Polygon API...
[2025-10-20T18:19:53.527+0300] {stock_etl_dag.py:41} INFO - Fetched data for 4 tickers successfully.
[2025-10-20T18:19:53.530+0300] {python.py:237} INFO - Done. Returned value was: None
[2025-10-20T18:19:53.533+0300] {taskinstance.py:441} INFO - ::group::Post task execution logs
[2025-10-20T18:19:58.807+0300] {taskinstance.py:1206} INFO - Marking task as SUCCESS. dag_id=stock_etl, task_id=fetch_task, run_id=manual__2025-10-20T15:17:54.394637+00:00, execution_date=20251020T151754, start_date=20251020T151914, end_date=20251020T151958
[2025-10-20T18:20:00.514+0300] {local_task_job_runner.py:243} INFO - Task exited with return code 0
[2025-10-20T18:20:03.428+0300] {taskinstance.py:3503} INFO - 1 downstream tasks scheduled from follow-on schedule check
[2025-10-20T18:20:03.676+0300] {local_task_job_runner.py:222} INFO - ::endgroup::
