[2025-10-20T16:48:23.059+0300] {local_task_job_runner.py:120} INFO - ::group::Pre task execution logs
[2025-10-20T16:48:28.039+0300] {taskinstance.py:2076} INFO - Dependencies all met for dep_context=non-requeueable deps ti=<TaskInstance: stock_etl.transform_MSFT manual__2025-10-20T13:45:40+00:00 [queued]>
[2025-10-20T16:48:30.834+0300] {taskinstance.py:2076} INFO - Dependencies all met for dep_context=requeueable deps ti=<TaskInstance: stock_etl.transform_MSFT manual__2025-10-20T13:45:40+00:00 [queued]>
[2025-10-20T16:48:30.835+0300] {taskinstance.py:2306} INFO - Starting attempt 1 of 2
[2025-10-20T16:48:32.696+0300] {taskinstance.py:2330} INFO - Executing <Task(PythonOperator): transform_MSFT> on 2025-10-20 13:45:40+00:00
[2025-10-20T16:48:32.908+0300] {standard_task_runner.py:90} INFO - Running: ['airflow', 'tasks', 'run', 'stock_etl', 'transform_MSFT', 'manual__2025-10-20T13:45:40+00:00', '--job-id', '46', '--raw', '--subdir', 'DAGS_FOLDER/stock_etl_dag.py', '--cfg-path', '/tmp/tmp5e68xute']
[2025-10-20T16:48:33.024+0300] {standard_task_runner.py:91} INFO - Job 46: Subtask transform_MSFT
[2025-10-20T16:48:33.048+0300] {logging_mixin.py:188} WARNING - /home/airflow/.local/lib/python3.12/site-packages/airflow/task/task_runner/standard_task_runner.py:62 DeprecationWarning: This process (pid=222) is multi-threaded, use of fork() may lead to deadlocks in the child.
[2025-10-20T16:48:33.049+0300] {standard_task_runner.py:64} INFO - Started process 235 to run task
[2025-10-20T16:48:43.797+0300] {task_command.py:426} INFO - Running <TaskInstance: stock_etl.transform_MSFT manual__2025-10-20T13:45:40+00:00 [running]> on host 51be0a441cbc
[2025-10-20T16:49:08.239+0300] {taskinstance.py:2648} INFO - Exporting env vars: AIRFLOW_CTX_DAG_OWNER='airflow' AIRFLOW_CTX_DAG_ID='stock_etl' AIRFLOW_CTX_TASK_ID='transform_MSFT' AIRFLOW_CTX_EXECUTION_DATE='2025-10-20T13:45:40+00:00' AIRFLOW_CTX_TRY_NUMBER='1' AIRFLOW_CTX_DAG_RUN_ID='manual__2025-10-20T13:45:40+00:00'
[2025-10-20T16:49:08.265+0300] {taskinstance.py:430} INFO - ::endgroup::
[2025-10-20T16:49:11.178+0300] {logging_mixin.py:188} WARNING - /opt/airflow/dags/stock_etl_dag.py:48 FutureWarning: Passing literal json to 'read_json' is deprecated and will be removed in a future version. To read from a literal string, wrap it in a 'StringIO' object.
[2025-10-20T16:49:12.898+0300] {taskinstance.py:441} INFO - ::group::Post task execution logs
[2025-10-20T16:49:12.899+0300] {taskinstance.py:2905} ERROR - Task failed with exception
Traceback (most recent call last):
  File "/home/airflow/.local/lib/python3.12/site-packages/airflow/models/taskinstance.py", line 465, in _execute_task
    result = _execute_callable(context=context, **execute_callable_kwargs)
             ^^^^^^^^^^^^^^^^^^^^^^^^^^^^^^^^^^^^^^^^^^^^^^^^^^^^^^^^^^^^^
  File "/home/airflow/.local/lib/python3.12/site-packages/airflow/models/taskinstance.py", line 432, in _execute_callable
    return execute_callable(context=context, **execute_callable_kwargs)
           ^^^^^^^^^^^^^^^^^^^^^^^^^^^^^^^^^^^^^^^^^^^^^^^^^^^^^^^^^^^^
  File "/home/airflow/.local/lib/python3.12/site-packages/airflow/models/baseoperator.py", line 401, in wrapper
    return func(self, *args, **kwargs)
           ^^^^^^^^^^^^^^^^^^^^^^^^^^^
  File "/home/airflow/.local/lib/python3.12/site-packages/airflow/operators/python.py", line 235, in execute
    return_value = self.execute_callable()
                   ^^^^^^^^^^^^^^^^^^^^^^^
  File "/home/airflow/.local/lib/python3.12/site-packages/airflow/operators/python.py", line 252, in execute_callable
    return self.python_callable(*self.op_args, **self.op_kwargs)
           ^^^^^^^^^^^^^^^^^^^^^^^^^^^^^^^^^^^^^^^^^^^^^^^^^^^^^
  File "/opt/airflow/dags/stock_etl_dag.py", line 51, in transform_data
    if not results:
           ^^^^^^^
  File "/home/airflow/.local/lib/python3.12/site-packages/pandas/core/generic.py", line 1519, in __nonzero__
    raise ValueError(
ValueError: The truth value of a Series is ambiguous. Use a.empty, a.bool(), a.item(), a.any() or a.all().
[2025-10-20T16:49:15.847+0300] {taskinstance.py:1206} INFO - Marking task as UP_FOR_RETRY. dag_id=stock_etl, task_id=transform_MSFT, run_id=manual__2025-10-20T13:45:40+00:00, execution_date=20251020T134540, start_date=20251020T134828, end_date=20251020T134915
[2025-10-20T16:49:17.632+0300] {standard_task_runner.py:110} ERROR - Failed to execute job 46 for task transform_MSFT (The truth value of a Series is ambiguous. Use a.empty, a.bool(), a.item(), a.any() or a.all().; 235)
[2025-10-20T16:49:21.541+0300] {local_task_job_runner.py:243} INFO - Task exited with return code 1
[2025-10-20T16:49:24.458+0300] {taskinstance.py:3503} INFO - 0 downstream tasks scheduled from follow-on schedule check
[2025-10-20T16:49:24.715+0300] {local_task_job_runner.py:222} INFO - ::endgroup::
