[2025-10-20T17:25:36.585+0300] {local_task_job_runner.py:120} INFO - ::group::Pre task execution logs
[2025-10-20T17:25:40.483+0300] {taskinstance.py:2076} INFO - Dependencies all met for dep_context=non-requeueable deps ti=<TaskInstance: stock_etl.store_task manual__2025-10-20T13:45:40+00:00 [queued]>
[2025-10-20T17:25:41.748+0300] {taskinstance.py:2076} INFO - Dependencies all met for dep_context=requeueable deps ti=<TaskInstance: stock_etl.store_task manual__2025-10-20T13:45:40+00:00 [queued]>
[2025-10-20T17:25:41.749+0300] {taskinstance.py:2306} INFO - Starting attempt 1 of 2
[2025-10-20T17:25:43.475+0300] {taskinstance.py:2330} INFO - Executing <Task(PythonOperator): store_task> on 2025-10-20 13:45:40+00:00
[2025-10-20T17:25:43.496+0300] {standard_task_runner.py:90} INFO - Running: ['airflow', 'tasks', 'run', 'stock_etl', 'store_task', 'manual__2025-10-20T13:45:40+00:00', '--job-id', '61', '--raw', '--subdir', 'DAGS_FOLDER/stock_etl_dag.py', '--cfg-path', '/tmp/tmpb8zk_h1u']
[2025-10-20T17:25:43.504+0300] {standard_task_runner.py:91} INFO - Job 61: Subtask store_task
[2025-10-20T17:25:43.523+0300] {logging_mixin.py:188} WARNING - /home/airflow/.local/lib/python3.12/site-packages/airflow/task/task_runner/standard_task_runner.py:62 DeprecationWarning: This process (pid=180) is multi-threaded, use of fork() may lead to deadlocks in the child.
[2025-10-20T17:25:43.525+0300] {standard_task_runner.py:64} INFO - Started process 184 to run task
[2025-10-20T17:25:53.509+0300] {task_command.py:426} INFO - Running <TaskInstance: stock_etl.store_task manual__2025-10-20T13:45:40+00:00 [running]> on host 55da32015c2e
[2025-10-20T17:26:19.236+0300] {taskinstance.py:2648} INFO - Exporting env vars: AIRFLOW_CTX_DAG_OWNER='airflow' AIRFLOW_CTX_DAG_ID='stock_etl' AIRFLOW_CTX_TASK_ID='store_task' AIRFLOW_CTX_EXECUTION_DATE='2025-10-20T13:45:40+00:00' AIRFLOW_CTX_TRY_NUMBER='1' AIRFLOW_CTX_DAG_RUN_ID='manual__2025-10-20T13:45:40+00:00'
[2025-10-20T17:26:19.237+0300] {taskinstance.py:430} INFO - ::endgroup::
[2025-10-20T17:26:21.806+0300] {logging_mixin.py:188} WARNING - /opt/airflow/dags/stock_etl_dag.py:95 FutureWarning: Passing literal json to 'read_json' is deprecated and will be removed in a future version. To read from a literal string, wrap it in a 'StringIO' object.
[2025-10-20T17:26:27.348+0300] {stock_etl_dag.py:102} INFO - Loaded 4 records into Aiven PostgreSQL successfully.
[2025-10-20T17:26:27.348+0300] {python.py:237} INFO - Done. Returned value was: None
[2025-10-20T17:26:27.349+0300] {taskinstance.py:441} INFO - ::group::Post task execution logs
[2025-10-20T17:26:40.922+0300] {taskinstance.py:1206} INFO - Marking task as SUCCESS. dag_id=stock_etl, task_id=store_task, run_id=manual__2025-10-20T13:45:40+00:00, execution_date=20251020T134540, start_date=20251020T142540, end_date=20251020T142640
[2025-10-20T17:26:41.522+0300] {local_task_job_runner.py:124} ERROR - Received SIGTERM. Terminating subprocesses
[2025-10-20T17:26:41.528+0300] {process_utils.py:132} INFO - Sending 15 to group 184. PIDs of all processes in the group: [184]
[2025-10-20T17:26:41.529+0300] {process_utils.py:87} INFO - Sending the signal 15 to group 184
[2025-10-20T17:26:44.827+0300] {taskinstance.py:2611} ERROR - Received SIGTERM. Terminating subprocesses.
[2025-10-20T17:26:44.852+0300] {process_utils.py:80} INFO - Process psutil.Process(pid=184, status='terminated', exitcode=2, started='17:25:43') (184) terminated with exit code 2
[2025-10-20T17:26:44.853+0300] {local_task_job_runner.py:243} INFO - Task exited with return code 143
[2025-10-20T17:26:49.221+0300] {taskinstance.py:3503} INFO - 0 downstream tasks scheduled from follow-on schedule check
[2025-10-20T17:26:49.478+0300] {local_task_job_runner.py:222} INFO - ::endgroup::
