[2025-10-17T14:51:34.490+0000] {local_task_job_runner.py:120} INFO - ::group::Pre task execution logs
[2025-10-17T14:51:34.642+0000] {taskinstance.py:2076} INFO - Dependencies all met for dep_context=non-requeueable deps ti=<TaskInstance: polygon_ticker_etl.extract_task scheduled__2025-10-16T00:00:00+00:00 [queued]>
[2025-10-17T14:51:34.669+0000] {taskinstance.py:2076} INFO - Dependencies all met for dep_context=requeueable deps ti=<TaskInstance: polygon_ticker_etl.extract_task scheduled__2025-10-16T00:00:00+00:00 [queued]>
[2025-10-17T14:51:34.670+0000] {taskinstance.py:2306} INFO - Starting attempt 1 of 4
[2025-10-17T14:51:34.707+0000] {taskinstance.py:2330} INFO - Executing <Task(PythonOperator): extract_task> on 2025-10-16 00:00:00+00:00
[2025-10-17T14:51:34.726+0000] {standard_task_runner.py:90} INFO - Running: ['***', 'tasks', 'run', 'polygon_ticker_etl', 'extract_task', 'scheduled__2025-10-16T00:00:00+00:00', '--job-id', '92', '--raw', '--subdir', 'DAGS_FOLDER/stock_etl_dag.py', '--cfg-path', '/tmp/tmpinpf8xcx']
[2025-10-17T14:51:34.732+0000] {standard_task_runner.py:91} INFO - Job 92: Subtask extract_task
[2025-10-17T14:51:34.733+0000] {logging_mixin.py:188} WARNING - /home/***/.local/lib/python3.12/site-packages/***/task/task_runner/standard_task_runner.py:62 DeprecationWarning: This process (pid=247) is multi-threaded, use of fork() may lead to deadlocks in the child.
[2025-10-17T14:51:34.734+0000] {standard_task_runner.py:64} INFO - Started process 249 to run task
[2025-10-17T14:51:34.843+0000] {task_command.py:426} INFO - Running <TaskInstance: polygon_ticker_etl.extract_task scheduled__2025-10-16T00:00:00+00:00 [running]> on host 7ed111c059a0
[2025-10-17T14:51:36.261+0000] {taskinstance.py:2648} INFO - Exporting env vars: AIRFLOW_CTX_DAG_OWNER='***' AIRFLOW_CTX_DAG_ID='polygon_ticker_etl' AIRFLOW_CTX_TASK_ID='extract_task' AIRFLOW_CTX_EXECUTION_DATE='2025-10-16T00:00:00+00:00' AIRFLOW_CTX_TRY_NUMBER='1' AIRFLOW_CTX_DAG_RUN_ID='scheduled__2025-10-16T00:00:00+00:00'
[2025-10-17T14:51:36.263+0000] {taskinstance.py:430} INFO - ::endgroup::
[2025-10-17T14:51:36.480+0000] {stock_etl_dag.py:32} INFO - Fetching data from Polygon API for ticker: AAPL
[2025-10-17T14:51:39.312+0000] {stock_etl_dag.py:47} INFO - Successfully fetched ticker data.
[2025-10-17T14:51:39.327+0000] {python.py:237} INFO - Done. Returned value was: None
[2025-10-17T14:51:39.329+0000] {taskinstance.py:441} INFO - ::group::Post task execution logs
[2025-10-17T14:51:39.383+0000] {taskinstance.py:1206} INFO - Marking task as SUCCESS. dag_id=polygon_ticker_etl, task_id=extract_task, run_id=scheduled__2025-10-16T00:00:00+00:00, execution_date=20251016T000000, start_date=20251017T145134, end_date=20251017T145139
[2025-10-17T14:51:39.601+0000] {local_task_job_runner.py:243} INFO - Task exited with return code 0
[2025-10-17T14:51:39.827+0000] {taskinstance.py:3503} INFO - 1 downstream tasks scheduled from follow-on schedule check
[2025-10-17T14:51:39.832+0000] {local_task_job_runner.py:222} INFO - ::endgroup::
