[2025-10-15T16:22:28.062+0000] {local_task_job_runner.py:120} INFO - ::group::Pre task execution logs
[2025-10-15T16:22:28.181+0000] {taskinstance.py:2076} INFO - Dependencies all met for dep_context=non-requeueable deps ti=<TaskInstance: stock_market_etl.extract_task manual__2025-10-15T16:22:22.447559+00:00 [queued]>
[2025-10-15T16:22:28.206+0000] {taskinstance.py:2076} INFO - Dependencies all met for dep_context=requeueable deps ti=<TaskInstance: stock_market_etl.extract_task manual__2025-10-15T16:22:22.447559+00:00 [queued]>
[2025-10-15T16:22:28.207+0000] {taskinstance.py:2306} INFO - Starting attempt 1 of 4
[2025-10-15T16:22:28.630+0000] {taskinstance.py:2330} INFO - Executing <Task(PythonOperator): extract_task> on 2025-10-15 16:22:22.447559+00:00
[2025-10-15T16:22:28.653+0000] {standard_task_runner.py:90} INFO - Running: ['***', 'tasks', 'run', 'stock_market_etl', 'extract_task', 'manual__2025-10-15T16:22:22.447559+00:00', '--job-id', '77', '--raw', '--subdir', 'DAGS_FOLDER/stock_etl_dag.py', '--cfg-path', '/tmp/tmpuiy8wu0b']
[2025-10-15T16:22:28.665+0000] {standard_task_runner.py:91} INFO - Job 77: Subtask extract_task
[2025-10-15T16:22:28.706+0000] {logging_mixin.py:188} WARNING - /home/***/.local/lib/python3.12/site-packages/***/task/task_runner/standard_task_runner.py:62 DeprecationWarning: This process (pid=550) is multi-threaded, use of fork() may lead to deadlocks in the child.
[2025-10-15T16:22:28.708+0000] {standard_task_runner.py:64} INFO - Started process 552 to run task
[2025-10-15T16:22:29.080+0000] {task_command.py:426} INFO - Running <TaskInstance: stock_market_etl.extract_task manual__2025-10-15T16:22:22.447559+00:00 [running]> on host 963b21de5f97
[2025-10-15T16:22:30.287+0000] {taskinstance.py:2648} INFO - Exporting env vars: AIRFLOW_CTX_DAG_OWNER='***' AIRFLOW_CTX_DAG_ID='stock_market_etl' AIRFLOW_CTX_TASK_ID='extract_task' AIRFLOW_CTX_EXECUTION_DATE='2025-10-15T16:22:22.447559+00:00' AIRFLOW_CTX_TRY_NUMBER='1' AIRFLOW_CTX_DAG_RUN_ID='manual__2025-10-15T16:22:22.447559+00:00'
[2025-10-15T16:22:30.294+0000] {taskinstance.py:430} INFO - ::endgroup::
[2025-10-15T16:22:30.513+0000] {stock_etl_dag.py:24} INFO - Fetching data from Polygon API...
[2025-10-15T16:22:35.132+0000] {stock_etl_dag.py:37} INFO - Fetched 10 records.
[2025-10-15T16:22:35.136+0000] {python.py:237} INFO - Done. Returned value was: None
[2025-10-15T16:22:35.138+0000] {taskinstance.py:441} INFO - ::group::Post task execution logs
[2025-10-15T16:22:41.116+0000] {taskinstance.py:1206} INFO - Marking task as SUCCESS. dag_id=stock_market_etl, task_id=extract_task, run_id=manual__2025-10-15T16:22:22.447559+00:00, execution_date=20251015T162222, start_date=20251015T162228, end_date=20251015T162241
[2025-10-15T16:22:41.238+0000] {local_task_job_runner.py:243} INFO - Task exited with return code 0
[2025-10-15T16:22:41.346+0000] {taskinstance.py:3503} INFO - 1 downstream tasks scheduled from follow-on schedule check
[2025-10-15T16:22:41.354+0000] {local_task_job_runner.py:222} INFO - ::endgroup::
