[2025-10-20T18:48:02.623+0300] {local_task_job_runner.py:120} INFO - ::group::Pre task execution logs
[2025-10-20T18:48:05.683+0300] {taskinstance.py:2076} INFO - Dependencies all met for dep_context=non-requeueable deps ti=<TaskInstance: stock_etl.fetch_task manual__2025-10-20T15:47:08.618523+00:00 [queued]>
[2025-10-20T18:48:06.956+0300] {taskinstance.py:2076} INFO - Dependencies all met for dep_context=requeueable deps ti=<TaskInstance: stock_etl.fetch_task manual__2025-10-20T15:47:08.618523+00:00 [queued]>
[2025-10-20T18:48:06.956+0300] {taskinstance.py:2306} INFO - Starting attempt 1 of 2
[2025-10-20T18:48:08.524+0300] {taskinstance.py:2330} INFO - Executing <Task(PythonOperator): fetch_task> on 2025-10-20 15:47:08.618523+00:00
[2025-10-20T18:48:08.566+0300] {standard_task_runner.py:90} INFO - Running: ['airflow', 'tasks', 'run', 'stock_etl', 'fetch_task', 'manual__2025-10-20T15:47:08.618523+00:00', '--job-id', '72', '--raw', '--subdir', 'DAGS_FOLDER/stock_etl_dag.py', '--cfg-path', '/tmp/tmp3y3_n2t3']
[2025-10-20T18:48:08.578+0300] {standard_task_runner.py:91} INFO - Job 72: Subtask fetch_task
[2025-10-20T18:48:08.601+0300] {logging_mixin.py:188} WARNING - /home/airflow/.local/lib/python3.12/site-packages/airflow/task/task_runner/standard_task_runner.py:62 DeprecationWarning: This process (pid=627) is multi-threaded, use of fork() may lead to deadlocks in the child.
[2025-10-20T18:48:08.609+0300] {standard_task_runner.py:64} INFO - Started process 631 to run task
[2025-10-20T18:48:21.885+0300] {task_command.py:426} INFO - Running <TaskInstance: stock_etl.fetch_task manual__2025-10-20T15:47:08.618523+00:00 [running]> on host 35ffa1457b59
[2025-10-20T18:48:39.921+0300] {taskinstance.py:2648} INFO - Exporting env vars: AIRFLOW_CTX_DAG_OWNER='airflow' AIRFLOW_CTX_DAG_ID='stock_etl' AIRFLOW_CTX_TASK_ID='fetch_task' AIRFLOW_CTX_EXECUTION_DATE='2025-10-20T15:47:08.618523+00:00' AIRFLOW_CTX_TRY_NUMBER='1' AIRFLOW_CTX_DAG_RUN_ID='manual__2025-10-20T15:47:08.618523+00:00'
[2025-10-20T18:48:39.924+0300] {taskinstance.py:430} INFO - ::endgroup::
[2025-10-20T18:48:39.948+0300] {stock_etl_dag.py:33} INFO - Fetching data for NVDA from Polygon API...
[2025-10-20T18:48:41.053+0300] {stock_etl_dag.py:33} INFO - Fetching data for TSLA from Polygon API...
[2025-10-20T18:48:41.723+0300] {stock_etl_dag.py:33} INFO - Fetching data for MSFT from Polygon API...
[2025-10-20T18:48:43.715+0300] {stock_etl_dag.py:33} INFO - Fetching data for GOOGL from Polygon API...
[2025-10-20T18:48:48.465+0300] {stock_etl_dag.py:41} INFO - Fetched data for 4 tickers successfully.
[2025-10-20T18:48:48.467+0300] {python.py:237} INFO - Done. Returned value was: None
[2025-10-20T18:48:48.470+0300] {taskinstance.py:441} INFO - ::group::Post task execution logs
[2025-10-20T18:48:52.385+0300] {taskinstance.py:1206} INFO - Marking task as SUCCESS. dag_id=stock_etl, task_id=fetch_task, run_id=manual__2025-10-20T15:47:08.618523+00:00, execution_date=20251020T154708, start_date=20251020T154805, end_date=20251020T154852
[2025-10-20T18:48:55.766+0300] {local_task_job_runner.py:243} INFO - Task exited with return code 0
[2025-10-20T18:48:58.623+0300] {taskinstance.py:3503} INFO - 1 downstream tasks scheduled from follow-on schedule check
[2025-10-20T18:48:58.873+0300] {local_task_job_runner.py:222} INFO - ::endgroup::
